Name, BaseDamage, BaseDamageType, AreaDamageType, DetDamageType, ShieldDamageType, LargeGridModifier, SmallGridModifier, ArmorModifier, LightArmorModifier, HeavyArmorModifier, NonArmorModifier, ShieldsModifier, ShieldBypass, FragmentName, FragmentQuanty, FragmentDegrees, BBHRadius, BBHDamage, BBHDepth, BBHMaxAbsorb, BBHFalloff, EOLRadius, EOLDamage, EOLDepth, EOLMaxAbsorb, EOLFalloff, AccelPerSec, MaxSpeed, MaxTrajectory, MaxLifeTime
25mm NATO, 90, Kinetic, Kinetic, Kinetic, Kinetic, -1, -1, -1, -1, -1, -1, -1, -1, None, 0, 0, 0, 0, 0, 0, NoFallOff, 0, 0, 0, 0, NoFallOff, 0, 400, 800, 300
25mm NATO, 90, Kinetic, Kinetic, Kinetic, Kinetic, -1, -1, -1, -1, -1, -1, -1, -1, None, 0, 0, 0, 0, 0, 0, NoFallOff, 0, 0, 0, 0, NoFallOff, 0, 400, 800, 300
25mm NATO, 90, Kinetic, Kinetic, Kinetic, Kinetic, -1, -1, -1, -1, -1, -1, -1, -1, None, 0, 0, 0, 0, 0, 0, NoFallOff, 0, 0, 0, 0, NoFallOff, 0, 400, 800, 300
25mm NATO, 90, Kinetic, Kinetic, Kinetic, Kinetic, -1, -1, -1, -1, -1, -1, -1, -1, None, 0, 0, 0, 0, 0, 0, NoFallOff, 0, 0, 0, 0, NoFallOff, 0, 400, 800, 300
200mm Missile, 1, Kinetic, Kinetic, Kinetic, Kinetic, -1, -1, -1, -1, -1, -1, -1, -1, None, 0, 0, 0, 0, 0, 0, NoFallOff, 4, 500, 1, 0, Linear, 600, 200, 800, 1200
200mm Missile, 1, Kinetic, Kinetic, Kinetic, Kinetic, -1, -1, -1, -1, -1, -1, -1, -1, None, 0, 0, 0, 0, 0, 0, NoFallOff, 4, 500, 1, 0, Linear, 600, 200, 800, 1200
200mm Missile, 1, Kinetic, Kinetic, Kinetic, Kinetic, -1, -1, -1, -1, -1, -1, -1, -1, None, 0, 0, 0, 0, 0, 0, NoFallOff, 4, 500, 1, 0, Linear, 600, 200, 800, 1200
200mm Missile, 1, Kinetic, Kinetic, Kinetic, Kinetic, -1, -1, -1, -1, -1, -1, -1, -1, None, 0, 0, 0, 0, 0, 0, NoFallOff, 4, 500, 1, 0, Linear, 600, 200, 800, 1200
200mm Missile, 1, Kinetic, Kinetic, Kinetic, Kinetic, -1, -1, -1, -1, -1, -1, -1, -1, None, 0, 0, 0, 0, 0, 0, NoFallOff, 4, 500, 1, 0, Linear, 600, 200, 800, 1200
200mm Missile, 1, Kinetic, Kinetic, Kinetic, Kinetic, -1, -1, -1, -1, -1, -1, -1, -1, None, 0, 0, 0, 0, 0, 0, NoFallOff, 4, 500, 1, 0, Linear, 600, 200, 800, 1200
MR-50A, 30, Kinetic, Kinetic, Kinetic, Kinetic, -1, -1, -1, 0.3, 0.1, -1, 0.2, -1, None, 0, 0, 0, 0, 0, 0, NoFallOff, 0, 0, 0, 0, NoFallOff, 0, 600, 400, 100
5.56x45mm, 30, Kinetic, Kinetic, Kinetic, Kinetic, -1, -1, -1, 0.3, 0.1, -1, 0.2, -1, None, 0, 0, 0, 0, 0, 0, NoFallOff, 0, 0, 0, 0, NoFallOff, 0, 600, 400, 100
Autocannon Shell, 500, Kinetic, Kinetic, Kinetic, Kinetic, -1, -1, -1, -1, -1, -1, -1, -1, None, 0, 0, 0, 0, 0, 0, NoFallOff, 0, 0, 0, 0, NoFallOff, 0, 400, 800, 420
Autocannon Shell, 500, Kinetic, Kinetic, Kinetic, Kinetic, -1, -1, -1, -1, -1, -1, -1, -1, None, 0, 0, 0, 0, 0, 0, NoFallOff, 0, 0, 0, 0, NoFallOff, 0, 400, 800, 420
Assault Cannon Shell, 4000, Kinetic, Kinetic, Kinetic, Kinetic, -1, -1, -1, -1, -1, -1, -1, -1, None, 0, 0, 0, 0, 0, 0, NoFallOff, 0, 0, 0, 0, NoFallOff, 0, 500, 1400, 480
Assault Cannon Shell, 4000, Kinetic, Kinetic, Kinetic, Kinetic, -1, -1, -1, -1, -1, -1, -1, -1, None, 0, 0, 0, 0, 0, 0, NoFallOff, 0, 0, 0, 0, NoFallOff, 0, 500, 1400, 480
Assault Cannon Shell, 4000, Kinetic, Kinetic, Kinetic, Kinetic, -1, -1, -1, -1, -1, -1, -1, -1, None, 0, 0, 0, 0, 0, 0, NoFallOff, 0, 0, 0, 0, NoFallOff, 0, 500, 1400, 480
Artillery Shell, 17000, Kinetic, Kinetic, Kinetic, Kinetic, -1, -1, -1, -1, -1, -1, -1, -1, None, 0, 0, 0, 0, 0, 0, NoFallOff, 0, 0, 0, 0, NoFallOff, 0, 500, 2000, 600
Artillery Shell, 17000, Kinetic, Kinetic, Kinetic, Kinetic, -1, -1, -1, -1, -1, -1, -1, -1, None, 0, 0, 0, 0, 0, 0, NoFallOff, 0, 0, 0, 0, NoFallOff, 0, 500, 2000, 600
Large Railgun Slug, 50000, Kinetic, Kinetic, Kinetic, Kinetic, -1, -1, -1, -1, -1, -1, -1, -1, None, 0, 0, 0, 0, 0, 0, NoFallOff, 0, 0, 0, 0, NoFallOff, 0, 2000, 2000, 300
Small Railgun Slug, 8000, Kinetic, Kinetic, Kinetic, Kinetic, -1, -1, -1, -1, -1, -1, -1, -1, None, 0, 0, 0, 0, 0, 0, NoFallOff, 0, 0, 0, 0, NoFallOff, 0, 1000, 1400, 300
SpotLight, 0, Energy, Energy, Energy, Energy, 0, 0, 0, 0, 0, 0, 0, 0, , 0, 0, 0, 0, 0, 0, NoFallOff, 0, 0, 0, 0, NoFallOff, 0, 1000, 3000, 3600
SpotLight, 0, Energy, Energy, Energy, Energy, 0, 0, 0, 0, 0, 0, 0, 0, , 0, 0, 0, 0, 0, 0, NoFallOff, 0, 0, 0, 0, NoFallOff, 0, 1000, 3000, 3600
Peacemaker Heavy Rockets, 5000, Energy, Energy, Energy, Energy, -1, -1, -1, -1, -1, -1, 2.2, -1.1, None, 0, 0, 0, 0, 0, 0, NoFallOff, 9, 12500, 3.5, 0, Linear, 0, 1000, 5000, 200
Priest_Ammo, 500, Kinetic, Kinetic, Kinetic, Kinetic, -1, -1, -1, 1.5, 2, -1, 3, -1, MagicFragment, 0, 15, 0, 0, 0, 0, NoFallOff, 0, 0, 0, 0, NoFallOff, 0, 3500, 2000, 900
Torp_Ammo, 1, Energy, Energy, Energy, Energy, -1, -1, -1, -1, -1, -1, 1, -1.3, TorpShrap_Ammo, 1, 0, 0, 0, 0, 0, NoFallOff, 1, 0.4, 1, 0, Pooled, 300, 90, 10000, 200
TorpShrap_Ammo, 1, Energy, Energy, Energy, Energy, -1, -1, -1, -1, -1, -1, 1, -1.3, None, 0, 0, 0, 0, 0, 0, NoFallOff, 8, 10000, 4, 0, Linear, 100, 300, 10000, 2200
Priest_Ammo, 500, Kinetic, Kinetic, Kinetic, Kinetic, -1, -1, -1, 1.5, 2, -1, 3, -1, MagicFragment, 0, 15, 0, 0, 0, 0, NoFallOff, 0, 0, 0, 0, NoFallOff, 0, 3500, 2000, 900
Type18 HE Round, 2500, Kinetic, Energy, Energy, Energy, -1, -1, -1, -1, -1, -1, 2, -1, MagicFragment, 100, 15, 0, 0, 0, 0, NoFallOff, 8, 5000, 3, 0, Linear, 0, 2000, 3000, 500
Type21 HE Round, 3000, Kinetic, Energy, Energy, Energy, -1, -1, -1, -1, -1, -1, 2, -1, MagicFragment, 100, 15, 0, 0, 0, 0, NoFallOff, 10, 7000, 3, 0, Linear, 0, 2500, 4000, 500
Type24 HE Round, 4000, Kinetic, Energy, Energy, Energy, -1, -1, -1, -1, -1, -1, 2, -1, MagicFragment, 100, 15, 0, 0, 0, 0, NoFallOff, 10, 12500, 0, 0, Linear, 0, 3000, 5000, 500
Type78 Round, 30000, Kinetic, Energy, Energy, Energy, -1, -1, -1, -1, -1, 1.5, 2, -1, MagicFragment, 100, 15, 0, 0, 0, 0, NoFallOff, 0, 0, 0, 0, NoFallOff, 0, 4000, 5000, 500
Type77 Round, 20000, Kinetic, Energy, Energy, Energy, -1, -1, -1, -1, -1, -1, 2, -1, MagicFragment, 100, 15, 0, 0, 0, 0, NoFallOff, 0, 0, 0, 0, NoFallOff, 0, 3500, 4000, 500
Type79 Round, 45000, Kinetic, Energy, Energy, Energy, -1, -1, -1, -1, -1, -1, 2, -1, None, 0, 0, 0, 0, 0, 0, NoFallOff, 0, 0, 0, 0, NoFallOff, 0, 4500, 6000, 500
Reaver Ammo, 1750, Kinetic, Energy, Energy, Kinetic, -1, -1, -1, -1, -1, -1, 3.5, -1, MagicFragment, 100, 15, 0, 0, 0, 0, NoFallOff, 6, 500, 1, 0, Linear, 0, 1000, 3000, 1800
MA_Laser_1, 50, Energy, Energy, Energy, Energy, -1, -1, -1, -1, -1, -1, 1, -2, None, 0, 0, 0, 0, 0, 0, NoFallOff, 0, 0, 0, 0, NoFallOff, 0, 30000, 2000, 0
MA_Laser_1, 50, Energy, Energy, Energy, Energy, -1, -1, -1, -1, -1, -1, 1, -2, None, 0, 0, 0, 0, 0, 0, NoFallOff, 0, 0, 0, 0, NoFallOff, 0, 30000, 2000, 0
MA_Laser_T2_Ammo, 125, Energy, Energy, Energy, Energy, -1, -1, -1, -1, -1, -1, 4, -2, None, 0, 0, 0, 0, 0, 0, NoFallOff, 0, 0, 0, 0, NoFallOff, 0, 30000, 2000, 0
MA_Laser_T2_Ammo_Decal, 0, Energy, Energy, Energy, Energy, -1, -1, -1, -1, -1, -1, 2, -2, None, 0, 0, 0, 0, 0, 0, NoFallOff, 0, 0, 0, 0, NoFallOff, 0, 30000, 4000, 0
MA_Laser_T2_Ammo, 125, Energy, Energy, Energy, Energy, -1, -1, -1, -1, -1, -1, 4, -2, None, 0, 0, 0, 0, 0, 0, NoFallOff, 0, 0, 0, 0, NoFallOff, 0, 30000, 2000, 0
MA_Laser_T2_Ammo_Decal, 0, Energy, Energy, Energy, Energy, -1, -1, -1, -1, -1, -1, 2, -2, None, 0, 0, 0, 0, 0, 0, NoFallOff, 0, 0, 0, 0, NoFallOff, 0, 30000, 4000, 0
MA_Laser_T2_Ammo, 125, Energy, Energy, Energy, Energy, -1, -1, -1, -1, -1, -1, 4, -2, None, 0, 0, 0, 0, 0, 0, NoFallOff, 0, 0, 0, 0, NoFallOff, 0, 30000, 2000, 0
MA_Laser_T2_Ammo_Decal, 0, Energy, Energy, Energy, Energy, -1, -1, -1, -1, -1, -1, 2, -2, None, 0, 0, 0, 0, 0, 0, NoFallOff, 0, 0, 0, 0, NoFallOff, 0, 30000, 4000, 0
MA_Laser_1, 50, Energy, Energy, Energy, Energy, -1, -1, -1, -1, -1, -1, 1, -2, None, 0, 0, 0, 0, 0, 0, NoFallOff, 0, 0, 0, 0, NoFallOff, 0, 30000, 2000, 0
MA_Laser_1, 50, Energy, Energy, Energy, Energy, -1, -1, -1, -1, -1, -1, 1, -2, None, 0, 0, 0, 0, 0, 0, NoFallOff, 0, 0, 0, 0, NoFallOff, 0, 30000, 2000, 0
MA_Laser_1, 50, Energy, Energy, Energy, Energy, -1, -1, -1, -1, -1, -1, 1, -2, None, 0, 0, 0, 0, 0, 0, NoFallOff, 0, 0, 0, 0, NoFallOff, 0, 30000, 2000, 0
MA_Laser_1, 50, Energy, Energy, Energy, Energy, -1, -1, -1, -1, -1, -1, 1, -2, None, 0, 0, 0, 0, 0, 0, NoFallOff, 0, 0, 0, 0, NoFallOff, 0, 30000, 2000, 0
MA_Laser_1, 50, Energy, Energy, Energy, Energy, -1, -1, -1, -1, -1, -1, 1, -2, None, 0, 0, 0, 0, 0, 0, NoFallOff, 0, 0, 0, 0, NoFallOff, 0, 30000, 2000, 0
MA_Laser_T2_Ammo, 125, Energy, Energy, Energy, Energy, -1, -1, -1, -1, -1, -1, 4, -2, None, 0, 0, 0, 0, 0, 0, NoFallOff, 0, 0, 0, 0, NoFallOff, 0, 30000, 2000, 0
MA_Laser_T2_Ammo_Decal, 0, Energy, Energy, Energy, Energy, -1, -1, -1, -1, -1, -1, 2, -2, None, 0, 0, 0, 0, 0, 0, NoFallOff, 0, 0, 0, 0, NoFallOff, 0, 30000, 4000, 0
MA_Laser_T2_Ammo, 125, Energy, Energy, Energy, Energy, -1, -1, -1, -1, -1, -1, 4, -2, None, 0, 0, 0, 0, 0, 0, NoFallOff, 0, 0, 0, 0, NoFallOff, 0, 30000, 2000, 0
MA_Laser_T2_Ammo_Decal, 0, Energy, Energy, Energy, Energy, -1, -1, -1, -1, -1, -1, 2, -2, None, 0, 0, 0, 0, 0, 0, NoFallOff, 0, 0, 0, 0, NoFallOff, 0, 30000, 4000, 0
MA_Laser_T2_Ammo, 125, Energy, Energy, Energy, Energy, -1, -1, -1, -1, -1, -1, 4, -2, None, 0, 0, 0, 0, 0, 0, NoFallOff, 0, 0, 0, 0, NoFallOff, 0, 30000, 2000, 0
MA_Laser_T2_Ammo_Decal, 0, Energy, Energy, Energy, Energy, -1, -1, -1, -1, -1, -1, 2, -2, None, 0, 0, 0, 0, 0, 0, NoFallOff, 0, 0, 0, 0, NoFallOff, 0, 30000, 4000, 0
MA_Laser_T2_Ammo, 125, Energy, Energy, Energy, Energy, -1, -1, -1, -1, -1, -1, 4, -2, None, 0, 0, 0, 0, 0, 0, NoFallOff, 0, 0, 0, 0, NoFallOff, 0, 30000, 2000, 0
MA_Laser_T2_Ammo_Decal, 0, Energy, Energy, Energy, Energy, -1, -1, -1, -1, -1, -1, 2, -2, None, 0, 0, 0, 0, 0, 0, NoFallOff, 0, 0, 0, 0, NoFallOff, 0, 30000, 4000, 0
MA_Laser_T2_Ammo, 125, Energy, Energy, Energy, Energy, -1, -1, -1, -1, -1, -1, 4, -2, None, 0, 0, 0, 0, 0, 0, NoFallOff, 0, 0, 0, 0, NoFallOff, 0, 30000, 2000, 0
MA_Laser_T2_Ammo_Decal, 0, Energy, Energy, Energy, Energy, -1, -1, -1, -1, -1, -1, 2, -2, None, 0, 0, 0, 0, 0, 0, NoFallOff, 0, 0, 0, 0, NoFallOff, 0, 30000, 4000, 0
MA_Laser_Gladius_Ammo, 275, Energy, Energy, Energy, Energy, -1, -1, -1, -1, -1, -1, 4, -2, None, 0, 0, 0, 0, 0, 0, NoFallOff, 0, 0, 0, 0, NoFallOff, 0, 30000, 3000, 0
MA_Laser_T3_Ammo_Decal, 0, Energy, Energy, Energy, Energy, -1, -1, -1, -1, -1, -1, 2, -2, None, 0, 0, 0, 0, 0, 0, NoFallOff, 0, 0, 0, 0, NoFallOff, 0, 30000, 4000, 0
MA_Meatball_Ammo, 800, Kinetic, Kinetic, Kinetic, Kinetic, -1, -1, -1, -1, -1, -1, 1.5, -1, None, 0, 0, 0, 0, 0, 0, NoFallOff, 0, 0, 0, 0, NoFallOff, 0, 1500, 2000, 240
MA_Meatball_Ammo, 800, Kinetic, Kinetic, Kinetic, Kinetic, -1, -1, -1, -1, -1, -1, 1.5, -1, None, 0, 0, 0, 0, 0, 0, NoFallOff, 0, 0, 0, 0, NoFallOff, 0, 1500, 2000, 240
MA_Meatball_Ammo, 800, Kinetic, Kinetic, Kinetic, Kinetic, -1, -1, -1, -1, -1, -1, 1.5, -1, None, 0, 0, 0, 0, 0, 0, NoFallOff, 0, 0, 0, 0, NoFallOff, 0, 1500, 2000, 240
MA_Blister_Ammo, 500, Kinetic, Kinetic, Kinetic, Kinetic, -1, -1, -1, -1, -1, -1, 1.5, -1, None, 0, 0, 0, 0, 0, 0, NoFallOff, 0, 0, 0, 0, NoFallOff, 0, 1500, 2000, 240
MA_Blister_Ammo, 500, Kinetic, Kinetic, Kinetic, Kinetic, -1, -1, -1, -1, -1, -1, 1.5, -1, None, 0, 0, 0, 0, 0, 0, NoFallOff, 0, 0, 0, 0, NoFallOff, 0, 1500, 2000, 240
MA_Blister_Ammo, 500, Kinetic, Kinetic, Kinetic, Kinetic, -1, -1, -1, -1, -1, -1, 1.5, -1, None, 0, 0, 0, 0, 0, 0, NoFallOff, 0, 0, 0, 0, NoFallOff, 0, 1500, 2000, 240
MA_Blister_Ammo, 500, Kinetic, Kinetic, Kinetic, Kinetic, -1, -1, -1, -1, -1, -1, 1.5, -1, None, 0, 0, 0, 0, 0, 0, NoFallOff, 0, 0, 0, 0, NoFallOff, 0, 1500, 2000, 240
MA_Blister_Ammo, 500, Kinetic, Kinetic, Kinetic, Kinetic, -1, -1, -1, -1, -1, -1, 1.5, -1, None, 0, 0, 0, 0, 0, 0, NoFallOff, 0, 0, 0, 0, NoFallOff, 0, 1500, 2000, 240
MA_Blister_Ammo, 500, Kinetic, Kinetic, Kinetic, Kinetic, -1, -1, -1, -1, -1, -1, 1.5, -1, None, 0, 0, 0, 0, 0, 0, NoFallOff, 0, 0, 0, 0, NoFallOff, 0, 1500, 2000, 240
MA_Blister_Ammo, 500, Kinetic, Kinetic, Kinetic, Kinetic, -1, -1, -1, -1, -1, -1, 1.5, -1, None, 0, 0, 0, 0, 0, 0, NoFallOff, 0, 0, 0, 0, NoFallOff, 0, 1500, 2000, 240
MA_Slinger_Ammo, 4000, Kinetic, Kinetic, Kinetic, Kinetic, -1, -1, -1, -1, -1, -1, 3, -1, None, 0, 0, 0, 0, 0, 0, NoFallOff, 1, 1, 1, 1, Pooled, 0, 1100, 3000, 300
MA_Slinger_Ammo, 4000, Kinetic, Kinetic, Kinetic, Kinetic, -1, -1, -1, -1, -1, -1, 3, -1, None, 0, 0, 0, 0, 0, 0, NoFallOff, 1, 1, 1, 1, Pooled, 0, 1100, 3000, 300
MA_Slinger_Ammo, 4000, Kinetic, Kinetic, Kinetic, Kinetic, -1, -1, -1, -1, -1, -1, 3, -1, None, 0, 0, 0, 0, 0, 0, NoFallOff, 1, 1, 1, 1, Pooled, 0, 1100, 3000, 300
MA_Slinger_Ammo, 4000, Kinetic, Kinetic, Kinetic, Kinetic, -1, -1, -1, -1, -1, -1, 3, -1, None, 0, 0, 0, 0, 0, 0, NoFallOff, 1, 1, 1, 1, Pooled, 0, 1100, 3000, 300
MA_Slinger_Ammo, 4000, Kinetic, Kinetic, Kinetic, Kinetic, -1, -1, -1, -1, -1, -1, 3, -1, None, 0, 0, 0, 0, 0, 0, NoFallOff, 1, 1, 1, 1, Pooled, 0, 1100, 3000, 300
MA_Tiger_Ammo, 4000, Kinetic, Kinetic, Kinetic, Kinetic, -1, -1, -1, -1, -1, -1, 3, -1, None, 0, 0, 0, 0, 0, 0, NoFallOff, 1, 1, 1, 1, Pooled, 0, 1100, 3000, 300
MA_Tiger_Ammo, 4000, Kinetic, Kinetic, Kinetic, Kinetic, -1, -1, -1, -1, -1, -1, 3, -1, None, 0, 0, 0, 0, 0, 0, NoFallOff, 1, 1, 1, 1, Pooled, 0, 1100, 3000, 300
MA_Tiger_Ammo, 4000, Kinetic, Kinetic, Kinetic, Kinetic, -1, -1, -1, -1, -1, -1, 3, -1, None, 0, 0, 0, 0, 0, 0, NoFallOff, 1, 1, 1, 1, Pooled, 0, 1100, 3000, 300
MA_Laser_T2_Ammo, 125, Energy, Energy, Energy, Energy, -1, -1, -1, -1, -1, -1, 4, -2, None, 0, 0, 0, 0, 0, 0, NoFallOff, 0, 0, 0, 0, NoFallOff, 0, 30000, 2000, 0
MA_Laser_T2_Ammo_Decal, 0, Energy, Energy, Energy, Energy, -1, -1, -1, -1, -1, -1, 2, -2, None, 0, 0, 0, 0, 0, 0, NoFallOff, 0, 0, 0, 0, NoFallOff, 0, 30000, 4000, 0
MA_Laser_T2_Ammo, 125, Energy, Energy, Energy, Energy, -1, -1, -1, -1, -1, -1, 4, -2, None, 0, 0, 0, 0, 0, 0, NoFallOff, 0, 0, 0, 0, NoFallOff, 0, 30000, 2000, 0
MA_Laser_T2_Ammo_Decal, 0, Energy, Energy, Energy, Energy, -1, -1, -1, -1, -1, -1, 2, -2, None, 0, 0, 0, 0, 0, 0, NoFallOff, 0, 0, 0, 0, NoFallOff, 0, 30000, 4000, 0
MA_Laser_T2_Ammo, 125, Energy, Energy, Energy, Energy, -1, -1, -1, -1, -1, -1, 4, -2, None, 0, 0, 0, 0, 0, 0, NoFallOff, 0, 0, 0, 0, NoFallOff, 0, 30000, 2000, 0
MA_Laser_T2_Ammo_Decal, 0, Energy, Energy, Energy, Energy, -1, -1, -1, -1, -1, -1, 2, -2, None, 0, 0, 0, 0, 0, 0, NoFallOff, 0, 0, 0, 0, NoFallOff, 0, 30000, 4000, 0
MA_Laser_T2_Ammo, 125, Energy, Energy, Energy, Energy, -1, -1, -1, -1, -1, -1, 4, -2, None, 0, 0, 0, 0, 0, 0, NoFallOff, 0, 0, 0, 0, NoFallOff, 0, 30000, 2000, 0
MA_Laser_T2_Ammo_Decal, 0, Energy, Energy, Energy, Energy, -1, -1, -1, -1, -1, -1, 2, -2, None, 0, 0, 0, 0, 0, 0, NoFallOff, 0, 0, 0, 0, NoFallOff, 0, 30000, 4000, 0
MA_Laser_T3_Ammo, 275, Energy, Energy, Energy, Energy, -1, -1, -1, -1, -1, -1, 4, -2, None, 0, 0, 0, 0, 0, 0, NoFallOff, 0, 0, 0, 0, NoFallOff, 0, 30000, 3000, 0
MA_Laser_T3_Ammo_Decal, 0, Energy, Energy, Energy, Energy, -1, -1, -1, -1, -1, -1, 2, -2, None, 0, 0, 0, 0, 0, 0, NoFallOff, 0, 0, 0, 0, NoFallOff, 0, 30000, 4000, 0
MA_Laser_T3_Ammo, 275, Energy, Energy, Energy, Energy, -1, -1, -1, -1, -1, -1, 4, -2, None, 0, 0, 0, 0, 0, 0, NoFallOff, 0, 0, 0, 0, NoFallOff, 0, 30000, 3000, 0
MA_Laser_T3_Ammo_Decal, 0, Energy, Energy, Energy, Energy, -1, -1, -1, -1, -1, -1, 2, -2, None, 0, 0, 0, 0, 0, 0, NoFallOff, 0, 0, 0, 0, NoFallOff, 0, 30000, 4000, 0
MA_Laser_T4_Ammo, 110, Energy, Energy, Energy, Energy, -1, -1, -1, -1, -1, -1, 2, -2, None, 0, 0, 0, 0, 0, 0, NoFallOff, 0, 0, 0, 0, NoFallOff, 0, 30000, 4000, 0
MA_Laser_T4_Ammo_Decal, 0, Energy, Energy, Energy, Energy, -1, -1, -1, -1, -1, -1, 2, -2, None, 0, 0, 0, 0, 0, 0, NoFallOff, 0, 0, 0, 0, NoFallOff, 0, 30000, 4000, 0
MA_Missile, 500, Kinetic, Kinetic, Kinetic, Kinetic, -1, -1, -1, -1, -1, -1, 1, -1, MA_Missile_Stage2, 1, 0, 0, 0, 0, 0, NoFallOff, 0, 0, 1, 0, Linear, 0, 350, 5000, 10
MA_Missile_Stage2, 4000, Kinetic, Kinetic, Kinetic, Kinetic, -1, -1, -1, -1, -1, -1, 2, -1, None, 0, 0, 4, 6000, 3, 1000, Pooled, 0, 0, 0, 0, NoFallOff, 2000, 600, 5500, 600
MA_Missile, 500, Kinetic, Kinetic, Kinetic, Kinetic, -1, -1, -1, -1, -1, -1, 1, -1, MA_Missile_Stage2, 1, 0, 0, 0, 0, 0, NoFallOff, 0, 0, 1, 0, Linear, 0, 350, 5000, 10
MA_Missile_Stage2, 4000, Kinetic, Kinetic, Kinetic, Kinetic, -1, -1, -1, -1, -1, -1, 2, -1, None, 0, 0, 4, 6000, 3, 1000, Pooled, 0, 0, 0, 0, NoFallOff, 2000, 600, 5500, 600
Asterius Gauss, 7000, Kinetic, Kinetic, Kinetic, Kinetic, -1, -1, 1.5, -1, -1, -1, 3.5, -1, None, 0, 0, 0, 0, 0, 0, NoFallOff, 1, 1, 1, 0, Pooled, 0, 2000, 5000, 0
Charon_Shot, 11250, Kinetic, Kinetic, Kinetic, Kinetic, -1, -1, 2, -1, -1, -1, 5, -1, None, 0, 0, 0, 0, 0, 0, NoFallOff, 6, 60000, 2, 2500, Pooled, 0, 2500, 3250, 0
Charon_Shot_Bounce, 1, Kinetic, Kinetic, Kinetic, Kinetic, -1, -1, -1, -1, -1, -1, 4, -1, None, 0, 0, 0, 0, 0, 0, NoFallOff, 0, 0, 0, 0, NoFallOff, 0, 2500, 550, 0
Charon_Fake_Shot, 0.4, Kinetic, Kinetic, Kinetic, Kinetic, -1, -1, -1, -1, -1, -1, 4, -1, None, 0, 0, 0, 0, 0, 0, NoFallOff, 1, 0.4, 0, 0, Pooled, 0, 2500, 3250, 0
HVSC, 10, Kinetic, Kinetic, Kinetic, Kinetic, -1, -1, -1, -1, -1, -1, 1, -1, HVSC Terminal, 1, 0, 0, 0, 0, 0, NoFallOff, 0, 0, 0, 0, NoFallOff, 1200, 1500, 15000, 50
HVSC Terminal, 10, Kinetic, Kinetic, Kinetic, Kinetic, -1, -1, -1, -1, -1, -1, 1, -1, HVSC Shrapnel, 1, 0, 0, 0, 0, 0, NoFallOff, 8, 60000, 1, 2500, Pooled, 1200, 1800, 15000, 1200
HVSC Shrapnel, 100000, Kinetic, Kinetic, Kinetic, Kinetic, -1, -1, -1, -1, 4, 5, 10, -1, None, 0, 0, 3, 5000, 1, 5000, Pooled, 0, 0, 0, 0, NoFallOff, 0, 5000, 1000, 12
Sensor Fused, 10, Kinetic, Kinetic, Kinetic, Kinetic, -1, -1, -1, -1, -1, -1, 1, -1, SF Terminal, 1, 0, 0, 0, 0, 0, NoFallOff, 0, 0, 0, 0, NoFallOff, 1200, 1500, 15000, 50
SF Terminal, 10, Kinetic, Kinetic, Kinetic, Kinetic, -1, -1, -1, -1, -1, -1, 1, -1, SF Bomblet, 1, 20, 0, 0, 0, 0, NoFallOff, 8, 60000, 1, 2500, Pooled, 1200, 1500, 15000, 1200
SF Bomblet, 100, Kinetic, Kinetic, Kinetic, Kinetic, -1, -1, -1, -1, -1, 1, -1, -1, SF Fragment, 1, 0, 0, 0, 0, 0, NoFallOff, 5, 100, 1, 2500, Pooled, 500, 500, 10000, 3600
SF Fragment, 10000, Kinetic, Kinetic, Kinetic, Kinetic, -1, -1, -1, -1, 4, 5, 5, -1, None, 0, 0, 3, 5000, 1, 5000, Pooled, 0, 0, 0, 0, NoFallOff, 0, 8000, 300, 12
Hellfire Laser, 1500, Energy, Energy, Energy, Energy, -1, -1, -1, 0.4, -1, 1.5, 8, -1, None, 0, 0, 0, 0, 0, 0, NoFallOff, 5, 2500, 1, 500, Pooled, 0, 15000, 10000, 0
Hellfire Pulse, 1500, Energy, Energy, Energy, Energy, -1, -1, -1, 0.4, -1, 1.5, 8, -1, None, 0, 0, 0, 0, 0, 0, NoFallOff, 5, 2500, 1, 500, Pooled, 0, 15000, 10000, 0
LP Hellfire, 1000, Energy, Energy, Energy, Energy, -1, -1, -1, 0.4, -1, 1.5, 8, -1, None, 0, 0, 0, 0, 0, 0, NoFallOff, 0, 0, 0, 0, NoFallOff, 0, 15000, 10000, 0
Somnus Gauss, 62500, Kinetic, Kinetic, Kinetic, Kinetic, -1, -1, 2.5, -1, -1, 1.5, 8, 0.5, Somnus Gauss Frag, 4, 65, 0, 0, 0, 0, NoFallOff, 1.5, 6500, 1.5, 0, Pooled, 0, 5000, 7500, 0
Somnus Gauss Frag, 15625, Kinetic, Kinetic, Kinetic, Kinetic, -1, -1, 2.5, -1, -1, 1.5, 15, 0.5, None, 0, 0, 0, 0, 0, 0, NoFallOff, 1, 1, 1, 0, Pooled, 0, 500, 50, 0
SomnusFXshots, 1, Energy, Energy, Energy, Energy, -1, -1, -1, -1, -1, -1, 1, -1, SomnusFXshots3, 10, 360, 0, 0, 0, 0, NoFallOff, 1, 1, 1, 0, NoFalloff, 0, 5000, 7000, 900
SomnusFXshots2, 1, Energy, Energy, Energy, Energy, -1, -1, -1, -1, -1, -1, 1, -1, SomnusFXshots3, 5, 180, 0, 0, 0, 0, NoFallOff, 1, 1, 1, 0, NoFalloff, 0, 5000, 7000, 900
SomnusFXshots3, 1, Energy, Energy, Energy, Energy, -1, -1, -1, -1, -1, -1, 1, -1, None, 0, 0, 0, 0, 0, 0, NoFallOff, 0, 0, 0, 0, NoFallOff, 0, 50, 20, 60
SomnusFXshots4, 1, Energy, Energy, Energy, Energy, -1, -1, -1, -1, -1, -1, 1, -1, None, 0, 0, 0, 0, 0, 0, NoFallOff, 0, 0, 0, 0, NoFallOff, 0, 50, 20, 60
Cerberus Gauss, 47500, Kinetic, Kinetic, Kinetic, Kinetic, -1, -1, -1, -1, -1, -1, 1.3, -1, Cerberus_Shrap, 1, 0, 0, 0, 0, 0, NoFallOff, 1, 1, 1, 0, NoFalloff, 0, 5000, 7000, 900
Cerberus_Shrap, 35000, Kinetic, Kinetic, Kinetic, Kinetic, -1, -1, -1, -1, -1, -1, 19.5, -1, None, 0, 0, 0, 0, 0, 0, NoFallOff, 0, 0, 0, 0, NoFallOff, 0, 5000, 50, 900
Cerberus Gauss, 47500, Kinetic, Kinetic, Kinetic, Kinetic, -1, -1, -1, -1, -1, -1, 1.3, -1, Cerberus_Shrap, 1, 0, 0, 0, 0, 0, NoFallOff, 1, 1, 1, 0, NoFalloff, 0, 5000, 7000, 900
Cerberus_Shrap, 35000, Kinetic, Kinetic, Kinetic, Kinetic, -1, -1, -1, -1, -1, -1, 19.5, -1, None, 0, 0, 0, 0, 0, 0, NoFallOff, 0, 0, 0, 0, NoFallOff, 0, 5000, 50, 900
Cerberus Gauss, 47500, Kinetic, Kinetic, Kinetic, Kinetic, -1, -1, -1, -1, -1, -1, 1.3, -1, Cerberus_Shrap, 1, 0, 0, 0, 0, 0, NoFallOff, 1, 1, 1, 0, NoFalloff, 0, 5000, 7000, 900
Cerberus_Shrap, 35000, Kinetic, Kinetic, Kinetic, Kinetic, -1, -1, -1, -1, -1, -1, 19.5, -1, None, 0, 0, 0, 0, 0, 0, NoFallOff, 0, 0, 0, 0, NoFallOff, 0, 5000, 50, 900
Ceis Gauss, 9000, Kinetic, Kinetic, Kinetic, Kinetic, -1, -1, 1.55, -1, -1, 0.45, 1, -1, None, 0, 0, 0, 0, 0, 0, NoFallOff, 1, 1, 1, 0, NoFalloff, 0, 3500, 3500, 900
Carnifex, 8000, Energy, Energy, Energy, Energy, -1, -1, 0.45, -1, -1, 1.75, 2.25, -1, None, 0, 0, 0, 0, 0, 0, NoFallOff, 4, 2000, 1, 0, Pooled, 0, 3500, 3500, 0
Silvius Gauss, 47500, Kinetic, Kinetic, Kinetic, Kinetic, -1, -1, 0.01, -1, -1, 2, 6, -1, GaussER_Shrap, 1, 0, 0, 0, 0, 0, NoFallOff, 1, 1, 1, 0, NoFalloff, 0, 5000, 7000, 900
GaussER_Shrap, 50000, Kinetic, Kinetic, Kinetic, Kinetic, -1, -1, -1, 0.4, 2, 0.01, 10, -1, None, 0, 0, 0, 0, 0, 0, NoFallOff, 0, 0, 0, 0, NoFallOff, 0, 5000, 50, 900
Erebos Ammo, 200, Energy, Energy, Energy, Energy, 1, 1, -1, -1, -1, -1, 1, -1, Erebos Ammo AOE, 5, 270, 0, 0, 0, 0, NoFallOff, 45, 45000, 45, 0, Pooled, 0, 1400, 4500, 240
Erebos Ammo AOE, 1000, Energy, Energy, Energy, Energy, 1, 1, -1, -1, -1, 0.01, 1, -1, None, 0, 0, 0, 0, 0, 0, NoFallOff, 16, 15000, 16, 0, Pooled, 0, 8000, 75, 6
BFG, 16500, Kinetic, Kinetic, Kinetic, Kinetic, -1, -1, -1, -1, 2, 2, 8, 0.5, None, 0, 0, 0, 0, 0, 0, NoFallOff, 1, 1, 1, 0, Pooled, 0, 5000, 20000, 0
Autocoil_Ammo_A, 5000, Kinetic, Kinetic, Kinetic, Kinetic, -1, -1, -1, -1, -1, -1, 1, -1, AutoCoil_Shrap, 18, 80, 0, 0, 0, 0, NoFallOff, 8, 26600, 3, 5000, Pooled, 0, 2400, 10000, 0
AutoCoil_Shrap, 11055, Kinetic, Kinetic, Kinetic, Kinetic, -1, -1, -1, -1, -1, -1, 2, -1, None, 0, 0, 0, 0, 0, 0, NoFallOff, 0, 0, 0, 0, NoFallOff, 0, 350, 20, 0
AutoCoil_VFX1, 1, Kinetic, Kinetic, Kinetic, Kinetic, -1, -1, -1, -1, -1, -1, 1, -1, None, 0, 0, 0, 0, 0, 0, NoFallOff, 0, 0, 0, 0, NoFallOff, 0, 2400, 10000, 0
AutoCoil_VFX2, 1, Kinetic, Kinetic, Kinetic, Kinetic, -1, -1, -1, -1, -1, -1, 1, -1, None, 0, 0, 0, 0, 0, 0, NoFallOff, 0, 0, 0, 0, NoFallOff, 0, 2400, 15000, 0
AutoCoil_VFX3, 1, Kinetic, Kinetic, Kinetic, Kinetic, -1, -1, -1, -1, -1, -1, 1, -1, None, 0, 0, 0, 0, 0, 0, NoFallOff, 0, 0, 0, 0, NoFallOff, 0, 2400, 15000, 0
Autocoil_Ammo_A, 5000, Kinetic, Kinetic, Kinetic, Kinetic, -1, -1, -1, -1, -1, -1, 1, -1, AutoCoil_Shrap, 18, 80, 0, 0, 0, 0, NoFallOff, 8, 26600, 3, 5000, Pooled, 0, 2400, 10000, 0
AutoCoil_Shrap, 11055, Kinetic, Kinetic, Kinetic, Kinetic, -1, -1, -1, -1, -1, -1, 2, -1, None, 0, 0, 0, 0, 0, 0, NoFallOff, 0, 0, 0, 0, NoFallOff, 0, 350, 20, 0
AutoCoil_VFX1, 1, Kinetic, Kinetic, Kinetic, Kinetic, -1, -1, -1, -1, -1, -1, 1, -1, None, 0, 0, 0, 0, 0, 0, NoFallOff, 0, 0, 0, 0, NoFallOff, 0, 2400, 10000, 0
AutoCoil_VFX2, 1, Kinetic, Kinetic, Kinetic, Kinetic, -1, -1, -1, -1, -1, -1, 1, -1, None, 0, 0, 0, 0, 0, 0, NoFallOff, 0, 0, 0, 0, NoFallOff, 0, 2400, 15000, 0
AutoCoil_VFX3, 1, Kinetic, Kinetic, Kinetic, Kinetic, -1, -1, -1, -1, -1, -1, 1, -1, None, 0, 0, 0, 0, 0, 0, NoFallOff, 0, 0, 0, 0, NoFallOff, 0, 2400, 15000, 0
Taiidani Interceptor, 1000, Kinetic, Kinetic, Kinetic, Kinetic, -1, -1, 1, -1, -1, 0.5, 1, -1, Taiidan Interceptor Attack, 1, 1, 0, 0, 0, 0, NoFallOff, 6, 1000, 4, 0, NoFalloff, 600, 1000, 1000000, 36000
Taiidan Interceptor Attack, 2500, Kinetic, Kinetic, Kinetic, Kinetic, -1, -1, -1, -1, -1, -1, 1, -1, None, 0, 0, 0, 0, 0, 0, NoFallOff, 0, 0, 0, 0, NoFallOff, 0, 3000, 2500, 900
Taiidan Interceptor Missile Attack, 1, Kinetic, Kinetic, Kinetic, Kinetic, -1, -1, -1, -1, -1, -1, 1, -1, None, 0, 0, 30, 1000, 0, 0, NoFalloff, 60, 1000, 0, 0, NoFalloff, 1500, 1800, 5000, 1900
taiidandebrisP, 5000, Energy, Energy, Energy, Energy, -1, -1, -1, -1, -1, -1, 1, -1, taiidandebris1, 1, 15, 0, 0, 0, 0, NoFallOff, 1.5, 10000, 1.5, 0, Pooled, 0, 1, 200, 0
taiidandebris1, 5000, Energy, Energy, Energy, Energy, -1, -1, -1, -1, -1, -1, 1, -1, None, 0, 0, 0, 0, 0, 0, NoFallOff, 1.5, 10000, 1.5, 0, Pooled, 0, 300, 400, 900
taiidandebris2, 5000, Energy, Energy, Energy, Energy, -1, -1, -1, -1, -1, -1, 1, -1, None, 0, 0, 0, 0, 0, 0, NoFallOff, 1.5, 10000, 1.5, 0, Pooled, 0, 300, 400, 900
taiidandebris3, 5000, Energy, Energy, Energy, Energy, -1, -1, -1, -1, -1, -1, 1, -1, None, 0, 0, 0, 0, 0, 0, NoFallOff, 1.5, 10000, 1.5, 0, Pooled, 0, 300, 400, 900
taiidandebris4, 5000, Energy, Energy, Energy, Energy, -1, -1, -1, -1, -1, -1, 1, -1, None, 0, 0, 0, 0, 0, 0, NoFallOff, 1.5, 10000, 1.5, 0, Pooled, 0, 300, 400, 900
Taiidani Interceptor, 1000, Kinetic, Kinetic, Kinetic, Kinetic, -1, -1, 1, -1, -1, 0.5, 1, -1, Taiidan Interceptor Attack, 1, 1, 0, 0, 0, 0, NoFallOff, 6, 1000, 4, 0, NoFalloff, 600, 1000, 1000000, 36000
Taiidan Interceptor Attack, 2500, Kinetic, Kinetic, Kinetic, Kinetic, -1, -1, -1, -1, -1, -1, 1, -1, None, 0, 0, 0, 0, 0, 0, NoFallOff, 0, 0, 0, 0, NoFallOff, 0, 3000, 2500, 900
Taiidan Interceptor Missile Attack, 1, Kinetic, Kinetic, Kinetic, Kinetic, -1, -1, -1, -1, -1, -1, 1, -1, None, 0, 0, 30, 1000, 0, 0, NoFalloff, 60, 1000, 0, 0, NoFalloff, 1500, 1800, 5000, 1900
taiidandebrisP, 5000, Energy, Energy, Energy, Energy, -1, -1, -1, -1, -1, -1, 1, -1, taiidandebris1, 1, 15, 0, 0, 0, 0, NoFallOff, 1.5, 10000, 1.5, 0, Pooled, 0, 1, 200, 0
taiidandebris1, 5000, Energy, Energy, Energy, Energy, -1, -1, -1, -1, -1, -1, 1, -1, None, 0, 0, 0, 0, 0, 0, NoFallOff, 1.5, 10000, 1.5, 0, Pooled, 0, 300, 400, 900
taiidandebris2, 5000, Energy, Energy, Energy, Energy, -1, -1, -1, -1, -1, -1, 1, -1, None, 0, 0, 0, 0, 0, 0, NoFallOff, 1.5, 10000, 1.5, 0, Pooled, 0, 300, 400, 900
taiidandebris3, 5000, Energy, Energy, Energy, Energy, -1, -1, -1, -1, -1, -1, 1, -1, None, 0, 0, 0, 0, 0, 0, NoFallOff, 1.5, 10000, 1.5, 0, Pooled, 0, 300, 400, 900
taiidandebris4, 5000, Energy, Energy, Energy, Energy, -1, -1, -1, -1, -1, -1, 1, -1, None, 0, 0, 0, 0, 0, 0, NoFallOff, 1.5, 10000, 1.5, 0, Pooled, 0, 300, 400, 900
Taiidani Bomber, 50000, Kinetic, Kinetic, Kinetic, Kinetic, -1, -1, 1, -1, -1, 0.5, 6, -1, Taiidan Bomber Attack, 1, 0.2, 0, 0, 0, 0, NoFallOff, 6, 1000, 4, 0, Linear, 450, 600, 1000000, 36000
Taiidan Bomber Attack, 10000, Energy, Energy, Energy, Energy, -1, -1, -1, -1, -1, -1, 5, -1, None, 0, 0, 0, 0, 0, 0, NoFallOff, 1.5, 10000, 1.5, 30000, Pooled, 250, 1000, 4000, 900
taiidandebrisP, 5000, Energy, Energy, Energy, Energy, -1, -1, -1, -1, -1, -1, 1, -1, taiidandebris1, 1, 15, 0, 0, 0, 0, NoFallOff, 1.5, 10000, 1.5, 0, Pooled, 0, 1, 200, 0
taiidandebris1, 5000, Energy, Energy, Energy, Energy, -1, -1, -1, -1, -1, -1, 1, -1, None, 0, 0, 0, 0, 0, 0, NoFallOff, 1.5, 10000, 1.5, 0, Pooled, 0, 300, 400, 900
taiidandebris2, 5000, Energy, Energy, Energy, Energy, -1, -1, -1, -1, -1, -1, 1, -1, None, 0, 0, 0, 0, 0, 0, NoFallOff, 1.5, 10000, 1.5, 0, Pooled, 0, 300, 400, 900
taiidandebris3, 5000, Energy, Energy, Energy, Energy, -1, -1, -1, -1, -1, -1, 1, -1, None, 0, 0, 0, 0, 0, 0, NoFallOff, 1.5, 10000, 1.5, 0, Pooled, 0, 300, 400, 900
taiidandebris4, 5000, Energy, Energy, Energy, Energy, -1, -1, -1, -1, -1, -1, 1, -1, None, 0, 0, 0, 0, 0, 0, NoFallOff, 1.5, 10000, 1.5, 0, Pooled, 0, 300, 400, 900
Taiidani Interceptor, 1000, Kinetic, Kinetic, Kinetic, Kinetic, -1, -1, 1, -1, -1, 0.5, 1, -1, Taiidan Interceptor Attack, 1, 1, 0, 0, 0, 0, NoFallOff, 6, 1000, 4, 0, NoFalloff, 600, 1000, 1000000, 36000
Taiidan Interceptor Attack, 2500, Kinetic, Kinetic, Kinetic, Kinetic, -1, -1, -1, -1, -1, -1, 1, -1, None, 0, 0, 0, 0, 0, 0, NoFallOff, 0, 0, 0, 0, NoFallOff, 0, 3000, 2500, 900
Taiidan Interceptor Missile Attack, 1, Kinetic, Kinetic, Kinetic, Kinetic, -1, -1, -1, -1, -1, -1, 1, -1, None, 0, 0, 30, 1000, 0, 0, NoFalloff, 60, 1000, 0, 0, NoFalloff, 1500, 1800, 5000, 1900
taiidandebrisP, 5000, Energy, Energy, Energy, Energy, -1, -1, -1, -1, -1, -1, 1, -1, taiidandebris1, 1, 15, 0, 0, 0, 0, NoFallOff, 1.5, 10000, 1.5, 0, Pooled, 0, 1, 200, 0
taiidandebris1, 5000, Energy, Energy, Energy, Energy, -1, -1, -1, -1, -1, -1, 1, -1, None, 0, 0, 0, 0, 0, 0, NoFallOff, 1.5, 10000, 1.5, 0, Pooled, 0, 300, 400, 900
taiidandebris2, 5000, Energy, Energy, Energy, Energy, -1, -1, -1, -1, -1, -1, 1, -1, None, 0, 0, 0, 0, 0, 0, NoFallOff, 1.5, 10000, 1.5, 0, Pooled, 0, 300, 400, 900
taiidandebris3, 5000, Energy, Energy, Energy, Energy, -1, -1, -1, -1, -1, -1, 1, -1, None, 0, 0, 0, 0, 0, 0, NoFallOff, 1.5, 10000, 1.5, 0, Pooled, 0, 300, 400, 900
taiidandebris4, 5000, Energy, Energy, Energy, Energy, -1, -1, -1, -1, -1, -1, 1, -1, None, 0, 0, 0, 0, 0, 0, NoFallOff, 1.5, 10000, 1.5, 0, Pooled, 0, 300, 400, 900
Taiidani Bomber, 50000, Kinetic, Kinetic, Kinetic, Kinetic, -1, -1, 1, -1, -1, 0.5, 6, -1, Taiidan Bomber Attack, 1, 0.2, 0, 0, 0, 0, NoFallOff, 6, 1000, 4, 0, Linear, 450, 600, 1000000, 36000
Taiidan Bomber Attack, 10000, Energy, Energy, Energy, Energy, -1, -1, -1, -1, -1, -1, 5, -1, None, 0, 0, 0, 0, 0, 0, NoFallOff, 1.5, 10000, 1.5, 30000, Pooled, 250, 1000, 4000, 900
taiidandebrisP, 5000, Energy, Energy, Energy, Energy, -1, -1, -1, -1, -1, -1, 1, -1, taiidandebris1, 1, 15, 0, 0, 0, 0, NoFallOff, 1.5, 10000, 1.5, 0, Pooled, 0, 1, 200, 0
taiidandebris1, 5000, Energy, Energy, Energy, Energy, -1, -1, -1, -1, -1, -1, 1, -1, None, 0, 0, 0, 0, 0, 0, NoFallOff, 1.5, 10000, 1.5, 0, Pooled, 0, 300, 400, 900
taiidandebris2, 5000, Energy, Energy, Energy, Energy, -1, -1, -1, -1, -1, -1, 1, -1, None, 0, 0, 0, 0, 0, 0, NoFallOff, 1.5, 10000, 1.5, 0, Pooled, 0, 300, 400, 900
taiidandebris3, 5000, Energy, Energy, Energy, Energy, -1, -1, -1, -1, -1, -1, 1, -1, None, 0, 0, 0, 0, 0, 0, NoFallOff, 1.5, 10000, 1.5, 0, Pooled, 0, 300, 400, 900
taiidandebris4, 5000, Energy, Energy, Energy, Energy, -1, -1, -1, -1, -1, -1, 1, -1, None, 0, 0, 0, 0, 0, 0, NoFallOff, 1.5, 10000, 1.5, 0, Pooled, 0, 300, 400, 900
Taiidani Bomber, 50000, Kinetic, Kinetic, Kinetic, Kinetic, -1, -1, 1, -1, -1, 0.5, 6, -1, Taiidan Bomber Attack, 1, 0.2, 0, 0, 0, 0, NoFallOff, 6, 1000, 4, 0, Linear, 450, 600, 1000000, 36000
Taiidan Bomber Attack, 10000, Energy, Energy, Energy, Energy, -1, -1, -1, -1, -1, -1, 5, -1, None, 0, 0, 0, 0, 0, 0, NoFallOff, 1.5, 10000, 1.5, 30000, Pooled, 250, 1000, 4000, 900
taiidandebrisP, 5000, Energy, Energy, Energy, Energy, -1, -1, -1, -1, -1, -1, 1, -1, taiidandebris1, 1, 15, 0, 0, 0, 0, NoFallOff, 1.5, 10000, 1.5, 0, Pooled, 0, 1, 200, 0
taiidandebris1, 5000, Energy, Energy, Energy, Energy, -1, -1, -1, -1, -1, -1, 1, -1, None, 0, 0, 0, 0, 0, 0, NoFallOff, 1.5, 10000, 1.5, 0, Pooled, 0, 300, 400, 900
taiidandebris2, 5000, Energy, Energy, Energy, Energy, -1, -1, -1, -1, -1, -1, 1, -1, None, 0, 0, 0, 0, 0, 0, NoFallOff, 1.5, 10000, 1.5, 0, Pooled, 0, 300, 400, 900
taiidandebris3, 5000, Energy, Energy, Energy, Energy, -1, -1, -1, -1, -1, -1, 1, -1, None, 0, 0, 0, 0, 0, 0, NoFallOff, 1.5, 10000, 1.5, 0, Pooled, 0, 300, 400, 900
taiidandebris4, 5000, Energy, Energy, Energy, Energy, -1, -1, -1, -1, -1, -1, 1, -1, None, 0, 0, 0, 0, 0, 0, NoFallOff, 1.5, 10000, 1.5, 0, Pooled, 0, 300, 400, 900
Taiidani Bomber, 50000, Kinetic, Kinetic, Kinetic, Kinetic, -1, -1, 1, -1, -1, 0.5, 6, -1, Taiidan Bomber Attack, 1, 0.2, 0, 0, 0, 0, NoFallOff, 6, 1000, 4, 0, Linear, 450, 600, 1000000, 36000
Taiidan Bomber Attack, 10000, Energy, Energy, Energy, Energy, -1, -1, -1, -1, -1, -1, 5, -1, None, 0, 0, 0, 0, 0, 0, NoFallOff, 1.5, 10000, 1.5, 30000, Pooled, 250, 1000, 4000, 900
taiidandebrisP, 5000, Energy, Energy, Energy, Energy, -1, -1, -1, -1, -1, -1, 1, -1, taiidandebris1, 1, 15, 0, 0, 0, 0, NoFallOff, 1.5, 10000, 1.5, 0, Pooled, 0, 1, 200, 0
taiidandebris1, 5000, Energy, Energy, Energy, Energy, -1, -1, -1, -1, -1, -1, 1, -1, None, 0, 0, 0, 0, 0, 0, NoFallOff, 1.5, 10000, 1.5, 0, Pooled, 0, 300, 400, 900
taiidandebris2, 5000, Energy, Energy, Energy, Energy, -1, -1, -1, -1, -1, -1, 1, -1, None, 0, 0, 0, 0, 0, 0, NoFallOff, 1.5, 10000, 1.5, 0, Pooled, 0, 300, 400, 900
taiidandebris3, 5000, Energy, Energy, Energy, Energy, -1, -1, -1, -1, -1, -1, 1, -1, None, 0, 0, 0, 0, 0, 0, NoFallOff, 1.5, 10000, 1.5, 0, Pooled, 0, 300, 400, 900
taiidandebris4, 5000, Energy, Energy, Energy, Energy, -1, -1, -1, -1, -1, -1, 1, -1, None, 0, 0, 0, 0, 0, 0, NoFallOff, 1.5, 10000, 1.5, 0, Pooled, 0, 300, 400, 900
Taiidani Interceptor, 1000, Kinetic, Kinetic, Kinetic, Kinetic, -1, -1, 1, -1, -1, 0.5, 1, -1, Taiidan Interceptor Attack, 1, 1, 0, 0, 0, 0, NoFallOff, 6, 1000, 4, 0, NoFalloff, 600, 1000, 1000000, 36000
Taiidan Interceptor Attack, 2500, Kinetic, Kinetic, Kinetic, Kinetic, -1, -1, -1, -1, -1, -1, 1, -1, None, 0, 0, 0, 0, 0, 0, NoFallOff, 0, 0, 0, 0, NoFallOff, 0, 3000, 2500, 900
Taiidan Interceptor Missile Attack, 1, Kinetic, Kinetic, Kinetic, Kinetic, -1, -1, -1, -1, -1, -1, 1, -1, None, 0, 0, 30, 1000, 0, 0, NoFalloff, 60, 1000, 0, 0, NoFalloff, 1500, 1800, 5000, 1900
taiidandebrisP, 5000, Energy, Energy, Energy, Energy, -1, -1, -1, -1, -1, -1, 1, -1, taiidandebris1, 1, 15, 0, 0, 0, 0, NoFallOff, 1.5, 10000, 1.5, 0, Pooled, 0, 1, 200, 0
taiidandebris1, 5000, Energy, Energy, Energy, Energy, -1, -1, -1, -1, -1, -1, 1, -1, None, 0, 0, 0, 0, 0, 0, NoFallOff, 1.5, 10000, 1.5, 0, Pooled, 0, 300, 400, 900
taiidandebris2, 5000, Energy, Energy, Energy, Energy, -1, -1, -1, -1, -1, -1, 1, -1, None, 0, 0, 0, 0, 0, 0, NoFallOff, 1.5, 10000, 1.5, 0, Pooled, 0, 300, 400, 900
taiidandebris3, 5000, Energy, Energy, Energy, Energy, -1, -1, -1, -1, -1, -1, 1, -1, None, 0, 0, 0, 0, 0, 0, NoFallOff, 1.5, 10000, 1.5, 0, Pooled, 0, 300, 400, 900
taiidandebris4, 5000, Energy, Energy, Energy, Energy, -1, -1, -1, -1, -1, -1, 1, -1, None, 0, 0, 0, 0, 0, 0, NoFallOff, 1.5, 10000, 1.5, 0, Pooled, 0, 300, 400, 900
banshee shot main, 1000, Energy, Energy, Energy, Energy, -1, -1, 3, -1, -1, 0.5, 6, -1, banshee shot Acceleration, 1, 0.2, 0, 0, 0, 0, NoFallOff, 6, 68000, 4, 0, Linear, 450, 500, 1000000, 36000
banshee shot Acceleration, 111, Kinetic, Energy, Energy, Energy, -1, -1, -1, -1, -1, -1, 1, -1, None, 0, 0, 0, 0, 0, 0, NoFallOff, 5, 10000, 5, 0, Linear, 0, 300, 1800, 900
banshee plasma shot Acceleration, 5000, Energy, Energy, Energy, Energy, -1, -1, -1, -1, -1, -1, 1, -1, None, 0, 0, 0, 0, 0, 0, NoFallOff, 1.5, 10000, 1.5, 0, Pooled, 0, 300, 900, 900
longsword shot main, 1000, Energy, Energy, Energy, Energy, -1, -1, -1, -1, -1, 0.5, 6, 1, Longsword Nuke Acceleration, 1, 0.2, 0, 0, 0, 0, NoFallOff, 6, 68000, 4, 0, Linear, 450, 500, 1000000, 36000
longsword napalm base, 1, Energy, Energy, Energy, Energy, -1, -1, -1, -1, -1, -1, 1, -1, longsword napalm timespawn, 1, 0, 0, 0, 0, 0, NoFallOff, 1.5, 100000, 1.5, 0, Pooled, 0, 300, 1300, 900
longsword napalm timespawn, 1, Energy, Energy, Energy, Energy, -1, -1, -1, -1, -1, -1, 1, -1, longsword napalm frag, 1, 360, 0, 0, 0, 0, NoFallOff, 0, 0, 0, 0, NoFallOff, 0, 0.01, 100, 900
longsword napalm frag, 5000, Energy, Energy, Energy, Energy, -1, -1, -1, -1, -1, -1, 1, -1, None, 0, 0, 0, 0, 0, 0, NoFallOff, 0, 0, 0, 0, Pooled, 0, 300, 200, 900
Longsword Nuke Acceleration, 111, Kinetic, Energy, Energy, Energy, -1, -1, -1, -1, -1, -1, 1, -1, Longsword Nuke Terminal, 1, 0, 0, 0, 0, 0, NoFallOff, 0, 0, 0, 0, NoFallOff, 110, 3700, 10000, 8000
Longsword Nuke Terminal, 10, Kinetic, Energy, Energy, Energy, -1, -1, -1, -1, -1, -1, 1, -1, Longsword Nuke Frag, 24, 180, 0, 0, 0, 0, NoFallOff, 12, 45000, 6, 0, Linear, 110, 3700, 4000, 500
Longsword Nuke Frag, 1, Energy, Energy, Energy, Energy, -1, -1, -1, -1, -1, -1, 1, -1, None, 0, 0, 0, 0, 0, 0, NoFallOff, 6, 33500, 4, 0, Linear, 0, 1250, 16, 1
SubterraneanSun, 1, Energy, Energy, Energy, Energy, -1, -1, -1, -1, -1, -1, 1, -1, SubterraneanSunStage2, 1, 0, 0, 0, 0, 0, NoFallOff, 0, 0, 0, 0, NoFallOff, 500, 500, 5000, 300
SubterraneanSunStage2, 1, Energy, Energy, Energy, Energy, -1, -1, -1, -1, -1, -1, 1, -1, SubterraneanSunStage2SuccParticleInvis, 10, 360, 0, 0, 0, 0, NoFallOff, 100, 5000000, 100, 0, Pooled, 0, 1E-08, 5000, 3600
SubterraneanSunStage2SuccParticleInvis, 1, Energy, Energy, Energy, Energy, -1, -1, -1, -1, -1, -1, 1, -1, SubterraneanSunStage2SuccParticleVisible, 1, 0, 0, 0, 0, 0, NoFallOff, 0, 0, 0, 0, NoFallOff, 100, 100, 2000, 600
SubterraneanSunStage2SuccParticleVisible, 1, Energy, Energy, Energy, Energy, -1, -1, -1, -1, -1, -1, 1, -1, None, 0, 0, 0, 0, 0, 0, NoFallOff, 0, 0, 0, 0, NoFallOff, 100, 1000, 1800, 600
SubterraneanSunStage2EWARTimespawn, 1, Energy, Energy, Energy, Energy, -1, -1, -1, -1, -1, -1, 1, -1, SubterraneanSunStage2EWARPattern, 1, 0, 0, 0, 0, 0, NoFallOff, 0, 0, 0, 0, NoFallOff, 0, 1E-08, 1000, 3600
SubterraneanSunStage2EWARPattern, 1, Energy, Energy, Energy, Energy, -1, -1, -1, -1, -1, -1, 1, -1, None, 0, 0, 0, 0, 0, 0, NoFallOff, 0, 0, 0, 0, NoFallOff, 0, 1E-08, 1000, 60
Davy Crockett, 1000, Energy, Energy, Energy, Energy, -1, -1, -1, -1, -1, -1, 1, -1, Davy Crockett Acceleration, 1, 0, 0, 0, 0, 0, NoFallOff, 1, 1, 1, 0, NoFalloff, 800, 210, 45000, 0
Davy Crockett Acceleration, 111, Kinetic, Energy, Energy, Energy, -1, -1, -1, -1, -1, -1, 1, -1, Davy_Flare, 1, 0, 0, 0, 0, 0, NoFallOff, 0, 0, 0, 0, NoFallOff, 110, 670, 45000, 8000
Davy Crockett Terminal, 10, Energy, Energy, Energy, Energy, -1, -1, -1, -1, -1, -1, 1, -1, Davy Crockett Frag, 12, 180, 0, 0, 0, 0, NoFallOff, 12, 45000, 6, 0, Linear, 420, 670, 45000, 8000
Davy Crockett Frag, 1, Energy, Energy, Energy, Energy, -1, -1, -1, -1, -1, -1, 1, -1, , 0, 0, 0, 0, 0, 0, NoFallOff, 6, 33500, 4, 0, Linear, 0, 1250, 16, 1
Davy_Flare, 1, Energy, Energy, Energy, Energy, -1, -1, -1, -1, -1, -1, 1, -1, None, 0, 0, 0, 0, 0, 0, NoFallOff, 1, 1, 1, 0, Pooled, 475, 675, 3500, 560
Davy Crockett Smart, 1000, Kinetic, Energy, Energy, Energy, -1, -1, -1, -1, -1, -1, 1, -1, Davy Crockett Acceleration Smart, 1, 0, 0, 0, 0, 0, NoFallOff, 1, 1, 1, 0, NoFalloff, 200, 110, 12000, 240
Davy Crockett Acceleration Smart, 10, Kinetic, Energy, Energy, Energy, -1, -1, -1, -1, -1, -1, 1, -1, Davy Crockett Terminal, 1, 0, 0, 0, 0, 0, NoFallOff, 0, 0, 0, 0, NoFallOff, 110, 370, 20000, 2050
OPA Heavy Torp LockTone, 1, Kinetic, Energy, Energy, Energy, -1, -1, -1, -1, -1, -1, 1, -1, None, 0, 0, 0, 0, 0, 0, NoFallOff, 1, 1, 0, 0, Pooled, 30000, 30000, 20000, 600
OPA Heavy Torp LockTone Terminal, 1, Kinetic, Energy, Energy, Energy, -1, -1, -1, -1, -1, -1, 1, -1, None, 0, 0, 0, 0, 0, 0, NoFallOff, 1, 1, 0, 0, Pooled, 30000, 30000, 20000, 600
Bullet_AMS, 100, Kinetic, Kinetic, Kinetic, Kinetic, -1, -1, -1, -1, -1, -1, 1, -1, None, 0, 0, 0, 0, 0, 0, NoFallOff, 0, 0, 0, 0, NoFallOff, 0, 1800, 2500, 150
Bullet_AMS_AOE, 0.4, Kinetic, Kinetic, Kinetic, Kinetic, -1, -1, -1, -1, -1, -1, 1, -1, , 0, 0, 0, 0, 0, 0, NoFallOff, 15, 0.4, 15, 0, Pooled, 0, 1800, 2500, 250
Bullet_AMS_AOE_2, 0.4, Kinetic, Kinetic, Kinetic, Kinetic, -1, -1, -1, -1, -1, -1, 1, -1, None, 0, 0, 0, 0, 0, 0, NoFallOff, 8, 0.4, 8, 0, Pooled, 0, 1800, 30, 1
Ball Bullet AMS, 100, Kinetic, Kinetic, Kinetic, Kinetic, -1, -1, -1, -1, -1, -1, 1, -1, Ball_Turret_Frag, 1, 180, 0, 0, 0, 0, NoFallOff, 2, 500, 2, 0, Pooled, 0, 1800, 2500, 150
Ball_Turret_Frag, 1, Kinetic, Kinetic, Kinetic, Kinetic, -1, -1, -1, -1, -1, -1, 1, -1, None, 0, 0, 0, 0, 0, 0, NoFallOff, 15, 0.4, 15, 0, Pooled, 0, 1, 15, 8
Heavy Gauss Slug, 100000, Kinetic, Kinetic, Kinetic, Kinetic, -1, 0.25, -1, -1, -1, 0.75, 5.09, -1, None, 0, 0, 0, 0, 0, 0, NoFallOff, 8, 175000, 8, 0, Pooled, 0, 1800, 10000, 2400
Starcore_HeavyGauss_Shrap, 16500, Kinetic, Kinetic, Kinetic, Kinetic, -1, -1, -1, -1, -1, -1, 2, -1, None, 0, 0, 0, 0, 0, 0, NoFallOff, 0, 0, 0, 0, NoFallOff, 0, 350, 15, 0
HG_VFX1, 4, Kinetic, Energy, Energy, Energy, -1, 0.25, -1, -1, -1, -1, 1, -1, None, 0, 0, 0, 0, 0, 0, NoFallOff, 0, 0, 0, 0, NoFallOff, 0, 1800, 10000, 2400
HG_VFX2, 0.001, Kinetic, Energy, Energy, Energy, -1, 0.25, -1, -1, -1, 0.75, 3, -1, None, 0, 0, 0, 0, 0, 0, NoFallOff, 0, 0, 0, 0, NoFallOff, 0, 1800, 10000, 2400
HG_VFX3, 0.001, Kinetic, Energy, Energy, Energy, -1, 0.25, -1, -1, -1, 0.75, 3, -1, None, 0, 0, 0, 0, 0, 0, NoFallOff, 0, 0, 0, 0, NoFallOff, 0, 1800, 10000, 2400
MCRN Heavy Torp Launch, 1, Energy, Energy, Energy, Energy, -1, -1, -1, -1, -1, -1, 2, -1, MCRN Heavy Torp Acceleration, 1, 0, 0, 0, 0, 0, NoFallOff, 1, 1, 1, 0, NoFalloff, 850, 250, 20000, 800
MCRN Heavy Torp Acceleration, 10, Energy, Energy, Energy, Energy, -1, -1, -1, -1, -1, -1, 2, -1, MCRN Heavy Torp Frag, 24, 360, 0, 0, 0, 0, NoFallOff, 8, 45000, 2, 0, Curve, 300, 800, 20000, 2400
MCRN Heavy Torp Terminal, 10, Kinetic, Energy, Energy, Energy, -1, -1, -1, -1, -1, -1, 2, -1, MCRN Heavy Torp Frag, 24, 360, 0, 0, 0, 0, NoFallOff, 8, 45000, 2, 0, Curve, 800, 600, 20000, 2400
MCRN Heavy Torp Frag, 16500, Energy, Energy, Energy, Energy, -1, -1, -1, -1, -1, -1, 2, -1, None, 0, 0, 0, 0, 0, 0, NoFallOff, 10, 25000, 0, 0, Pooled, 0, 1250, 100, 0
UNN Light Torp Launch, 1, Kinetic, Energy, Energy, Energy, -1, -1, -1, -1, -1, -1, 1, -1, OPA Heavy Torp LockTone, 1, 0, 0, 0, 0, 0, NoFallOff, 1, 1, 1, 0, NoFalloff, 250, 25, 12000, 800
UNN Light Torp Acceleration, 10, Kinetic, Energy, Energy, Energy, -1, -1, -1, -1, -1, -1, 1, -1, OPA Heavy Torp LockTone Terminal, 1, 0, 0, 0, 0, 0, NoFallOff, 0, 0, 0, 0, NoFallOff, 800, 800, 12000, 2050
UNN Light Torp Terminal, 10, Kinetic, Energy, Energy, Energy, -1, -1, -1, -1, -1, -1, 1, -1, UNN Light Torp Frag, 24, 360, 0, 0, 0, 0, NoFallOff, 8, 25000, 1, 0, Curve, 800, 400, 12000, 2400
UNN Light Torp Frag, 16500, Energy, Energy, Energy, Energy, -1, -1, -1, -1, -1, -1, 1, -1, None, 0, 0, 0, 0, 0, 0, NoFallOff, 10, 25000, 0, 0, Pooled, 0, 1250, 100, 0
UNN Heavy Torp Launch, 1, Energy, Energy, Energy, Energy, -1, -1, -1, -1, -1, -1, 2, -1, UNN Heavy Torp Acceleration, 1, 0, 0, 0, 0, 0, NoFallOff, 1, 1, 1, 0, NoFalloff, 850, 250, 20000, 800
UNN Heavy Torp Acceleration, 10, Energy, Energy, Energy, Energy, -1, -1, -1, -1, -1, -1, 2, -1, UNN Heavy Torp Frag, 24, 360, 0, 0, 0, 0, NoFallOff, 8, 45000, 2, 0, Curve, 300, 800, 20000, 2400
UNN Heavy Torp Terminal, 10, Kinetic, Energy, Energy, Energy, -1, -1, -1, -1, -1, -1, 2, -1, UNN Heavy Torp Frag, 24, 360, 0, 0, 0, 0, NoFallOff, 8, 45000, 2, 0, Curve, 800, 600, 20000, 2400
UNN Heavy Torp Frag, 16500, Energy, Energy, Energy, Energy, -1, -1, -1, -1, -1, -1, 2, -1, None, 0, 0, 0, 0, 0, 0, NoFallOff, 10, 25000, 0, 0, Pooled, 0, 1250, 100, 0
LRM, 1, Kinetic, Energy, Energy, Energy, -1, -1, -1, -1, -1, -1, 1, -1, Mod_LRM_Terminal, 1, 0, 0, 0, 0, 0, NoFallOff, 1, 1, 0, 0, Pooled, 1800, 145, 10000, 30
Mod_LRM_Terminal, 1, Energy, Energy, Energy, Energy, -1, -1, -1, -1, -1, -1, 1, -1, Mod_LRM_Fragment_Detonation, 12, 100, 0, 0, 0, 0, NoFallOff, 6, 10000, 4, 0, Linear, 245, 850, 15000, 3400
Mod_LRM_Fragment_Detonation, 1, Kinetic, Energy, Energy, Energy, -1, -1, -1, -1, -1, -1, 1, -1, None, 0, 0, 0, 0, 0, 0, NoFallOff, 5, 10000, 1, 0, Pooled, 0, 1, 10, 0
LRM, 1, Kinetic, Energy, Energy, Energy, -1, -1, -1, -1, -1, -1, 1, -1, Mod_LRM_Terminal, 1, 0, 0, 0, 0, 0, NoFallOff, 1, 1, 0, 0, Pooled, 1800, 145, 10000, 30
Mod_LRM_Terminal, 1, Energy, Energy, Energy, Energy, -1, -1, -1, -1, -1, -1, 1, -1, Mod_LRM_Fragment_Detonation, 12, 100, 0, 0, 0, 0, NoFallOff, 6, 10000, 4, 0, Linear, 245, 850, 15000, 3400
Mod_LRM_Fragment_Detonation, 1, Kinetic, Energy, Energy, Energy, -1, -1, -1, -1, -1, -1, 1, -1, None, 0, 0, 0, 0, 0, 0, NoFallOff, 5, 10000, 1, 0, Pooled, 0, 1, 10, 0
LRM, 1, Kinetic, Energy, Energy, Energy, -1, -1, -1, -1, -1, -1, 1, -1, Mod_LRM_Terminal, 1, 0, 0, 0, 0, 0, NoFallOff, 1, 1, 0, 0, Pooled, 1800, 145, 10000, 30
Mod_LRM_Terminal, 1, Energy, Energy, Energy, Energy, -1, -1, -1, -1, -1, -1, 1, -1, Mod_LRM_Fragment_Detonation, 12, 100, 0, 0, 0, 0, NoFallOff, 6, 10000, 4, 0, Linear, 245, 850, 15000, 3400
Mod_LRM_Fragment_Detonation, 1, Kinetic, Energy, Energy, Energy, -1, -1, -1, -1, -1, -1, 1, -1, None, 0, 0, 0, 0, 0, 0, NoFallOff, 5, 10000, 1, 0, Pooled, 0, 1, 10, 0
LRM, 1, Kinetic, Energy, Energy, Energy, -1, -1, -1, -1, -1, -1, 1, -1, Mod_LRM_Terminal, 1, 0, 0, 0, 0, 0, NoFallOff, 1, 1, 0, 0, Pooled, 1800, 145, 10000, 30
Mod_LRM_Terminal, 1, Energy, Energy, Energy, Energy, -1, -1, -1, -1, -1, -1, 1, -1, Mod_LRM_Fragment_Detonation, 12, 100, 0, 0, 0, 0, NoFallOff, 6, 10000, 4, 0, Linear, 245, 850, 15000, 3400
Mod_LRM_Fragment_Detonation, 1, Kinetic, Energy, Energy, Energy, -1, -1, -1, -1, -1, -1, 1, -1, None, 0, 0, 0, 0, 0, 0, NoFallOff, 5, 10000, 1, 0, Pooled, 0, 1, 10, 0
MRM, 100, Kinetic, Kinetic, Kinetic, Kinetic, -1, -1, -1, -1, -1, -1, 1, -1, MRM_2ndStage, 1, 0, 0, 0, 0, 0, NoFallOff, 1, 10, 1, 0, Pooled, 2670, 900, 7000, 120
MRM_2ndStage, 5000, Kinetic, Kinetic, Kinetic, Kinetic, -1, -1, 2, -1, -1, -1, 5, -1, None, 0, 0, 0, 0, 0, 0, NoFallOff, 5, 20000, 5, 0, Pooled, 900, 1000, 7000, 900
MRM, 100, Kinetic, Kinetic, Kinetic, Kinetic, -1, -1, -1, -1, -1, -1, 1, -1, MRM_2ndStage, 1, 0, 0, 0, 0, 0, NoFallOff, 1, 10, 1, 0, Pooled, 2670, 900, 7000, 120
MRM_2ndStage, 5000, Kinetic, Kinetic, Kinetic, Kinetic, -1, -1, 2, -1, -1, -1, 5, -1, None, 0, 0, 0, 0, 0, 0, NoFallOff, 5, 20000, 5, 0, Pooled, 900, 1000, 7000, 900
MRM, 100, Kinetic, Kinetic, Kinetic, Kinetic, -1, -1, -1, -1, -1, -1, 1, -1, MRM_2ndStage, 1, 0, 0, 0, 0, 0, NoFallOff, 1, 10, 1, 0, Pooled, 2670, 900, 7000, 120
MRM_2ndStage, 5000, Kinetic, Kinetic, Kinetic, Kinetic, -1, -1, 2, -1, -1, -1, 5, -1, None, 0, 0, 0, 0, 0, 0, NoFallOff, 5, 20000, 5, 0, Pooled, 900, 1000, 7000, 900
MRM, 100, Kinetic, Kinetic, Kinetic, Kinetic, -1, -1, -1, -1, -1, -1, 1, -1, MRM_2ndStage, 1, 0, 0, 0, 0, 0, NoFallOff, 1, 10, 1, 0, Pooled, 2670, 900, 7000, 120
MRM_2ndStage, 5000, Kinetic, Kinetic, Kinetic, Kinetic, -1, -1, 2, -1, -1, -1, 5, -1, None, 0, 0, 0, 0, 0, 0, NoFallOff, 5, 20000, 5, 0, Pooled, 900, 1000, 7000, 900
SSRM, 1, Energy, Energy, Energy, Energy, -1, -1, 2, -1, -1, -1, 1, -1, SRM_Acceleration, 1, 0, 0, 0, 0, 0, NoFallOff, 1, 1, 0, 0, Pooled, 1800, 245, 10000, 30
SRM_Acceleration, 1, Kinetic, Energy, Energy, Energy, -1, -1, -1, -1, -1, -1, 1, -1, SRM_Detonation, 8, 90, 0, 0, 0, 0, NoFallOff, 10, 10000, 0, 0, Pooled, 550, 650, 7000, 1900
SRM_Detonation, 1, Energy, Energy, Energy, Energy, -1, -1, 2, -1, -1, -1, 1, -1, None, 0, 0, 0, 0, 0, 0, NoFallOff, 8, 10000, 4, 0, Pooled, 0, 9000, 15, 0
ERPPC Main, 1000, Energy, Energy, Energy, Energy, -1, -1, -1, -1, 1.5, 0.5, 6, -1.2, ERPPC_EWAR, 1, 0, 0, 0, 0, 0, NoFallOff, 5, 10000, 2, 0, Curve, 0, 2400, 5000, 300
ERPPC_EWAR, 1, Energy, Energy, Energy, Energy, -1, -1, -1, -1, -1, -1, 1, -1, None, 0, 0, 0, 0, 0, 0, NoFallOff, 0, 0, 0, 0, NoFallOff, 0, 2400, 10000, 300
ERPPCFXshots, 0.4, Energy, Energy, Energy, Energy, -1, -1, -1, -1, -1, -1, 1, -1, None, 0, 0, 0, 0, 0, 0, NoFallOff, 1, 0.4, 1, 0, NoFalloff, 0, 2400, 10000, 0
ERPPCFXshots2, 0.4, Energy, Energy, Energy, Energy, -1, -1, -1, -1, -1, -1, 1, -1, None, 0, 0, 0, 0, 0, 0, NoFallOff, 1, 0.4, 1, 0, NoFalloff, 0, 2400, 10000, 0
ERPPCFXshots3, 1, Energy, Energy, Energy, Energy, -1, -1, -1, -1, -1, -1, 1, -1, None, 0, 0, 0, 0, 0, 0, NoFallOff, 1, 1, 1, 0, NoFalloff, 0, 1100, 15000, 0
ERPPCFXshots4, 1, Energy, Energy, Energy, Energy, -1, -1, -1, -1, -1, -1, 1, -1, None, 0, 0, 0, 0, 0, 0, NoFallOff, 0, 0, 0, 0, NoFallOff, 0, 1100, 7000, 0
RWR_P_Fake, 0.4, Kinetic, Kinetic, Kinetic, Kinetic, -1, -1, -1, -1, -1, -1, 1, -1, None, 0, 0, 0, 0, 0, 0, NoFallOff, 0, 0, 0, 0, NoFallOff, 0, 3000, 4000, 1
RWR_P_Fake, 0.4, Kinetic, Kinetic, Kinetic, Kinetic, -1, -1, -1, -1, -1, -1, 1, -1, None, 0, 0, 0, 0, 0, 0, NoFallOff, 0, 0, 0, 0, NoFallOff, 0, 3000, 4000, 1
Radiowave, 0, Energy, Energy, Energy, Energy, 0.01, 0.01, 0.01, 0.01, 0.01, 0.01, 0.01, 0, None, 0, 0, 0, 0, 0, 0, NoFallOff, 0, 0, 0, 0, NoFallOff, 0, 0, 50000, 0
Flare, 100, Kinetic, Energy, Energy, Energy, -1, -1, -1, -1, -1, -1, 1, -1, FlarePulse, 1, 0, 0, 0, 0, 0, NoFallOff, 1, 0.4, 1, 0, Pooled, 150, 150, 5000, 1
FlarePulse, 1, Kinetic, Energy, Energy, Energy, -1, -1, -1, -1, -1, -1, 1, -1, None, 0, 0, 0, 0, 0, 0, NoFallOff, 0, 0, 0, 0, NoFallOff, 0, 200, 3500, 300
FlareCandy, 1, Kinetic, Energy, Energy, Energy, -1, -1, -1, -1, -1, -1, 1, -1, None, 0, 0, 0, 0, 0, 0, NoFallOff, 0, 0, 0, 0, NoFallOff, 0, 900, 10000, 180
20mm High Velocity, 1, Kinetic, Kinetic, Kinetic, Kinetic, -1, 50, -1, -1, -1, -1, 1, -1, None, 0, 0, 0, 0, 0, 0, NoFallOff, 1, 1, 1, 0, Pooled, 0, 1800, 2600, 150
PDC_Bullet_AOE, 0.4, Kinetic, Kinetic, Kinetic, Kinetic, -1, -1, -1, -1, -1, -1, 1, -1, None, 0, 0, 0, 0, 0, 0, NoFallOff, 2.5, 500, 1, 0, Pooled, 0, 1800, 2600, 150
20mm High Velocity, 1, Kinetic, Kinetic, Kinetic, Kinetic, -1, 50, -1, -1, -1, -1, 1, -1, None, 0, 0, 0, 0, 0, 0, NoFallOff, 1, 1, 1, 0, Pooled, 0, 1800, 2600, 150
PDC_Bullet_AOE, 0.4, Kinetic, Kinetic, Kinetic, Kinetic, -1, -1, -1, -1, -1, -1, 1, -1, None, 0, 0, 0, 0, 0, 0, NoFallOff, 2.5, 500, 1, 0, Pooled, 0, 1800, 2600, 150
20mm High Velocity, 1, Kinetic, Kinetic, Kinetic, Kinetic, -1, 50, -1, -1, -1, -1, 1, -1, None, 0, 0, 0, 0, 0, 0, NoFallOff, 1, 1, 1, 0, Pooled, 0, 1800, 2600, 150
PDC_Bullet_AOE, 0.4, Kinetic, Kinetic, Kinetic, Kinetic, -1, -1, -1, -1, -1, -1, 1, -1, None, 0, 0, 0, 0, 0, 0, NoFallOff, 2.5, 500, 1, 0, Pooled, 0, 1800, 2600, 150
20mm High Velocity, 1, Kinetic, Kinetic, Kinetic, Kinetic, -1, 50, -1, -1, -1, -1, 1, -1, None, 0, 0, 0, 0, 0, 0, NoFallOff, 1, 1, 1, 0, Pooled, 0, 1800, 2600, 150
PDC_Bullet_AOE, 0.4, Kinetic, Kinetic, Kinetic, Kinetic, -1, -1, -1, -1, -1, -1, 1, -1, None, 0, 0, 0, 0, 0, 0, NoFallOff, 2.5, 500, 1, 0, Pooled, 0, 1800, 2600, 150
20mm High Velocity, 1, Kinetic, Kinetic, Kinetic, Kinetic, -1, 50, -1, -1, -1, -1, 1, -1, None, 0, 0, 0, 0, 0, 0, NoFallOff, 1, 1, 1, 0, Pooled, 0, 1800, 2600, 150
PDC_Bullet_AOE, 0.4, Kinetic, Kinetic, Kinetic, Kinetic, -1, -1, -1, -1, -1, -1, 1, -1, None, 0, 0, 0, 0, 0, 0, NoFallOff, 2.5, 500, 1, 0, Pooled, 0, 1800, 2600, 150
40mm APHE Shell, 5250, Kinetic, Energy, Energy, Energy, -1, -1, -1, -1, -1, 1.5, 2, 0, None, 0, 0, 0, 0, 0, 0, NoFallOff, 4.5, 1250, 1.5, 0, Linear, 0, 1250, 3000, 1200
80mm APHE Shell, 2750, Kinetic, Energy, Energy, Energy, -1, -1, -1, -1, -1, 1, 1, 0, None, 0, 0, 0, 0, 0, 0, NoFallOff, 3, 12750, 3, 0, Pooled, 0, 1500, 5000, 1200
TurretedPulseLaser, 6000, Energy, Energy, Energy, Energy, -1, 0.85, -1, 0.75, 2, 1.5, 4, -2, None, 0, 0, 0, 0, 0, 0, NoFallOff, 0, 0, 0, 0, NoFallOff, 0, 5000, 3650, 1200
Light_Railgun_Slug, 8000, Kinetic, Kinetic, Kinetic, Kinetic, -1, -1, -1, -1, -1, -1, 1, 0, None, 0, 0, 0, 0, 0, 0, NoFallOff, 0, 0, 0, 0, NoFallOff, 0, 3000, 7000, 600
Small_Railgun_Ammo_VFX1, 1, Kinetic, Kinetic, Kinetic, Kinetic, -1, -1, -1, -1, -1, -1, -1, -1, None, 0, 0, 0, 0, 0, 0, NoFallOff, 0, 0, 0, 0, NoFallOff, 0, 3000, 7000, 600
Small_Railgun_Ammo_VFX2, 1, Kinetic, Kinetic, Kinetic, Kinetic, -1, -1, -1, -1, -1, -1, -1, -1, None, 0, 0, 0, 0, 0, 0, NoFallOff, 0, 0, 0, 0, NoFallOff, 0, 3000, 7000, 600
Odin_Railgun_Slug, 8000, Kinetic, Kinetic, Kinetic, Kinetic, -1, -1, -1, -1, -1, -1, 2, 0, Odin_Railgun_Frag, 16, 60, 0, 0, 0, 0, NoFallOff, 4, 60000, 2, 0, Pooled, 0, 2500, 7000, 1200
Odin_Railgun_VFX1, 1, Kinetic, Kinetic, Kinetic, Kinetic, -1, -1, -1, -1, -1, -1, -1, -1, None, 0, 0, 0, 0, 0, 0, NoFallOff, 0, 0, 0, 0, NoFallOff, 0, 2500, 7000, 1200
Odin_Railgun_VFX2, 1, Kinetic, Kinetic, Kinetic, Kinetic, -1, -1, -1, -1, -1, -1, -1, -1, None, 0, 0, 0, 0, 0, 0, NoFallOff, 0, 0, 0, 0, NoFallOff, 0, 2500, 7000, 1200
Odin_Railgun_Frag, 16000, Kinetic, Kinetic, Kinetic, Kinetic, -1, -1, -1, -1, -1, -1, 2, 0, None, 0, 0, 0, 0, 0, 0, NoFallOff, 0, 0, 0, 0, NoFallOff, 0, 1200, 50, 1200
27-Inch HE, 500000, Kinetic, Kinetic, Kinetic, Kinetic, -1, -1, 0.25, -1, -1, 0.2, 2, 0, HE_Fragment, 36, 8, 0, 0, 0, 0, NoFallOff, 3, 5, 3, 0, NoFalloff, 0, 1400, 6500, 280
HE_Fragment, 33750, Kinetic, Kinetic, Kinetic, Kinetic, -1, -1, -1, 0.25, -1, 0.25, 0.75, -1, None, 0, 0, 0, 0, 0, 0, NoFallOff, 0, 0, 0, 0, NoFallOff, 0, 400, 1500, 240
Distractor Shell, 100, Kinetic, Kinetic, Kinetic, Kinetic, -1, -1, 0.25, -1, -1, 0.2, 2, 0, Thump_Flare_Travel, 8, 4, 0, 0, 0, 0, NoFallOff, 0, 0, 0, 0, NoFallOff, 0, 400, 6500, 1
Thump_Flare_Travel, 1, Kinetic, Kinetic, Kinetic, Kinetic, -1, -1, -1, 0.25, -1, 0.25, 0.75, -1, Thump_Flare, 1, 1, 0, 0, 0, 0, NoFallOff, 0, 0, 0, 0, NoFallOff, 0, 400, 4000, 600
Thump_Flare, 1, Energy, Energy, Energy, Energy, -1, -1, -1, -1, -1, -1, 1, -1, None, 0, 0, 0, 0, 0, 0, NoFallOff, 1, 1, 1, 0, Pooled, 475, 675, 3500, 560
CoilGunAmmo, 100000, Kinetic, Kinetic, Kinetic, Kinetic, -1, 0.25, -1, -1, -1, 0.75, 5.09, -1, None, 0, 0, 0, 0, 0, 0, NoFallOff, 8, 175000, 8, 0, Pooled, 0, 1800, 10000, 2400
CoilGunAmmo_VFX1, 4, Kinetic, Energy, Energy, Energy, -1, 0.25, -1, -1, -1, 0.75, 3, -1, None, 0, 0, 0, 0, 0, 0, NoFallOff, 0, 0, 0, 0, NoFallOff, 0, 1800, 10000, 2400
CoilGunAmmo_VFX2, 0.001, Kinetic, Energy, Energy, Energy, -1, 0.25, -1, -1, -1, 0.75, 3, -1, None, 0, 0, 0, 0, 0, 0, NoFallOff, 0, 0, 0, 0, NoFallOff, 0, 1800, 10000, 2400
CoilGunAmmo_VFX3, 0.001, Kinetic, Energy, Energy, Energy, -1, 0.25, -1, -1, -1, 0.75, 3, -1, None, 0, 0, 0, 0, 0, 0, NoFallOff, 0, 0, 0, 0, NoFallOff, 0, 1800, 10000, 2400
Plasma_Beam, 4500, Kinetic, Energy, Energy, Energy, -1, -1, -1, -1, -1, -1, 1, -1, None, 0, 0, 0, 0, 0, 0, NoFallOff, 0, 0, 0, 0, NoFallOff, 0, 8000, 5000, 1200
Hurricane APCBC, 33000, Kinetic, Kinetic, Kinetic, Kinetic, -1, -1, -1, 0.5, -1, 0.5, 1, -1, H_APHE_Fragment, 6, 180, 0, 0, 0, 0, NoFallOff, 5, 24000, 3, 0, InvCurve, 0, 1300, 5400, 1000
H_APHE_Fragment, 10000, Kinetic, Kinetic, Kinetic, Kinetic, -1, -1, -1, 0.5, -1, 0.5, 1, -1, None, 0, 0, 0, 0, 0, 0, NoFallOff, 0, 0, 0, 0, NoFallOff, 0, 1200, 8, 15
High-Explosive Shell BC7, 20500, Energy, Energy, Energy, Energy, -1, -1, -1, -1, 2, 0.75, 2, -1, BC7_HE_Fragment, 12, 270, 0, 0, 0, 0, NoFallOff, 7.5, 70000, 2.5, 0, Pooled, 0, 1800, 8200, 900
BC7_HE_Fragment, 20500, Energy, Energy, Energy, Energy, -1, -1, -1, -1, 0.65, -1, 0.75, -1, None, 0, 0, 0, 0, 0, 0, NoFallOff, 0, 0, 0, 0, NoFallOff, 0, 400, 30, 600
High-Velocity AP BC7, 80000, Kinetic, Kinetic, Kinetic, Kinetic, -1, -1, -1, 0.5, 1, 0.5, 2.45, -1, None, 0, 0, 0, 0, 0, 0, NoFallOff, 0, 0, 0, 0, NoFallOff, 0, 3200, 8200, 900
High-Explosive Shell BC7, 20500, Energy, Energy, Energy, Energy, -1, -1, -1, -1, 2, 0.75, 2, -1, BC7_HE_Fragment, 12, 270, 0, 0, 0, 0, NoFallOff, 7.5, 70000, 2.5, 0, Pooled, 0, 1800, 8200, 900
BC7_HE_Fragment, 20500, Energy, Energy, Energy, Energy, -1, -1, -1, -1, 0.65, -1, 0.75, -1, None, 0, 0, 0, 0, 0, 0, NoFallOff, 0, 0, 0, 0, NoFallOff, 0, 400, 30, 600
High-Velocity AP BC7, 80000, Kinetic, Kinetic, Kinetic, Kinetic, -1, -1, -1, 0.5, 1, 0.5, 2.45, -1, None, 0, 0, 0, 0, 0, 0, NoFallOff, 0, 0, 0, 0, NoFallOff, 0, 3200, 8200, 900
High-Explosive Shell BC5, 13650, Kinetic, Energy, Energy, Energy, -1, -1, -1, 0.9, 2, 0.75, 1, -1, BC5_HE_Fragment, 10, 270, 0, 0, 0, 0, NoFallOff, 6, 40000, 2.5, 0, Pooled, 0, 1100, 7200, 1000
BC5_HE_Fragment, 12150, Energy, Energy, Energy, Energy, -1, -1, -1, 0.5, -1, 0.85, 1, -1, None, 0, 0, 0, 0, 0, 0, NoFallOff, 0, 0, 0, 0, NoFallOff, 0, 1200, 8, 15
High Velocity AP BC5, 60000, Kinetic, Kinetic, Kinetic, Kinetic, -1, -1, -1, 1, 1, 0.5, 1.75, -1, None, 0, 0, 0, 0, 0, 0, NoFallOff, 0, 0, 0, 0, NoFallOff, 0, 2200, 7200, 1000
High-Explosive Shell BC5, 13650, Kinetic, Energy, Energy, Energy, -1, -1, -1, 0.9, 2, 0.75, 1, -1, BC5_HE_Fragment, 10, 270, 0, 0, 0, 0, NoFallOff, 6, 40000, 2.5, 0, Pooled, 0, 1100, 7200, 1000
BC5_HE_Fragment, 12150, Energy, Energy, Energy, Energy, -1, -1, -1, 0.5, -1, 0.85, 1, -1, None, 0, 0, 0, 0, 0, 0, NoFallOff, 0, 0, 0, 0, NoFallOff, 0, 1200, 8, 15
High Velocity AP BC5, 60000, Kinetic, Kinetic, Kinetic, Kinetic, -1, -1, -1, 1, 1, 0.5, 1.75, -1, None, 0, 0, 0, 0, 0, 0, NoFallOff, 0, 0, 0, 0, NoFallOff, 0, 2200, 7200, 1000
High-Explosive Shell BC3, 13650, Energy, Energy, Energy, Energy, -1, -1, -1, 0.75, 0.75, 0.75, 1, -1, BC3_HE_Fragment, 10, 180, 0, 0, 0, 0, NoFallOff, 3.5, 22000, 2.5, 0, Pooled, 0, 1100, 6200, 1250
BC3_HE_Fragment, 10250, Energy, Energy, Energy, Energy, -1, -1, -1, 0.5, 0.65, -1, 0.7, -1, None, 0, 0, 0, 0, 0, 0, NoFallOff, 0, 0, 0, 0, NoFallOff, 0, 1200, 8, 15
Armor-Penetrator Shell BC3, 35000, Kinetic, Kinetic, Kinetic, Kinetic, -1, -1, -1, 0.75, 1, 0.5, 2, -1, None, 0, 0, 0, 0, 0, 0, NoFallOff, 0, 0, 0, 0, NoFallOff, 0, 2200, 6200, 1250
High-Explosive Shell BC3, 13650, Energy, Energy, Energy, Energy, -1, -1, -1, 0.75, 0.75, 0.75, 1, -1, BC3_HE_Fragment, 10, 180, 0, 0, 0, 0, NoFallOff, 3.5, 22000, 2.5, 0, Pooled, 0, 1100, 6200, 1250
BC3_HE_Fragment, 10250, Energy, Energy, Energy, Energy, -1, -1, -1, 0.5, 0.65, -1, 0.7, -1, None, 0, 0, 0, 0, 0, 0, NoFallOff, 0, 0, 0, 0, NoFallOff, 0, 1200, 8, 15
Armor-Penetrator Shell BC3, 35000, Kinetic, Kinetic, Kinetic, Kinetic, -1, -1, -1, 0.75, 1, 0.5, 2, -1, None, 0, 0, 0, 0, 0, 0, NoFallOff, 0, 0, 0, 0, NoFallOff, 0, 2200, 6200, 1250
Ammo 1, 20000, Kinetic, Energy, Energy, Energy, -1, -1, -1, -1, -1, -1, 1, -1, Mine_Static, 1, 1, 0, 0, 0, 0, NoFallOff, 0, 0, 0, 0, NoFallOff, 0, 10, 3000, 300
Mine_Static, 111, Kinetic, Energy, Energy, Energy, -1, -1, -1, -1, -1, -1, 1, -1, None, 0, 0, 0, 0, 0, 0, NoFallOff, 5, 5, 1, 0, Squeeze, 0, 0, 1000, 1200
Vortex Torpedo, 123, Kinetic, Energy, Energy, Energy, -1, -1, -1, -1, -1, -1, 1, -1, Vortex_Effect_Frag, 1, 15, 0, 0, 0, 0, NoFallOff, 0, 0, 0, 0, NoFallOff, 200, 1000, 6000, 1800
Vortex_Effect_Frag, 123, Kinetic, Energy, Energy, Energy, -1, -1, -1, -1, -1, -1, 1, -1, None, 0, 0, 0, 0, 0, 0, NoFallOff, 0, 0, 0, 0, NoFallOff, 0, 8000, 1500, 300
Thor_Launch, 1000, Energy, Energy, Energy, Energy, -1, -1, -1, -1, -1, -1, 1, -1, Thor_Travel, 1, 20, 0, 0, 0, 0, NoFallOff, 0, 0, 0, 0, NoFallOff, 200, 800, 8000, 1800
Thor_Travel, 1000, Energy, Energy, Energy, Energy, -1, -1, -1, -1, -1, -1, 1, -1, Thor_Terminal, 8, 30, 0, 0, 0, 0, NoFallOff, 0, 0, 0, 0, NoFallOff, 200, 800, 8000, 1800
Thor_Travel_2, 1000, Energy, Energy, Energy, Energy, -1, -1, -1, -1, -1, -1, 1, -1, Thor_Terminal_2, 8, 30, 0, 0, 0, 0, NoFallOff, 0, 0, 0, 0, NoFallOff, 200, 800, 8000, 1800
Thor_Terminal, 1000, Energy, Energy, Energy, Energy, -1, -1, -1, -1, -1, -1, 1, -1, None, 0, 0, 0, 0, 0, 0, NoFallOff, 0, 0, 0, 0, NoFallOff, 1200, 1200, 8000, 1800
Thor_Terminal_2, 1000, Energy, Energy, Energy, Energy, -1, -1, -1, -1, -1, -1, 1, -1, None, 0, 0, 0, 0, 0, 0, NoFallOff, 0, 0, 0, 0, NoFallOff, 1200, 1200, 8000, 1800
80mm HE Shell, 1, Kinetic, Kinetic, Kinetic, Kinetic, -1, -1, -1, -1, 0.5, 1, 1, 0, Fragment_Primary, 1, 95, 0, 0, 0, 0, NoFallOff, 1.5, 32500, 1.5, 8500, Pooled, 0, 1500, 3500, 240
80mm AP Shell, 32500, Kinetic, Kinetic, Kinetic, Kinetic, -1, 0.25, 1, 0.25, -1, 0.25, 0.5, 0, Fragment_Secondary, 1, 95, 0, 0, 0, 0, NoFallOff, 1, 1, 1, 0, Pooled, 0, 1500, 3500, 240
Phantom_Primary, 50000, Kinetic, Energy, Energy, Energy, -1, -1, 0.01, 0.01, 0.01, 0.01, 1, -1, None, 0, 0, 0, 0, 0, 0, NoFallOff, 0, 0, 0, 0, NoFallOff, 0, 1500, 5000, 900
Phantom_Secondary, 1, Kinetic, Energy, Energy, Energy, -1, -1, -1, -1, -1, -1, 1, -1, None, 0, 0, 0, 0, 0, 0, NoFallOff, 0, 0, 0, 0, NoFallOff, 0, 1500, 5000, 900
Fragment_Primary, 1, Kinetic, Energy, Energy, Energy, -1, -1, -1, -1, -1, -1, 1, -1, None, 0, 0, 0, 0, 0, 0, NoFallOff, 0, 0, 0, 0, NoFallOff, 0, 1500, 5000, 900
Fragment_Secondary, 1, Kinetic, Energy, Energy, Energy, -1, -1, -1, -1, -1, -1, 1, -1, None, 0, 0, 0, 0, 0, 0, NoFallOff, 0, 0, 0, 0, NoFallOff, 0, 1500, 5000, 900
60mm HE Shell, 1, Kinetic, Kinetic, Kinetic, Kinetic, -1, -1, -1, -1, 0.5, 2, 2, 0, None, 0, 0, 0, 0, 0, 0, NoFallOff, 1.5, 4125, 1.5, 8500, Pooled, 0, 1250, 3500, 240
60mm AP Shell, 8250, Kinetic, Kinetic, Kinetic, Kinetic, -1, 0.25, -1, -1, -1, 0.5, 0.5, 0, None, 0, 0, 0, 0, 0, 0, NoFallOff, 0, 0, 0, 0, NoFallOff, 0, 1250, 3500, 240
Phantom_Primary, 1, Kinetic, Energy, Energy, Energy, -1, -1, -1, -1, -1, -1, 1, -1, None, 0, 0, 0, 0, 0, 0, NoFallOff, 0, 0, 0, 0, NoFallOff, 0, 1250, 5000, 900
Phantom_Secondary, 1, Kinetic, Energy, Energy, Energy, -1, -1, -1, -1, -1, -1, 1, -1, None, 0, 0, 0, 0, 0, 0, NoFallOff, 0, 0, 0, 0, NoFallOff, 0, 1250, 5000, 900
Pulse Laser, 6000, Energy, Energy, Energy, Energy, -1, -1, -1, 0.9, 0.65, 1, 3, 0, None, 0, 0, 0, 0, 0, 0, NoFallOff, 0, 0, 0, 0, NoFallOff, 0, 5000, 3500, 1200
Shield H. Pulse Laser, 12000, Energy, Energy, Energy, Energy, 0.01, 0.01, 0.01, 0.01, 0.01, 0.01, 2, 0, None, 0, 0, 0, 0, 0, 0, NoFallOff, 0, 0, 0, 0, NoFallOff, 0, 5000, 2000, 1200
Light Pulse Laser, 5000, Energy, Energy, Energy, Energy, -1, 0.85, -1, -1, 2, 2, 4, 0, None, 0, 0, 0, 0, 0, 0, NoFallOff, 0, 0, 0, 0, NoFallOff, 0, 5000, 3500, 1200
175mm Flak Shell, 2325, Kinetic, Energy, Kinetic, Kinetic, 0.75, 0.55, 0.15, 0.22, 0.11, 0.28, 1, 0, Flak_Shell_Frag, 2, 90, 0, 0, 0, 0, NoFallOff, 20, 50, 20, 0, Linear, 0, 6000, 4500, 1200
175mm HE Direct Fire, 725, Energy, Energy, Energy, Energy, 0.8, 0.45, 0.35, 0.25, 0.4, 0.8, 4, -1, None, 0, 0, 7.5, 2500, 7.5, 0, Pooled, 0, 0, 0, 0, NoFallOff, 0, 1500, 4500, 1200
HEShrapBase, 10, Energy, Energy, Energy, Energy, -1, -1, 1, 0.6, 0.4, 0.8, 4, -1, HEShrap, 50, 360, 0, 0, 0, 0, NoFallOff, 5, 750, 0, 0, Pooled, 0, 0, 2, 3
HEShrap, 175, Kinetic, Kinetic, Kinetic, Kinetic, -1, 0.5, -1, -1, 0.75, -1, 4, -1, None, 0, 0, 0, 0, 0, 0, NoFallOff, 0, 0, 0, 0, NoFallOff, 0, 0, 40, 10
Flak_Shell_Frag, 125, Kinetic, Energy, Kinetic, Kinetic, 0.8, 0.45, 0.35, 0.25, 0.15, 0.2, 1, 5, None, 0, 0, 0, 0, 0, 0, NoFallOff, 15, 50, 15, 0, Linear, 1000, 500, 1000, 12
Flak Wall Test, 5000, Kinetic, Kinetic, Kinetic, Kinetic, -1, -1, 0.25, -1, -1, 0.2, 2, 0, Canister_FragmentFF, 8, 95, 0, 0, 0, 0, NoFallOff, 5, 500, 5, 0, Pooled, 0, 3000, 1000, 280
Canister_FragmentFF, 5000, Kinetic, Kinetic, Kinetic, Kinetic, -1, -1, -1, 0.25, -1, 0.25, 1, -1, None, 0, 0, 0, 0, 0, 0, NoFallOff, 5, 500, 5, 0, Linear, 0, 1000, 1000, 150
Plasma_Shot, 1000, Energy, Energy, Energy, Energy, -1, -1, -1, -1, 1.5, 1.25, 2.5, -1, None, 0, 0, 0, 0, 0, 0, NoFallOff, 12.5, 14000, 1.5, 0, Pooled, 0, 600, 7000, 1200
Fission_Beam_Primary, 10, Energy, Energy, Energy, Energy, -1, -1, 1, 1, 1, 0.5, -1, -1, None, 0, 0, 0, 0, 0, 0, NoFallOff, 0, 0, 0, 0, NoFallOff, 0, 30000, 3500, 1200
Fission_Beam_Secondary, 30000, Energy, Energy, Energy, Energy, -1, -1, 1, 0.9, 1.1, 1, 0.01, -1, None, 0, 0, 0, 0, 0, 0, NoFallOff, 20, 200000, 1, 0, Pooled, 0, 30000, 3500, 1200
BFG_Cannon_Primary, 30000, Kinetic, Energy, Energy, Energy, -1, -1, 1, 1, 1, 1, 1, -1, C_HE_Fragment, 1, 0, 0, 0, 0, 0, NoFallOff, 0, 0, 0, 0, NoFallOff, 300, 1000, 7000, 780
C_HE_Fragment, 500, Kinetic, Kinetic, Kinetic, Kinetic, -1, -1, -1, 0.25, -1, 0.25, 1, -1, None, 0, 0, 0, 0, 0, 0, NoFallOff, 0, 0, 0, 0, NoFallOff, 0, 500, 100, 30
Ion_Beam, 45000, Kinetic, Energy, Energy, Energy, -1, -1, -1, -1, -1, -1, 1, -1, None, 0, 0, 0, 0, 0, 0, NoFallOff, 0, 0, 0, 0, NoFallOff, 0, 8000, 10000, 1200
Scattergun_Base, 4125, Kinetic, Energy, Energy, Energy, -1, -1, -1, -1, -1, -1, 1, -1, None, 0, 0, 0, 0, 0, 0, NoFallOff, 0, 0, 0, 0, NoFallOff, 0, 750, 4500, 900
Scattergun_Shot_2, 10000, Kinetic, Energy, Energy, Energy, -1, -1, -1, -1, -1, -1, 1, -1, None, 0, 0, 0, 0, 0, 0, NoFallOff, 0, 0, 0, 0, NoFallOff, 0, 325, 4000, 900
Scattergun_Sabot, 4000, Kinetic, Energy, Energy, Energy, -1, -1, -1, -1, -1, -1, 1, -1, None, 0, 0, 0, 0, 0, 0, NoFallOff, 0, 0, 0, 0, NoFallOff, 0, 1400, 1000, 300
SLAMMO, 2500, Energy, Energy, Energy, Energy, -1, -1, 3, -1, -1, 0.5, 6, -1, SLAM Nuke Acceleration, 1, 0, 0, 0, 0, 0, NoFallOff, 6, 10000, 4, 0, Linear, 200, 1000, 500000, 8420
SLAM Nuke Acceleration, 111, Kinetic, Energy, Energy, Energy, -1, -1, -1, -1, -1, -1, 1, -1, SLAM Nuke Terminal, 1, 0, 0, 0, 0, 0, NoFallOff, 0, 0, 0, 0, NoFallOff, 110, 3700, 10000, 8000
SLAM Nuke Terminal, 10, Kinetic, Energy, Energy, Energy, -1, -1, -1, -1, -1, -1, 1, -1, SLAM Nuke Frag, 24, 180, 0, 0, 0, 0, NoFallOff, 12, 45000, 6, 0, Linear, 110, 3700, 4000, 500
SLAM Nuke Frag, 1, Energy, Energy, Energy, Energy, -1, -1, -1, -1, -1, -1, 1, -1, None, 0, 0, 0, 0, 0, 0, NoFallOff, 6, 33500, 4, 0, Linear, 0, 1250, 16, 1
MetalStormProj1, 4000, Kinetic, Kinetic, Kinetic, Kinetic, -1, -1, -1, -1, -1, -1, 1, -1, None, 0, 0, 0, 0, 0, 0, NoFallOff, 0, 0, 0, 0, NoFallOff, 0, 1000, 4000, 0
BALLER, 1, Kinetic, Kinetic, Kinetic, Kinetic, -1, -1, -1, -1, -1, -1, 2, -1, BALLER_bounce1, 1, 0, 0, 0, 0, 0, NoFallOff, 1, 1, 1, 0, NoFalloff, 0, 500, 6500, 460
BALLER_bounce1, 1000, Kinetic, Kinetic, Kinetic, Kinetic, -1, -1, -1, -1, -1, -1, 1000, -1, BALLER_bounce2, 1, 0, 0, 0, 0, 0, NoFallOff, 1, 1, 1, 0, NoFalloff, 0, 500, 6500, 460
BALLER_bounce2, 1000, Kinetic, Kinetic, Kinetic, Kinetic, -1, -1, -1, -1, -1, -1, 1000, -1, BALLER_bounce3, 1, 0, 0, 0, 0, 0, NoFallOff, 1, 1, 1, 0, NoFalloff, 0, 500, 6500, 460
BALLER_bounce3, 1000, Kinetic, Kinetic, Kinetic, Kinetic, -1, -1, -1, -1, -1, -1, 1000, -1, BALLER_bounce4, 1, 0, 0, 0, 0, 0, NoFallOff, 1, 1, 1, 0, NoFalloff, 0, 500, 6500, 460
BALLER_bounce4, 1000, Kinetic, Kinetic, Kinetic, Kinetic, -1, -1, -1, -1, -1, -1, 1000, -1, BALLER_bounce5, 1, 0, 0, 0, 0, 0, NoFallOff, 1, 1, 1, 0, NoFalloff, 0, 500, 6500, 460
BALLER_bounce5, 1000, Kinetic, Kinetic, Kinetic, Kinetic, -1, -1, -1, -1, -1, -1, 1000, -1, BALLER_bounce6, 1, 0, 0, 0, 0, 0, NoFallOff, 1, 1, 1, 0, NoFalloff, 0, 500, 6500, 460
BALLER_bounce6, 1000, Kinetic, Kinetic, Kinetic, Kinetic, -1, -1, -1, -1, -1, -1, 1000, -1, BALLER_bounce7, 1, 0, 0, 0, 0, 0, NoFallOff, 1, 1, 1, 0, NoFalloff, 0, 500, 6500, 460
BALLER_bounce7, 1000, Kinetic, Kinetic, Kinetic, Kinetic, -1, -1, -1, -1, -1, -1, 1000, -1, BALLER_bounce8, 1, 0, 0, 0, 0, 0, NoFallOff, 1, 1, 1, 0, NoFalloff, 0, 500, 6500, 460
BALLER_bounce8, 1000, Kinetic, Kinetic, Kinetic, Kinetic, -1, -1, -1, -1, -1, -1, 1000, -1, BALLER_bounce9, 1, 0, 0, 0, 0, 0, NoFallOff, 1, 1, 1, 0, NoFalloff, 0, 500, 6500, 460
BALLER_bounce9, 1000, Kinetic, Kinetic, Kinetic, Kinetic, -1, -1, -1, -1, -1, -1, 1000, -1, BALLER_bounce10, 1, 0, 0, 0, 0, 0, NoFallOff, 1, 1, 1, 0, NoFalloff, 0, 500, 6500, 460
BALLER_bounce10, 1000, Kinetic, Kinetic, Kinetic, Kinetic, -1, -1, -1, -1, -1, -1, 1000, -1, None, 0, 0, 0, 0, 0, 0, NoFallOff, 1, 1, 1, 0, NoFalloff, 0, 500, 6500, 460
Afterburner_ammo_2, 3000, Energy, Energy, Energy, Energy, -1, -1, -1, -1, -1, -1, 0.001, -1, None, 0, 0, 0, 0, 0, 0, NoFallOff, 0, 0, 0, 0, NoFallOff, 0, 0, 50, 0
Afterburner_ammo_2_SG, 0, Energy, Energy, Energy, Energy, -1, -1, -1, -1, -1, -1, 0.001, -1, None, 0, 0, 0, 0, 0, 0, NoFallOff, 0, 0, 0, 0, NoFallOff, 0, 0, 50, 0
Afterburner_ammo_1, 3000, Energy, Energy, Energy, Energy, -1, -1, -1, -1, -1, -1, 0.001, -1, None, 0, 0, 0, 0, 0, 0, NoFallOff, 0, 0, 0, 0, NoFallOff, 0, 0, 50, 0
Afterburner_ammo_3, 3000, Energy, Energy, Energy, Energy, -1, -1, -1, -1, -1, -1, 0.001, -1, None, 0, 0, 0, 0, 0, 0, NoFallOff, 0, 0, 0, 0, NoFallOff, 0, 0, 50, 0
Afterburner_ammo_4, 3000, Energy, Energy, Energy, Energy, -1, -1, -1, -1, -1, -1, 0.001, -1, None, 0, 0, 0, 0, 0, 0, NoFallOff, 0, 0, 0, 0, NoFallOff, 0, 0, 50, 0
SRB_ammo, 3000, Energy, Energy, Energy, Energy, -1, -1, -1, -1, -1, -1, 1, -1, None, 0, 0, 0, 0, 0, 0, NoFallOff, 0, 0, 0, 0, NoFallOff, 0, 0, 50, 0
DETPAK, 1, Kinetic, Energy, Energy, Energy, -1, -1, -1, -1, -1, -1, 1, -1, DETPAK2, 1, 0, 0, 0, 0, 0, NoFallOff, 0, 0, 0, 0, NoFallOff, 0, 50, 10, 10
DETPAK2, 1, Kinetic, Energy, Energy, Energy, -1, -1, -1, -1, -1, -1, 1, -1, None, 0, 0, 0, 0, 0, 0, NoFallOff, 0, 0, 0, 0, NoFallOff, 0, 100, 100, 100
DETPAK, 1, Kinetic, Energy, Energy, Energy, -1, -1, -1, -1, -1, -1, 1, -1, DETPAK2, 1, 0, 0, 0, 0, 0, NoFallOff, 0, 0, 0, 0, NoFallOff, 0, 50, 10, 10
DETPAK2, 1, Kinetic, Energy, Energy, Energy, -1, -1, -1, -1, -1, -1, 1, -1, None, 0, 0, 0, 0, 0, 0, NoFallOff, 0, 0, 0, 0, NoFallOff, 0, 100, 100, 100
DETPAK, 1, Kinetic, Energy, Energy, Energy, -1, -1, -1, -1, -1, -1, 1, -1, DETPAK2, 1, 0, 0, 0, 0, 0, NoFallOff, 0, 0, 0, 0, NoFallOff, 0, 50, 10, 10
DETPAK2, 1, Kinetic, Energy, Energy, Energy, -1, -1, -1, -1, -1, -1, 1, -1, None, 0, 0, 0, 0, 0, 0, NoFallOff, 0, 0, 0, 0, NoFallOff, 0, 100, 100, 100
VanillaBulletAMS, 1500, Kinetic, Kinetic, Kinetic, Kinetic, -1, -1, -1, -1, -1, -1, 1, -1, None, 0, 0, 0, 0, 0, 0, NoFallOff, 0, 0, 0, 0, NoFallOff, 0, 1800, 2500, 150
VanillaBulletAMS_AOE, 0.4, Kinetic, Kinetic, Kinetic, Kinetic, -1, -1, -1, -1, -1, -1, 1, -1, , 0, 0, 0, 0, 0, 0, NoFallOff, 15, 0.4, 15, 0, Pooled, 0, 1800, 2500, 250
Unguided Rockets, 500, Energy, Energy, Energy, Energy, -1, -1, -1, -1, -1, 0.5, 1.8, -1, None, 0, 0, 0, 0, 0, 0, NoFallOff, 7, 10000, 3, 0, Curve, 0, 1900, 5000, 160
Mostly Guided Rocket, 1600, Energy, Energy, Energy, Energy, -1, -1, -1, -1, -1, 0.3, 2, -1, None, 0, 0, 0, 0, 0, 0, NoFallOff, 9, 9000, 3, 0, Pooled, 300, 500, 7000, 1500
Autocannon Shell, 600, Kinetic, Kinetic, Kinetic, Kinetic, 3, -1, -1, -1, 0.6, -1, 2, -1, None, 0, 0, 0, 0, 0, 0, NoFallOff, 0, 0, 0, 0, NoFallOff, 0, 700, 1800, 180
Assault Cannon Shell, 2750, Kinetic, Energy, Energy, Energy, -1, -1, -1, -1, -1, 1, 1, 0, None, 0, 0, 0, 0, 0, 0, NoFallOff, 3, 12750, 3, 0, Pooled, 0, 1500, 5000, 1200
Artillery Shell, 2750, Kinetic, Energy, Energy, Energy, -1, -1, -1, -1, -1, 1, 1, 0, None, 0, 0, 0, 0, 0, 0, NoFallOff, 3, 25500, 3, 0, Pooled, 0, 1500, 5000, 1200
Artillery Shell, 2750, Kinetic, Energy, Energy, Energy, -1, -1, -1, -1, -1, 1, 1, 0, None, 0, 0, 0, 0, 0, 0, NoFallOff, 3, 25500, 3, 0, Pooled, 0, 1500, 5000, 1200
Large Railgun Slug, 126000, Kinetic, Kinetic, Kinetic, Kinetic, -1, -1, 1.85, -1, -1, 2, 8, -1, None, 0, 0, 3, 5000, 1.25, 0, Curve, 1, 0.4, 1, 0, Pooled, 0, 6000, 12500, 120
VulcanShell, 2000, Kinetic, Kinetic, Kinetic, Kinetic, 1, 1, 1, 1, 1, 1, 2, -1, None, 0, 0, 0, 0, 0, 0, NoFallOff, 1, 1, 1, 0, Pooled, 0, 2000, 10000, 1200
Crossfield Beam, 50, Energy, Energy, Energy, Energy, -1, -1, -1, -1, -1, -1, 5, -2, None, 0, 0, 0, 0, 0, 0, NoFallOff, 0, 0, 0, 0, NoFallOff, 0, 4000, 2000, 0
Crossfield Beam, 50, Energy, Energy, Energy, Energy, -1, -1, -1, -1, -1, -1, 5, -2, None, 0, 0, 0, 0, 0, 0, NoFallOff, 0, 0, 0, 0, NoFallOff, 0, 4000, 2000, 0
Crossfield Beam, 50, Energy, Energy, Energy, Energy, -1, -1, -1, -1, -1, -1, 5, -2, None, 0, 0, 0, 0, 0, 0, NoFallOff, 0, 0, 0, 0, NoFallOff, 0, 4000, 2000, 0
Crossfield Beam, 50, Energy, Energy, Energy, Energy, -1, -1, -1, -1, -1, -1, 5, -2, None, 0, 0, 0, 0, 0, 0, NoFallOff, 0, 0, 0, 0, NoFallOff, 0, 4000, 2000, 0
EsperShell, 7500, Kinetic, Energy, Energy, Kinetic, 1, 1, 1, 1, 1, 1, 5, -1, EsperShot, 27, 2, 0, 0, 0, 0, NoFallOff, 1, 1, 1, 0, Pooled, 0, 2000, 6000, 1
EsperShot, 7500, Kinetic, Kinetic, Kinetic, Kinetic, 1, 1, 1, 1, 1, 1, 5, -1, None, 0, 0, 0, 0, 0, 0, NoFallOff, 0, 0, 0, 0, NoFallOff, 0, 2000, 6000, 1200
Mammon Beam, 1600, Energy, Energy, Energy, Energy, -1, -1, -1, 1, 2, 0.33, 5, -2, None, 0, 0, 0, 0, 0, 0, NoFallOff, 0, 0, 0, 0, NoFallOff, 0, 4000, 4500, 0
Thanatos Round, 35000, Kinetic, Energy, Energy, Kinetic, -1, -1, -1, -1, 1.5, -1, 4, -1, None, 0, 0, 0, 0, 0, 0, NoFallOff, 5, 120000, 5, 0, Pooled, 0, 1100, 10000, 0
Thanatos Guided, 1, Kinetic, Energy, Energy, Kinetic, -1, -1, -1, -1, 1.5, -1, 3, -1, None, 0, 0, 0, 0, 0, 0, NoFallOff, 1, 1, 1, 0, Pooled, 1150, 1100, 10000, 0
Thanatos UnGuided, 35000, Kinetic, Energy, Energy, Kinetic, -1, -1, -1, -1, 1.5, -1, 3, -1, None, 0, 0, 0, 0, 0, 0, NoFallOff, 5, 120000, 5, 0, Pooled, 0, 1100, 10000, 0
Standard, 500, Energy, Energy, Energy, Energy, -1, -1, 0.75, -1, -1, 2, 9, -1, None, 0, 0, 0, 0, 0, 0, NoFallOff, 5, 16666, 1, 0, Linear, 0, 1500, 9000, 500
Overload, 500, Energy, Energy, Energy, Energy, -1, -1, 0.5, -1, -1, 0.7, 1.375, -1, None, 0, 0, 0, 0, 0, 0, NoFallOff, 5, 16666, 1, 0, Linear, 0, 900, 3000, 500
APHE 600mm, 38500, Kinetic, Kinetic, Kinetic, Kinetic, -1, -1, -1, -1, 2.5, 2.5, 4, -1, 600mm Heavy Shell Frag, 16, 180, 0, 0, 0, 0, NoFallOff, 6, 50000, 4, 0, Curve, 0, 1100, 15000, 0
600mm Heavy Shell Frag, 8000, Kinetic, Kinetic, Kinetic, Kinetic, -1, -1, -1, -1, -1, -1, 1, -1, None, 0, 0, 0, 0, 0, 0, NoFallOff, 0, 0, 0, 0, NoFallOff, 0, 1100, 130, 0
HE 600mm, 1, Kinetic, Kinetic, Kinetic, Kinetic, -1, -1, -1, -1, 2.5, 2.5, 4, -1, 600mm Heavy Shell Frag, 20, 180, 0, 0, 0, 0, NoFallOff, 6, 50000, 4, 0, Curve, 0, 1100, 15000, 0
High Power Hunter, 5000, Energy, Energy, Energy, Energy, -1, -1, -1, -1, -1, -1, 3, -1, Hunter Shrapnel, 75, 80, 0, 0, 0, 0, NoFallOff, 3, 40000, 1, 0, Linear, 0, 8000, 15000, 0
Hunter Shrapnel, 16500, Energy, Energy, Energy, Energy, -1, -1, -1, 0.5, 2, -1, 1, -1, None, 0, 0, 0, 0, 0, 0, NoFallOff, 0, 0, 0, 0, NoFallOff, 0, 8500, 80, 0
Low Power Hunter, 2500, Energy, Energy, Energy, Energy, -1, -1, -1, -1, -1, -1, 1, 0.1, None, 0, 0, 0, 0, 0, 0, NoFallOff, 1, 1, 1, 0, NoFalloff, 0, 2500, 15000, 0
Unlimited Power Hunter, 800, Energy, Energy, Energy, Energy, -1, -1, -1, -1, -1, -1, 6, -1, Unlimited Power Branch, 1, 90, 0, 0, 0, 0, NoFallOff, 1, 1, 1, 0, NoFalloff, 900, 11, 5000, 10
Unlimited Power Branch, 800, Energy, Energy, Energy, Energy, -1, -1, -1, -1, -1, -1, 7, -1, Unlimited Power Branch 1, 1, 0, 0, 0, 0, 0, NoFallOff, 1, 1, 1, 0, NoFalloff, 0, 1, 5000, 105
Unlimited Power Branch 1, 800, Energy, Energy, Energy, Energy, -1, -1, -1, -1, -1, -1, 7, -1, None, 0, 0, 0, 0, 0, 0, NoFallOff, 1, 1, 1, 0, NoFalloff, 0, 5000, 5000, 1
Unlimited Power Branch 2, 800, Energy, Energy, Energy, Energy, -1, -1, -1, -1, -1, -1, 7, -1, None, 0, 0, 0, 0, 0, 0, NoFallOff, 1, 1, 1, 0, NoFalloff, 5000, 2500, 500, 0
Radiowave, 0, Energy, Energy, Energy, Energy, 0.01, 0.01, 0.01, 0.01, 0.01, 0.01, 0.01, 0, None, 0, 0, 0, 0, 0, 0, NoFallOff, 0, 0, 0, 0, NoFallOff, 0, 0, 50000, 0
AP 70mm, 8500, Kinetic, Kinetic, Kinetic, Kinetic, -1, -1, -1, -1, -1, -1, 1, -1, None, 0, 0, 0, 0, 0, 0, NoFallOff, 0, 0, 0, 0, NoFallOff, 0, 900, 3000, 900
AP 70mm, 8500, Kinetic, Kinetic, Kinetic, Kinetic, -1, -1, -1, -1, -1, -1, 1, -1, None, 0, 0, 0, 0, 0, 0, NoFallOff, 0, 0, 0, 0, NoFallOff, 0, 900, 3000, 900
Classic Ares, 1.009938E+07, Kinetic, Kinetic, Kinetic, Kinetic, -1, -1, 0.08, -1, -1, 0.07, 1, -1, None, 0, 0, 3.5, 3325000, 1, 0, Linear, 0, 0, 0, 0, NoFallOff, 0, 8000, 20000, 1000
Debug Ares, 660000, Kinetic, Kinetic, Kinetic, Kinetic, -1, -1, 2, -1, -1, 1.75, 25, -1, None, 0, 0, 0, 0, 0, 0, NoFallOff, 1, 1, 1, 0, Pooled, 0, 5000, 20000, 0
Fragment_Hitscan_Ares, 660000, Kinetic, Kinetic, Kinetic, Kinetic, -1, -1, 2, -1, -1, 1.75, 25, -1, None, 0, 0, 0, 0, 0, 0, NoFallOff, 1, 1, 1, 0, Pooled, 0, 0, 200, 0
Single Shot, 100000, Kinetic, Kinetic, Kinetic, Kinetic, -1, -1, -1, -1, -1, -1, 6, -1, None, 0, 0, 0, 0, 0, 0, NoFallOff, 3.5, 133000, 3, 0, Linear, 0, 8000, 15000, 0
AryxRailgunAmmoFrag, 6000, Kinetic, Kinetic, Kinetic, Kinetic, -1, -1, -1, -1, -1, 0.5, 1.5, -1, None, 0, 0, 0, 0, 0, 0, NoFallOff, 3.5, 133000, 3, 0, Linear, 0, 600, 50, 0
Repeating, 3500, Kinetic, Kinetic, Kinetic, Kinetic, -1, -1, -1, -1, 0.75, -1, 5, -1, AryxRailgunAmmoFrag_Mag, 8, 90, 0, 0, 0, 0, NoFallOff, 5, 24500, 1, 0, Exponential, 0, 2000, 5000, 0
AryxRailgunAmmoFrag_Mag, 3500, Kinetic, Kinetic, Kinetic, Kinetic, -1, -1, -1, -1, -1, 0.25, 1.25, -1, None, 0, 0, 0, 0, 0, 0, NoFallOff, 4, 8000, 1, 0, Exponential, 0, 600, 50, 0
Hitscan_Artemis_Frag, 100000, Kinetic, Kinetic, Kinetic, Kinetic, -1, -1, -1, -1, -1, -1, 5, -1, AryxRailgunAmmoFrag, 1, 0, 0, 0, 0, 0, NoFallOff, 1, 5, 1, 0, NoFalloff, 0, 0, 15000, 0
Pulse Laser, 44800, Energy, Energy, Energy, Energy, -1, -1, -1, 0.25, -1, -1, 6, -2, None, 0, 0, 0, 0, 0, 0, NoFallOff, 6, 20533, 6, 0, Exponential, 0, 15000, 10000, 600
Zap, 1000, Energy, Energy, Energy, Energy, -1, -1, 1, -1, -1, 1.7, 10, -1, Helios_Zap_Stage3, 1, 0, 0, 0, 0, 0, NoFallOff, 5, 5000, 2, 500, Pooled, 0, 600, 6000, 0
Helios_Zap_Stage2, 1000, Energy, Energy, Energy, Energy, -1, -1, -1, -1, -1, -1, 4, -1, Helios_Zap_Stage3, 1, 0, 0, 0, 0, 0, NoFallOff, 5, 5000, 2, 500, Pooled, 600, 600, 6000, 0
Helios_Zap_Stage3, 1000, Energy, Energy, Energy, Energy, -1, -1, -1, -1, -1, -1, 10, -1, Helios_Zap_Stage4, 1, 0, 0, 0, 0, 0, NoFallOff, 6, 5000, 2, 500, Pooled, 1600, 450, 6000, 1900
Helios_Zap_Stage4, 1500, Energy, Energy, Energy, Energy, -1, -1, -1, -1, -1, 2, 10, -1, None, 0, 0, 0, 0, 0, 0, NoFallOff, 8, 5000, 2, 500, Pooled, 0, 5000, 1250, 0
Bap, 1000, Energy, Energy, Energy, Energy, -1, -1, 1, -1, -1, 3.3, 10, -1, Helios_Stage3, 1, 0, 0, 0, 0, 0, NoFallOff, 6, 8000, 2, 600, Pooled, 0, 600, 6000, 0
Helios_Stage2, 1000, Energy, Energy, Energy, Energy, -1, -1, -1, -1, -1, -1, 1, -1, Helios_Stage3, 1, 0, 0, 0, 0, 0, NoFallOff, 1, 1, 1, 0, NoFalloff, 1, 600, 6000, 0
Helios_Stage3, 1000, Energy, Energy, Energy, Energy, -1, -1, -1, -1, -1, -1, 6, -1, Helios_Stage4, 5, 35, 0, 0, 0, 0, NoFallOff, 6, 16000, 3, 0, Pooled, 600, 600, 3000, 0
Helios_Stage4, 1000, Energy, Energy, Energy, Energy, -1, -1, 2, -1, -1, -1, 10, -1, None, 0, 0, 0, 0, 0, 0, NoFallOff, 6, 16000, 2, 0, Pooled, 0, 1000, 200, 0
Repeating, 3500, Kinetic, Kinetic, Kinetic, Kinetic, -1, -1, -1, -1, 0.75, -1, 5, -1, AryxRailgunAmmoFrag_Mag, 8, 90, 0, 0, 0, 0, NoFallOff, 5, 24500, 1, 0, Exponential, 0, 2000, 5000, 0
AryxRailgunAmmoFrag_Mag, 3500, Kinetic, Kinetic, Kinetic, Kinetic, -1, -1, -1, -1, -1, 0.25, 1.25, -1, None, 0, 0, 0, 0, 0, 0, NoFallOff, 4, 8000, 1, 0, Exponential, 0, 600, 50, 0
Hitscan_Artemis_Frag, 100000, Kinetic, Kinetic, Kinetic, Kinetic, -1, -1, -1, -1, -1, -1, 5, -1, AryxRailgunAmmoFrag, 1, 0, 0, 0, 0, 0, NoFallOff, 1, 5, 1, 0, NoFalloff, 0, 0, 15000, 0
Pyroacid_ammo, 1000, Energy, Energy, Energy, Energy, -1, -1, -1, -1, 2, -1, 6, -1, Pyroacid_guided_ammo, 1, 0, 5, 5, 1, 0, Pooled, 0, 0, 0, 0, Pooled, 0, 200, 15000, 30
Pyroacid_guided_ammo, 7000, Energy, Energy, Energy, Energy, -1, -1, -1, -1, -1, -1, 100, -1, Pyroacid_splash_ammo, 80, 325, 0, 0, 0, 0, NoFallOff, 0, 0, 0, 0, NoFallOff, 500, 800, 5000, 0
Pyroacid_splash_ammo, 15000, Energy, Energy, Energy, Energy, -1, -1, -1, 0.3, 2, 0.2, 10, -1, Pyroacid_splash2_ammo, 1, 0, 0, 0, 0, 0, NoFallOff, 0, 0, 0, 0, NoFallOff, 400, 70, 10, 0
Pyroacid_splash2_ammo, 2800, Energy, Energy, Energy, Energy, -1, -1, -1, 0.5, -1, 0.25, -1, -1, None, 0, 0, 0, 0, 0, 0, NoFallOff, 0, 0, 0, 0, NoFallOff, 60, 1, 80, 0
HeavyPyroacid_ammo, 1000, Energy, Energy, Energy, Energy, -1, -1, -1, -1, 2, -1, 6, -1, HeavyPyroacid_guided_ammo, 1, 0, 5, 5, 1, 0, Pooled, 0, 0, 0, 0, Pooled, 0, 200, 15000, 30
HeavyPyroacid_guided_ammo, 10000, Energy, Energy, Energy, Energy, -1, -1, -1, -1, -1, -1, -1, -1, HeavyPyroacid_splash_ammo, 100, 325, 0, 0, 0, 0, NoFallOff, 0, 0, 0, 0, NoFallOff, 500, 800, 5000, 0
HeavyPyroacid_splash_ammo, 20000, Energy, Energy, Energy, Energy, -1, -1, -1, 0.3, 2, 0.2, 15, -1, HeavyPyroacid_splash2_ammo, 1, 0, 0, 0, 0, 0, NoFallOff, 0, 0, 0, 0, NoFallOff, 400, 70, 10, 0
HeavyPyroacid_splash2_ammo, 2800, Energy, Energy, Energy, Energy, -1, -1, -1, 0.5, -1, 0.25, -1, -1, None, 0, 0, 0, 0, 0, 0, NoFallOff, 0, 0, 0, 0, NoFallOff, 60, 1, 80, 0
Bioplasma_ammo, 50000, Energy, Energy, Energy, Energy, -1, -1, -1, 0.5, -1, -1, 3, -1, Bioplasma_ammo_splash, 30, 15, 0, 0, 0, 0, NoFallOff, 3, 40000, 1, 0, Curve, 0, 3000, 10000, 0
Bioplasma_ammo_splash, 20000, Energy, Energy, Energy, Energy, -1, -1, -1, 0.5, 2, 0.5, 10, -1, None, 0, 0, 0, 0, 0, 0, NoFallOff, 0, 0, 0, 0, NoFallOff, 0, 1500, 80, 0
Hivedrone_ammo_launch, 1000, Kinetic, Kinetic, Kinetic, Kinetic, -1, -1, -1, -1, -1, -1, -1, -1, Hivedrone_ammo, 1, 0, 0, 0, 0, 0, NoFallOff, 1, 1, 0, 0, Pooled, 12, 100, 10000, 240
Hivedrone_ammo, 1000, Kinetic, Kinetic, Kinetic, Kinetic, -1, -1, -1, -1, -1, -1, 0.7, -1, Hivedrone_ammo_half, 1, 5, 0, 0, 0, 0, NoFallOff, 4, 350000, 3, 0, Linear, 300, 320, 20000, 12600
Hivedrone_ammo_half, 1000, Kinetic, Kinetic, Kinetic, Kinetic, -1, -1, -1, -1, -1, -1, -1, -1, Hivedrone_ammo_quarter, 1, 5, 0, 0, 0, 0, NoFallOff, 4, 300000, 3, 0, Linear, 300, 300, 20000, 10800
Hivedrone_ammo_quarter, 1000, Kinetic, Kinetic, Kinetic, Kinetic, -1, -1, -1, -1, -1, -1, -1, -1, Hivedrone_ammo_eighth, 1, 5, 0, 0, 0, 0, NoFallOff, 4, 300000, 3, 0, Linear, 300, 280, 20000, 9000
Hivedrone_ammo_eighth, 1000, Kinetic, Kinetic, Kinetic, Kinetic, -1, -1, -1, -1, -1, -1, -1, -1, Hivedrone_ammo_sixteenth, 1, 5, 0, 0, 0, 0, NoFallOff, 4, 300000, 3, 0, Linear, 300, 260, 20000, 9000
Hivedrone_ammo_sixteenth, 1000, Kinetic, Kinetic, Kinetic, Kinetic, -1, -1, -1, -1, -1, -1, -1, -1, Hivedrone_ammo_lunge, 1, 0, 0, 0, 0, 0, NoFallOff, 4, 300000, 3, 0, Linear, 300, 240, 15000, 900
Hivedrone_ammo_lunge, 200000, Kinetic, Kinetic, Kinetic, Kinetic, -1, -1, -1, -1, -1, -1, -1, -1, None, 0, 0, 0, 0, 0, 0, NoFallOff, 2, 10000, 2, 0, Pooled, 600, 1500, 1000, 180
Bioplasma_Hivedrone_ammo_launch, 1000, Kinetic, Kinetic, Kinetic, Kinetic, -1, 0.3, -1, -1, -1, -1, 2, -1, Bioplasma_Hivedrone_ammo, 1, 0, 0, 0, 0, 0, NoFallOff, 1, 1, 0, 0, Pooled, 12, 100, 10000, 240
Bioplasma_Hivedrone_ammo, 40000, Kinetic, Kinetic, Kinetic, Kinetic, -1, -1, -1, -1, -1, -1, 1, -1, BioplasmaHivedrone_ammo_lunge, 1, 10, 0, 0, 0, 0, NoFallOff, 6, 500000, 6, 0, Linear, 300, 320, 50000, 14400
BioplasmaHivedrone_ammo_plasma, 30000, Energy, Energy, Energy, Energy, -1, -1, -1, 0.5, -1, 0.5, 3, -1, None, 0, 0, 0, 0, 0, 0, NoFallOff, 1, 1, 1, 0, Pooled, 2000, 5000, 600, 600
BioplasmaHivedrone_ammo_lunge, 200000, Kinetic, Kinetic, Kinetic, Kinetic, -1, 0.3, -1, -1, -1, -1, -1, -1, None, 0, 0, 0, 0, 0, 0, NoFallOff, 2, 100000, 2, 0, Pooled, 600, 1000, 1000, 180
Leap_ammo, 0, Energy, Energy, Energy, Energy, -1, -1, -1, 0.5, 2, -1, 3, -1, None, 0, 0, 0, 0, 0, 0, NoFallOff, 0, 0, 0, 0, NoFallOff, 0, 3000, 1, 0
Particle, 35000, Kinetic, Energy, Energy, Energy, -1, -1, -1, -1, -1, -1, 6, 0, None, 0, 0, 0, 0, 0, 0, NoFallOff, 6, 40000, 6, 0, Pooled, 0, 2500, 4000, 900
Ammo 2, 111, Energy, Energy, Energy, Energy, 0, 0, 0, 0, 0, 0, 0, 0, , 0, 0, 0, 0, 0, 0, NoFallOff, 5, 5, 1, 0, Squeeze, 120, 600, 1000, 1200
Particle, 80000, Energy, Energy, Energy, Energy, -1, -1, -1, -1, -1, -1, 6, 0, None, 0, 0, 0, 0, 0, 0, NoFallOff, 8, 150000, 8, 0, Pooled, 0, 2500, 6000, 0
Ammo 2, 111, Energy, Energy, Energy, Energy, 0, 0, 0, 0, 0, 0, 0, 0, , 0, 0, 0, 0, 0, 0, NoFallOff, 5, 5, 1, 0, Squeeze, 120, 600, 1000, 1200
Nova Plasma Warhead, 1, Energy, Energy, Energy, Energy, -1, -1, -1, -1, -1, -1, 4, -1, None, 0, 0, 0, 0, 0, 0, NoFallOff, 12, 500000, 10, 0, Linear, 0, 2000, 10000, 0
