12-06-23_21-31-20-466 - Logging Started
12-06-23_21-31-20-547 - 25mm NATO is NOT enabled for client prediction
12-06-23_21-31-20-552 - 25mm NATO is NOT enabled for client prediction
12-06-23_21-31-20-552 - 25mm NATO does not qualify for fixed weapon client reload verification
12-06-23_21-31-20-553 - 25mm NATO is NOT enabled for client prediction
12-06-23_21-31-20-553 - 25mm NATO does not qualify for fixed weapon client reload verification
12-06-23_21-31-20-555 - 25mm NATO is NOT enabled for client prediction
12-06-23_21-31-20-573 - 200mm Missile is NOT enabled for client prediction
12-06-23_21-31-20-581 - 200mm Missile is NOT enabled for client prediction
12-06-23_21-31-20-582 - MR-50A is NOT enabled for client prediction
12-06-23_21-31-20-583 - 5.56x45mm is NOT enabled for client prediction
12-06-23_21-31-20-584 - Autocannon Shell is NOT enabled for client prediction
12-06-23_21-31-20-584 - Autocannon Shell does not qualify for fixed weapon client reload verification
12-06-23_21-31-20-584 - Autocannon Shell is NOT enabled for client prediction
12-06-23_21-31-20-590 - Assault Cannon Shell is NOT enabled for client prediction
12-06-23_21-31-20-593 - Assault Cannon Shell is NOT enabled for client prediction
12-06-23_21-31-20-597 - Artillery Shell is NOT enabled for client prediction
12-06-23_21-31-20-606 - SpotLight is NOT enabled for client prediction
12-06-23_21-31-20-606 - SpotLight is NOT enabled for client prediction
12-06-23_21-31-20-630 - Priest_Ammo is NOT enabled for client prediction
12-06-23_21-31-20-643 - Torp_Ammo is NOT enabled for client prediction
12-06-23_21-31-20-643 - TorpShrap_Ammo is NOT enabled for client prediction
12-06-23_21-31-20-645 - Priest_Ammo is NOT enabled for client prediction
12-06-23_21-31-20-648 - Type18 HE Round is NOT enabled for client prediction
12-06-23_21-31-20-650 - Type21 HE Round is NOT enabled for client prediction
12-06-23_21-31-20-651 - Type24 HE Round is NOT enabled for client prediction
12-06-23_21-31-20-653 - Type78 Round is NOT enabled for client prediction
12-06-23_21-31-20-654 - Type77 Round is NOT enabled for client prediction
12-06-23_21-31-20-656 - Type79 Round is NOT enabled for client prediction
12-06-23_21-31-20-657 - Reaver Ammo is NOT enabled for client prediction
12-06-23_21-31-20-658 - MA_Laser_1 is NOT enabled for client prediction
12-06-23_21-31-20-659 - MA_Laser_T2_Ammo is NOT enabled for client prediction
12-06-23_21-31-20-659 - MA_Laser_T2_Ammo_Decal is NOT enabled for client prediction
12-06-23_21-31-20-661 - MA_Laser_T2_Ammo is NOT enabled for client prediction
12-06-23_21-31-20-661 - MA_Laser_T2_Ammo_Decal is NOT enabled for client prediction
12-06-23_21-31-20-662 - MA_Laser_T2_Ammo is NOT enabled for client prediction
12-06-23_21-31-20-662 - MA_Laser_T2_Ammo_Decal is NOT enabled for client prediction
12-06-23_21-31-20-663 - MA_Laser_1 is NOT enabled for client prediction
12-06-23_21-31-20-664 - MA_Laser_1 is NOT enabled for client prediction
12-06-23_21-31-20-665 - MA_Laser_1 is NOT enabled for client prediction
12-06-23_21-31-20-666 - MA_Laser_1 is NOT enabled for client prediction
12-06-23_21-31-20-666 - MA_Laser_1 is NOT enabled for client prediction
12-06-23_21-31-20-667 - MA_Laser_T2_Ammo is NOT enabled for client prediction
12-06-23_21-31-20-668 - MA_Laser_T2_Ammo_Decal is NOT enabled for client prediction
12-06-23_21-31-20-669 - MA_Laser_T2_Ammo is NOT enabled for client prediction
12-06-23_21-31-20-669 - MA_Laser_T2_Ammo_Decal is NOT enabled for client prediction
12-06-23_21-31-20-670 - MA_Laser_T2_Ammo is NOT enabled for client prediction
12-06-23_21-31-20-670 - MA_Laser_T2_Ammo_Decal is NOT enabled for client prediction
12-06-23_21-31-20-671 - MA_Laser_T2_Ammo is NOT enabled for client prediction
12-06-23_21-31-20-671 - MA_Laser_T2_Ammo_Decal is NOT enabled for client prediction
12-06-23_21-31-20-672 - MA_Laser_T2_Ammo is NOT enabled for client prediction
12-06-23_21-31-20-672 - MA_Laser_T2_Ammo_Decal is NOT enabled for client prediction
12-06-23_21-31-20-676 - MA_Laser_Gladius_Ammo is NOT enabled for client prediction
12-06-23_21-31-20-676 - MA_Laser_T3_Ammo_Decal is NOT enabled for client prediction
12-06-23_21-31-20-678 - MA_Meatball_Ammo is NOT enabled for client prediction
12-06-23_21-31-20-679 - MA_Meatball_Ammo is NOT enabled for client prediction
12-06-23_21-31-20-679 - MA_Meatball_Ammo is NOT enabled for client prediction
12-06-23_21-31-20-680 - MA_Blister_Ammo is NOT enabled for client prediction
12-06-23_21-31-20-681 - MA_Blister_Ammo is NOT enabled for client prediction
12-06-23_21-31-20-682 - MA_Blister_Ammo is NOT enabled for client prediction
12-06-23_21-31-20-683 - MA_Blister_Ammo is NOT enabled for client prediction
12-06-23_21-31-20-683 - MA_Blister_Ammo is NOT enabled for client prediction
12-06-23_21-31-20-684 - MA_Blister_Ammo is NOT enabled for client prediction
12-06-23_21-31-20-685 - MA_Blister_Ammo is NOT enabled for client prediction
12-06-23_21-31-20-687 - MA_Slinger_Ammo is NOT enabled for client prediction
12-06-23_21-31-20-698 - MA_Slinger_Ammo is NOT enabled for client prediction
12-06-23_21-31-20-699 - MA_Slinger_Ammo is NOT enabled for client prediction
12-06-23_21-31-20-700 - MA_Slinger_Ammo is NOT enabled for client prediction
12-06-23_21-31-20-701 - MA_Slinger_Ammo is NOT enabled for client prediction
12-06-23_21-31-20-702 - MA_Tiger_Ammo is NOT enabled for client prediction
12-06-23_21-31-20-703 - MA_Tiger_Ammo is NOT enabled for client prediction
12-06-23_21-31-20-704 - MA_Laser_T2_Ammo is NOT enabled for client prediction
12-06-23_21-31-20-704 - MA_Laser_T2_Ammo_Decal is NOT enabled for client prediction
12-06-23_21-31-20-705 - MA_Laser_T2_Ammo is NOT enabled for client prediction
12-06-23_21-31-20-705 - MA_Laser_T2_Ammo_Decal is NOT enabled for client prediction
12-06-23_21-31-20-707 - MA_Laser_T3_Ammo is NOT enabled for client prediction
12-06-23_21-31-20-707 - MA_Laser_T3_Ammo_Decal is NOT enabled for client prediction
12-06-23_21-31-20-708 - MA_Laser_T4_Ammo is NOT enabled for client prediction
12-06-23_21-31-20-708 - MA_Laser_T4_Ammo_Decal is NOT enabled for client prediction
12-06-23_21-31-20-712 - MA_Missile is NOT enabled for client prediction
12-06-23_21-31-20-713 - MA_Missile_Stage2 is NOT enabled for client prediction
12-06-23_21-31-20-722 - MA_Missile is NOT enabled for client prediction
12-06-23_21-31-20-722 - MA_Missile_Stage2 is NOT enabled for client prediction
12-06-23_21-31-20-724 - Asterius Gauss is NOT enabled for client prediction
12-06-23_21-31-20-726 - Charon_Shot is NOT enabled for client prediction
12-06-23_21-31-20-727 - Charon_Shot_Bounce is NOT enabled for client prediction
12-06-23_21-31-20-727 - Charon_Fake_Shot is NOT enabled for client prediction
12-06-23_21-31-20-733 - HVSC is NOT enabled for client prediction
12-06-23_21-31-20-733 - HVSC Terminal is NOT enabled for client prediction
12-06-23_21-31-20-734 - HVSC Shrapnel is NOT enabled for client prediction
12-06-23_21-31-20-734 - Sensor Fused is NOT enabled for client prediction
12-06-23_21-31-20-744 - SF Terminal is NOT enabled for client prediction
12-06-23_21-31-20-745 - SF Bomblet is NOT enabled for client prediction
12-06-23_21-31-20-745 - SF Fragment is NOT enabled for client prediction
12-06-23_21-31-20-747 - Hellfire Laser is NOT enabled for client prediction
12-06-23_21-31-20-747 - Hellfire Laser does not qualify for fixed weapon client reload verification
12-06-23_21-31-20-747 - Hellfire Pulse is NOT enabled for client prediction
12-06-23_21-31-20-747 - Hellfire Pulse does not qualify for fixed weapon client reload verification
12-06-23_21-31-20-748 - LP Hellfire is NOT enabled for client prediction
12-06-23_21-31-20-748 - LP Hellfire does not qualify for fixed weapon client reload verification
12-06-23_21-31-20-752 - Somnus Gauss Frag is NOT enabled for client prediction
12-06-23_21-31-20-752 - SomnusFXshots3 is NOT enabled for client prediction
12-06-23_21-31-20-752 - SomnusFXshots4 is NOT enabled for client prediction
12-06-23_21-31-20-755 - Cerberus Gauss is NOT enabled for client prediction
12-06-23_21-31-20-755 - Cerberus_Shrap is NOT enabled for client prediction
12-06-23_21-31-20-756 - Cerberus Gauss is NOT enabled for client prediction
12-06-23_21-31-20-757 - Cerberus_Shrap is NOT enabled for client prediction
12-06-23_21-31-20-757 - Cerberus Gauss is NOT enabled for client prediction
12-06-23_21-31-20-758 - Cerberus_Shrap is NOT enabled for client prediction
12-06-23_21-31-20-759 - Ceis Gauss is NOT enabled for client prediction
12-06-23_21-31-20-759 - Carnifex is NOT enabled for client prediction
12-06-23_21-31-20-761 - Silvius Gauss is NOT enabled for client prediction
12-06-23_21-31-20-761 - GaussER_Shrap is NOT enabled for client prediction
12-06-23_21-31-20-762 - Erebos Ammo is NOT enabled for client prediction
12-06-23_21-31-20-762 - Erebos Ammo AOE is NOT enabled for client prediction
12-06-23_21-31-20-765 - AutoCoil_Shrap is NOT enabled for client prediction
12-06-23_21-31-20-768 - AutoCoil_Shrap is NOT enabled for client prediction
12-06-23_21-31-20-773 - Taiidani Interceptor is NOT enabled for client prediction
12-06-23_21-31-20-773 - Taiidani Interceptor has large largeCollisionSize: 10 meters
12-06-23_21-31-20-773 - Taiidan Interceptor Attack is NOT enabled for client prediction
12-06-23_21-31-20-773 - Taiidan Interceptor Missile Attack is NOT enabled for client prediction
12-06-23_21-31-20-775 - taiidandebris1 is NOT enabled for client prediction
12-06-23_21-31-20-776 - taiidandebris2 is NOT enabled for client prediction
12-06-23_21-31-20-780 - taiidandebris3 is NOT enabled for client prediction
12-06-23_21-31-20-782 - taiidandebris4 is NOT enabled for client prediction
12-06-23_21-31-20-787 - Taiidani Interceptor is NOT enabled for client prediction
12-06-23_21-31-20-787 - Taiidani Interceptor has large largeCollisionSize: 10 meters
12-06-23_21-31-20-787 - Taiidan Interceptor Attack is NOT enabled for client prediction
12-06-23_21-31-20-787 - Taiidan Interceptor Missile Attack is NOT enabled for client prediction
12-06-23_21-31-20-788 - taiidandebris1 is NOT enabled for client prediction
12-06-23_21-31-20-789 - taiidandebris2 is NOT enabled for client prediction
12-06-23_21-31-20-789 - taiidandebris3 is NOT enabled for client prediction
12-06-23_21-31-20-790 - taiidandebris4 is NOT enabled for client prediction
12-06-23_21-31-20-795 - Taiidani Bomber is NOT enabled for client prediction
12-06-23_21-31-20-795 - Taiidani Bomber has large largeCollisionSize: 10 meters
12-06-23_21-31-20-795 - Taiidan Bomber Attack is NOT enabled for client prediction
12-06-23_21-31-20-796 - taiidandebris1 is NOT enabled for client prediction
12-06-23_21-31-20-796 - taiidandebris2 is NOT enabled for client prediction
12-06-23_21-31-20-797 - taiidandebris3 is NOT enabled for client prediction
12-06-23_21-31-20-797 - taiidandebris4 is NOT enabled for client prediction
12-06-23_21-31-20-800 - Taiidani Interceptor is NOT enabled for client prediction
12-06-23_21-31-20-800 - Taiidani Interceptor has large largeCollisionSize: 10 meters
12-06-23_21-31-20-800 - Taiidan Interceptor Attack is NOT enabled for client prediction
12-06-23_21-31-20-800 - Taiidan Interceptor Missile Attack is NOT enabled for client prediction
12-06-23_21-31-20-801 - taiidandebris1 is NOT enabled for client prediction
12-06-23_21-31-20-802 - taiidandebris2 is NOT enabled for client prediction
12-06-23_21-31-20-802 - taiidandebris3 is NOT enabled for client prediction
12-06-23_21-31-20-802 - taiidandebris4 is NOT enabled for client prediction
12-06-23_21-31-20-805 - Taiidani Bomber is NOT enabled for client prediction
12-06-23_21-31-20-805 - Taiidani Bomber has large largeCollisionSize: 10 meters
12-06-23_21-31-20-805 - Taiidan Bomber Attack is NOT enabled for client prediction
12-06-23_21-31-20-806 - taiidandebris1 is NOT enabled for client prediction
12-06-23_21-31-20-822 - taiidandebris2 is NOT enabled for client prediction
12-06-23_21-31-20-823 - taiidandebris3 is NOT enabled for client prediction
12-06-23_21-31-20-823 - taiidandebris4 is NOT enabled for client prediction
12-06-23_21-31-20-826 - Taiidani Bomber is NOT enabled for client prediction
12-06-23_21-31-20-826 - Taiidani Bomber has large largeCollisionSize: 10 meters
12-06-23_21-31-20-826 - Taiidan Bomber Attack is NOT enabled for client prediction
12-06-23_21-31-20-827 - taiidandebris1 is NOT enabled for client prediction
12-06-23_21-31-20-827 - taiidandebris2 is NOT enabled for client prediction
12-06-23_21-31-20-828 - taiidandebris3 is NOT enabled for client prediction
12-06-23_21-31-20-828 - taiidandebris4 is NOT enabled for client prediction
12-06-23_21-31-20-831 - Taiidani Bomber is NOT enabled for client prediction
12-06-23_21-31-20-831 - Taiidani Bomber has large largeCollisionSize: 10 meters
12-06-23_21-31-20-831 - Taiidan Bomber Attack is NOT enabled for client prediction
12-06-23_21-31-20-831 - taiidandebris1 is NOT enabled for client prediction
12-06-23_21-31-20-832 - taiidandebris2 is NOT enabled for client prediction
12-06-23_21-31-20-832 - taiidandebris3 is NOT enabled for client prediction
12-06-23_21-31-20-832 - taiidandebris4 is NOT enabled for client prediction
12-06-23_21-31-20-835 - Taiidani Interceptor is NOT enabled for client prediction
12-06-23_21-31-20-835 - Taiidani Interceptor has large largeCollisionSize: 10 meters
12-06-23_21-31-20-835 - Taiidan Interceptor Attack is NOT enabled for client prediction
12-06-23_21-31-20-835 - Taiidan Interceptor Missile Attack is NOT enabled for client prediction
12-06-23_21-31-20-836 - taiidandebris1 is NOT enabled for client prediction
12-06-23_21-31-20-836 - taiidandebris2 is NOT enabled for client prediction
12-06-23_21-31-20-837 - taiidandebris3 is NOT enabled for client prediction
12-06-23_21-31-20-837 - taiidandebris4 is NOT enabled for client prediction
12-06-23_21-31-20-839 - banshee shot main is NOT enabled for client prediction
12-06-23_21-31-20-840 - banshee shot Acceleration is NOT enabled for client prediction
12-06-23_21-31-20-840 - banshee plasma shot Acceleration is NOT enabled for client prediction
12-06-23_21-31-20-843 - longsword shot main is NOT enabled for client prediction
12-06-23_21-31-20-843 - longsword napalm base is NOT enabled for client prediction
12-06-23_21-31-20-843 - longsword napalm timespawn is NOT enabled for client prediction
12-06-23_21-31-20-843 - longsword napalm frag is NOT enabled for client prediction
12-06-23_21-31-20-844 - Longsword Nuke Acceleration is NOT enabled for client prediction
12-06-23_21-31-20-850 - Longsword Nuke Terminal is NOT enabled for client prediction
12-06-23_21-31-20-850 - Longsword Nuke Frag is NOT enabled for client prediction
12-06-23_21-31-20-998 - SubterraneanSun is NOT enabled for client prediction
12-06-23_21-31-20-998 - SubterraneanSunStage2 is NOT enabled for client prediction
12-06-23_21-31-20-998 - SubterraneanSunStage2SuccParticleInvis is NOT enabled for client prediction
12-06-23_21-31-20-998 - SubterraneanSunStage2SuccParticleVisible is NOT enabled for client prediction
12-06-23_21-31-20-998 - SubterraneanSunStage2EWARTimespawn is NOT enabled for client prediction
12-06-23_21-31-20-998 - SubterraneanSunStage2EWARTimespawn has large largeCollisionSize: 5.5 meters
12-06-23_21-31-20-998 - SubterraneanSunStage2EWARPattern is NOT enabled for client prediction
12-06-23_21-31-20-998 - SubterraneanSunStage2EWARPattern has large largeCollisionSize: 5.5 meters
12-06-23_21-31-21-003 - Davy Crockett is NOT enabled for client prediction
12-06-23_21-31-21-004 - Davy Crockett Acceleration is NOT enabled for client prediction
12-06-23_21-31-21-004 - Davy Crockett Terminal is NOT enabled for client prediction
12-06-23_21-31-21-004 - Davy Crockett Frag is NOT enabled for client prediction
12-06-23_21-31-21-004 - Davy_Flare is NOT enabled for client prediction
12-06-23_21-31-21-004 - Davy Crockett Smart is NOT enabled for client prediction
12-06-23_21-31-21-005 - Davy Crockett Acceleration Smart is NOT enabled for client prediction
12-06-23_21-31-21-005 - OPA Heavy Torp LockTone is NOT enabled for client prediction
12-06-23_21-31-21-005 - OPA Heavy Torp LockTone Terminal is NOT enabled for client prediction
12-06-23_21-31-21-007 - Bullet_AMS is NOT enabled for client prediction
12-06-23_21-31-21-007 - Bullet_AMS_AOE is NOT enabled for client prediction
12-06-23_21-31-21-007 - Bullet_AMS_AOE_2 is NOT enabled for client prediction
12-06-23_21-31-21-008 - Ball Bullet AMS is NOT enabled for client prediction
12-06-23_21-31-21-008 - Ball_Turret_Frag is NOT enabled for client prediction
12-06-23_21-31-21-011 - MCRN Heavy Torp Launch is NOT enabled for client prediction
12-06-23_21-31-21-011 - MCRN Heavy Torp Acceleration is NOT enabled for client prediction
12-06-23_21-31-21-012 - MCRN Heavy Torp Terminal is NOT enabled for client prediction
12-06-23_21-31-21-012 - MCRN Heavy Torp Frag is NOT enabled for client prediction
12-06-23_21-31-21-015 - UNN Heavy Torp Launch is NOT enabled for client prediction
12-06-23_21-31-21-015 - UNN Heavy Torp Acceleration is NOT enabled for client prediction
12-06-23_21-31-21-016 - UNN Heavy Torp Terminal is NOT enabled for client prediction
12-06-23_21-31-21-016 - UNN Heavy Torp Frag is NOT enabled for client prediction
12-06-23_21-31-21-019 - LRM is NOT enabled for client prediction
12-06-23_21-31-21-024 - Mod_LRM_Terminal is NOT enabled for client prediction
12-06-23_21-31-21-024 - Mod_LRM_Fragment_Detonation is NOT enabled for client prediction
12-06-23_21-31-21-026 - LRM is NOT enabled for client prediction
12-06-23_21-31-21-026 - Mod_LRM_Terminal is NOT enabled for client prediction
12-06-23_21-31-21-027 - Mod_LRM_Fragment_Detonation is NOT enabled for client prediction
12-06-23_21-31-21-028 - LRM is NOT enabled for client prediction
12-06-23_21-31-21-029 - Mod_LRM_Terminal is NOT enabled for client prediction
12-06-23_21-31-21-029 - Mod_LRM_Fragment_Detonation is NOT enabled for client prediction
12-06-23_21-31-21-030 - LRM is NOT enabled for client prediction
12-06-23_21-31-21-031 - Mod_LRM_Terminal is NOT enabled for client prediction
12-06-23_21-31-21-031 - Mod_LRM_Fragment_Detonation is NOT enabled for client prediction
12-06-23_21-31-21-032 - MRM is NOT enabled for client prediction
12-06-23_21-31-21-032 - MRM_2ndStage is NOT enabled for client prediction
12-06-23_21-31-21-034 - MRM is NOT enabled for client prediction
12-06-23_21-31-21-034 - MRM_2ndStage is NOT enabled for client prediction
12-06-23_21-31-21-035 - MRM is NOT enabled for client prediction
12-06-23_21-31-21-036 - MRM_2ndStage is NOT enabled for client prediction
12-06-23_21-31-21-037 - MRM is NOT enabled for client prediction
12-06-23_21-31-21-037 - MRM_2ndStage is NOT enabled for client prediction
12-06-23_21-31-21-040 - SSRM is NOT enabled for client prediction
12-06-23_21-31-21-040 - SRM_Acceleration is NOT enabled for client prediction
12-06-23_21-31-21-040 - SRM_Detonation is NOT enabled for client prediction
12-06-23_21-31-21-044 - ERPPC_EWAR is NOT enabled for client prediction
12-06-23_21-31-21-045 - RWR_P_Fake is NOT enabled for client prediction
12-06-23_21-31-21-045 - RWR_P_Fake is NOT enabled for client prediction
12-06-23_21-31-21-048 - Flare is NOT enabled for client prediction
12-06-23_21-31-21-048 - FlarePulse is NOT enabled for client prediction
12-06-23_21-31-21-049 - 20mm High Velocity is NOT enabled for client prediction
12-06-23_21-31-21-049 - PDC_Bullet_AOE is NOT enabled for client prediction
12-06-23_21-31-21-050 - 20mm High Velocity is NOT enabled for client prediction
12-06-23_21-31-21-050 - PDC_Bullet_AOE is NOT enabled for client prediction
12-06-23_21-31-21-051 - 20mm High Velocity is NOT enabled for client prediction
12-06-23_21-31-21-051 - PDC_Bullet_AOE is NOT enabled for client prediction
12-06-23_21-31-21-052 - 20mm High Velocity is NOT enabled for client prediction
12-06-23_21-31-21-052 - PDC_Bullet_AOE is NOT enabled for client prediction
12-06-23_21-31-21-054 - 20mm High Velocity is NOT enabled for client prediction
12-06-23_21-31-21-054 - PDC_Bullet_AOE is NOT enabled for client prediction
12-06-23_21-31-21-054 - 40mm APHE Shell is NOT enabled for client prediction
12-06-23_21-31-21-077 - 80mm APHE Shell is NOT enabled for client prediction
12-06-23_21-31-21-079 - TurretedPulseLaser is NOT enabled for client prediction
12-06-23_21-31-21-080 - Light_Railgun_Slug is NOT enabled for client prediction
12-06-23_21-31-21-080 - Small_Railgun_Ammo_VFX1 is NOT enabled for client prediction
12-06-23_21-31-21-081 - Small_Railgun_Ammo_VFX2 is NOT enabled for client prediction
12-06-23_21-31-21-082 - Odin_Railgun_Slug is NOT enabled for client prediction
12-06-23_21-31-21-082 - Odin_Railgun_VFX1 is NOT enabled for client prediction
12-06-23_21-31-21-082 - Odin_Railgun_VFX2 is NOT enabled for client prediction
12-06-23_21-31-21-082 - Odin_Railgun_Frag is NOT enabled for client prediction
12-06-23_21-31-21-084 - 27-Inch HE is NOT enabled for client prediction
12-06-23_21-31-21-084 - HE_Fragment is NOT enabled for client prediction
12-06-23_21-31-21-084 - Distractor Shell is NOT enabled for client prediction
12-06-23_21-31-21-084 - Distractor Shell has 1293m grav drop at 1g.  'Gungir' Heavy Gun Turret needs Accurate/Advanced aim prediction to account for gravity.
12-06-23_21-31-21-084 - Thump_Flare_Travel is NOT enabled for client prediction
12-06-23_21-31-21-085 - Thump_Flare is NOT enabled for client prediction
12-06-23_21-31-21-086 - CoilGunAmmo is NOT enabled for client prediction
12-06-23_21-31-21-086 - CoilGunAmmo_VFX1 is NOT enabled for client prediction
12-06-23_21-31-21-086 - CoilGunAmmo_VFX2 is NOT enabled for client prediction
12-06-23_21-31-21-086 - CoilGunAmmo_VFX3 is NOT enabled for client prediction
12-06-23_21-31-21-087 - Plasma_Beam is NOT enabled for client prediction
12-06-23_21-31-21-088 - Hurricane APCBC is NOT enabled for client prediction
12-06-23_21-31-21-088 - H_APHE_Fragment is NOT enabled for client prediction
12-06-23_21-31-21-089 - High-Explosive Shell BC7 is NOT enabled for client prediction
12-06-23_21-31-21-089 - BC7_HE_Fragment is NOT enabled for client prediction
12-06-23_21-31-21-090 - High-Velocity AP BC7 is NOT enabled for client prediction
12-06-23_21-31-21-091 - High-Explosive Shell BC7 is NOT enabled for client prediction
12-06-23_21-31-21-091 - BC7_HE_Fragment is NOT enabled for client prediction
12-06-23_21-31-21-091 - High-Velocity AP BC7 is NOT enabled for client prediction
12-06-23_21-31-21-092 - High-Explosive Shell BC5 is NOT enabled for client prediction
12-06-23_21-31-21-092 - BC5_HE_Fragment is NOT enabled for client prediction
12-06-23_21-31-21-092 - High Velocity AP BC5 is NOT enabled for client prediction
12-06-23_21-31-21-093 - High-Explosive Shell BC5 is NOT enabled for client prediction
12-06-23_21-31-21-093 - BC5_HE_Fragment is NOT enabled for client prediction
12-06-23_21-31-21-093 - High Velocity AP BC5 is NOT enabled for client prediction
12-06-23_21-31-21-094 - High-Explosive Shell BC3 is NOT enabled for client prediction
12-06-23_21-31-21-095 - BC3_HE_Fragment is NOT enabled for client prediction
12-06-23_21-31-21-095 - Armor-Penetrator Shell BC3 is NOT enabled for client prediction
12-06-23_21-31-21-096 - High-Explosive Shell BC3 is NOT enabled for client prediction
12-06-23_21-31-21-096 - BC3_HE_Fragment is NOT enabled for client prediction
12-06-23_21-31-21-096 - Armor-Penetrator Shell BC3 is NOT enabled for client prediction
12-06-23_21-31-21-097 - Ammo 1 is NOT enabled for client prediction
12-06-23_21-31-21-097 - Mine_Static is NOT enabled for client prediction
12-06-23_21-31-21-099 - [========================]
12-06-23_21-31-21-099 - :::::['Loki' Utility Launcher]:::::
12-06-23_21-31-21-099 - AmmoMagazine: Energy
12-06-23_21-31-21-099 - AmmoRound: Vortex Torpedo
12-06-23_21-31-21-099 - InaccuracyScore: 100% | ShotAngle: 0  @: 3000m vs 10m Circle
12-06-23_21-31-21-099 - --------------------------
12-06-23_21-31-21-099 - Shots per second(w/Heat): 0.04 (0.04)
12-06-23_21-31-21-099 - Peak DPS: 3
12-06-23_21-31-21-099 - Effective DPS: 3 | without Inaccuracy: 3
12-06-23_21-31-21-099 - Base Damage DPS: 3
12-06-23_21-31-21-099 - Area Damage DPS: 0
12-06-23_21-31-21-099 - Explosive Dmg DPS: 0
12-06-23_21-31-21-099 - [=========== Ammo End =============]
12-06-23_21-31-21-099 - Vortex Torpedo is NOT enabled for client prediction
12-06-23_21-31-21-100 - Vortex_Effect_Frag is NOT enabled for client prediction
12-06-23_21-31-21-101 - Thor_Launch is NOT enabled for client prediction
12-06-23_21-31-21-101 - Thor_Travel is NOT enabled for client prediction
12-06-23_21-31-21-102 - Thor_Travel_2 is NOT enabled for client prediction
12-06-23_21-31-21-102 - Thor_Terminal is NOT enabled for client prediction
12-06-23_21-31-21-102 - Thor_Terminal_2 is NOT enabled for client prediction
12-06-23_21-31-21-104 - 80mm HE Shell is NOT enabled for client prediction
12-06-23_21-31-21-104 - 80mm HE Shell does not qualify for fixed weapon client reload verification
12-06-23_21-31-21-104 - 80mm AP Shell is NOT enabled for client prediction
12-06-23_21-31-21-104 - 80mm AP Shell does not qualify for fixed weapon client reload verification
12-06-23_21-31-21-104 - Phantom_Primary is NOT enabled for client prediction
12-06-23_21-31-21-104 - Phantom_Primary does not qualify for fixed weapon client reload verification
12-06-23_21-31-21-104 - Phantom_Secondary is NOT enabled for client prediction
12-06-23_21-31-21-104 - Phantom_Secondary does not qualify for fixed weapon client reload verification
12-06-23_21-31-21-104 - Fragment_Primary is NOT enabled for client prediction
12-06-23_21-31-21-104 - Fragment_Primary does not qualify for fixed weapon client reload verification
12-06-23_21-31-21-104 - Fragment_Secondary is NOT enabled for client prediction
12-06-23_21-31-21-104 - Fragment_Secondary does not qualify for fixed weapon client reload verification
12-06-23_21-31-21-106 - 60mm HE Shell is NOT enabled for client prediction
12-06-23_21-31-21-106 - 60mm AP Shell is NOT enabled for client prediction
12-06-23_21-31-21-108 - Pulse Laser is NOT enabled for client prediction
12-06-23_21-31-21-108 - Pulse Laser does not qualify for fixed weapon client reload verification
12-06-23_21-31-21-108 - Shield H. Pulse Laser is NOT enabled for client prediction
12-06-23_21-31-21-108 - Shield H. Pulse Laser does not qualify for fixed weapon client reload verification
12-06-23_21-31-21-109 - Light Pulse Laser is NOT enabled for client prediction
12-06-23_21-31-21-109 - Light Pulse Laser does not qualify for fixed weapon client reload verification
12-06-23_21-31-21-111 - 175mm Flak Shell is NOT enabled for client prediction
12-06-23_21-31-21-111 - 175mm HE Direct Fire is NOT enabled for client prediction
12-06-23_21-31-21-111 - HEShrapBase is NOT enabled for client prediction
12-06-23_21-31-21-111 - HEShrap is NOT enabled for client prediction
12-06-23_21-31-21-111 - Flak_Shell_Frag is NOT enabled for client prediction
12-06-23_21-31-21-111 - Flak Wall Test is NOT enabled for client prediction
12-06-23_21-31-21-111 - Canister_FragmentFF is NOT enabled for client prediction
12-06-23_21-31-21-112 - Plasma_Shot is NOT enabled for client prediction
12-06-23_21-31-21-113 - Fission_Beam_Primary is NOT enabled for client prediction
12-06-23_21-31-21-113 - Fission_Beam_Secondary is NOT enabled for client prediction
12-06-23_21-31-21-115 - BFG_Cannon_Primary is NOT enabled for client prediction
12-06-23_21-31-21-115 - C_HE_Fragment is NOT enabled for client prediction
12-06-23_21-31-21-116 - Ion_Beam is NOT enabled for client prediction
12-06-23_21-31-21-117 - Scattergun_Base is NOT enabled for client prediction
12-06-23_21-31-21-118 - Scattergun_Shot_2 is NOT enabled for client prediction
12-06-23_21-31-21-118 - Scattergun_Sabot is NOT enabled for client prediction
12-06-23_21-31-21-120 - SLAMMO is NOT enabled for client prediction
12-06-23_21-31-21-121 - SLAM Nuke Acceleration is NOT enabled for client prediction
12-06-23_21-31-21-121 - SLAM Nuke Terminal is NOT enabled for client prediction
12-06-23_21-31-21-122 - SLAM Nuke Frag is NOT enabled for client prediction
12-06-23_21-31-21-122 - MetalStormProj1 is NOT enabled for client prediction
12-06-23_21-31-21-126 - BALLER_bounce1 is NOT enabled for client prediction
12-06-23_21-31-21-126 - BALLER_bounce2 is NOT enabled for client prediction
12-06-23_21-31-21-126 - BALLER_bounce3 is NOT enabled for client prediction
12-06-23_21-31-21-126 - BALLER_bounce4 is NOT enabled for client prediction
12-06-23_21-31-21-126 - BALLER_bounce5 is NOT enabled for client prediction
12-06-23_21-31-21-126 - BALLER_bounce6 is NOT enabled for client prediction
12-06-23_21-31-21-126 - BALLER_bounce7 is NOT enabled for client prediction
12-06-23_21-31-21-126 - BALLER_bounce8 is NOT enabled for client prediction
12-06-23_21-31-21-126 - BALLER_bounce9 is NOT enabled for client prediction
12-06-23_21-31-21-126 - BALLER_bounce10 is NOT enabled for client prediction
12-06-23_21-31-21-127 - Afterburner_ammo_2 is NOT enabled for client prediction
12-06-23_21-31-21-127 - Afterburner_ammo_2 does not qualify for fixed weapon client reload verification
12-06-23_21-31-21-128 - Afterburner_ammo_2_SG is NOT enabled for client prediction
12-06-23_21-31-21-128 - Afterburner_ammo_2_SG does not qualify for fixed weapon client reload verification
12-06-23_21-31-21-129 - Afterburner_ammo_1 is NOT enabled for client prediction
12-06-23_21-31-21-129 - Afterburner_ammo_1 does not qualify for fixed weapon client reload verification
12-06-23_21-31-21-130 - Afterburner_ammo_3 is NOT enabled for client prediction
12-06-23_21-31-21-130 - Afterburner_ammo_3 does not qualify for fixed weapon client reload verification
12-06-23_21-31-21-130 - Afterburner_ammo_4 is NOT enabled for client prediction
12-06-23_21-31-21-130 - Afterburner_ammo_4 does not qualify for fixed weapon client reload verification
12-06-23_21-31-21-132 - DETPAK2 is NOT enabled for client prediction
12-06-23_21-31-21-133 - DETPAK2 is NOT enabled for client prediction
12-06-23_21-31-21-134 - DETPAK2 is NOT enabled for client prediction
12-06-23_21-31-21-135 - VanillaBulletAMS is NOT enabled for client prediction
12-06-23_21-31-21-135 - VanillaBulletAMS_AOE is NOT enabled for client prediction
12-06-23_21-31-21-137 - Mostly Guided Rocket is NOT enabled for client prediction
12-06-23_21-31-21-139 - Assault Cannon Shell is NOT enabled for client prediction
12-06-23_21-31-21-141 - Artillery Shell is NOT enabled for client prediction
12-06-23_21-31-21-144 - Crossfield Beam is NOT enabled for client prediction
12-06-23_21-31-21-144 - Crossfield Beam has large largeCollisionSize: 20 meters
12-06-23_21-31-21-144 - Crossfield Beam is NOT enabled for client prediction
12-06-23_21-31-21-144 - Crossfield Beam has large largeCollisionSize: 20 meters
12-06-23_21-31-21-145 - Crossfield Beam is NOT enabled for client prediction
12-06-23_21-31-21-145 - Crossfield Beam has large largeCollisionSize: 20 meters
12-06-23_21-31-21-145 - Crossfield Beam is NOT enabled for client prediction
12-06-23_21-31-21-145 - Crossfield Beam has large largeCollisionSize: 20 meters
12-06-23_21-31-21-147 - EsperShot is NOT enabled for client prediction
12-06-23_21-31-21-147 - Mammon Beam is NOT enabled for client prediction
12-06-23_21-31-21-147 - Mammon Beam has large largeCollisionSize: 20 meters
12-06-23_21-31-21-149 - Thanatos Round is NOT enabled for client prediction
12-06-23_21-31-21-149 - Thanatos Guided is NOT enabled for client prediction
12-06-23_21-31-21-149 - Thanatos UnGuided is NOT enabled for client prediction
12-06-23_21-31-21-150 - Standard is NOT enabled for client prediction
12-06-23_21-31-21-150 - Overload is NOT enabled for client prediction
12-06-23_21-31-21-151 - APHE 600mm is NOT enabled for client prediction
12-06-23_21-31-21-152 - 600mm Heavy Shell Frag is NOT enabled for client prediction
12-06-23_21-31-21-152 - HE 600mm is NOT enabled for client prediction
12-06-23_21-31-21-154 - Hunter Shrapnel is NOT enabled for client prediction
12-06-23_21-31-21-154 - Unlimited Power Hunter is NOT enabled for client prediction
12-06-23_21-31-21-154 - Unlimited Power Branch is NOT enabled for client prediction
12-06-23_21-31-21-154 - Unlimited Power Branch 1 is NOT enabled for client prediction
12-06-23_21-31-21-154 - Unlimited Power Branch 2 is NOT enabled for client prediction
12-06-23_21-31-21-156 - AP 70mm is NOT enabled for client prediction
12-06-23_21-31-21-156 - AP 70mm is NOT enabled for client prediction
12-06-23_21-31-21-159 - AryxRailgunAmmoFrag is NOT enabled for client prediction
12-06-23_21-31-21-159 - AryxRailgunAmmoFrag_Mag is NOT enabled for client prediction
12-06-23_21-31-21-163 - Zap is NOT enabled for client prediction
12-06-23_21-31-21-163 - Helios_Zap_Stage2 is NOT enabled for client prediction
12-06-23_21-31-21-163 - Helios_Zap_Stage3 is NOT enabled for client prediction
12-06-23_21-31-21-163 - Helios_Zap_Stage4 is NOT enabled for client prediction
12-06-23_21-31-21-163 - Bap is NOT enabled for client prediction
12-06-23_21-31-21-163 - Helios_Stage2 is NOT enabled for client prediction
12-06-23_21-31-21-163 - Helios_Stage3 is NOT enabled for client prediction
12-06-23_21-31-21-164 - Helios_Stage4 is NOT enabled for client prediction
12-06-23_21-31-21-165 - Repeating is NOT enabled for client prediction
12-06-23_21-31-21-165 - AryxRailgunAmmoFrag_Mag is NOT enabled for client prediction
12-06-23_21-31-21-165 - Hitscan_Artemis_Frag is NOT enabled for client prediction
12-06-23_21-31-21-172 - Pyroacid_ammo is NOT enabled for client prediction
12-06-23_21-31-21-172 - Pyroacid_guided_ammo is NOT enabled for client prediction
12-06-23_21-31-21-172 - Pyroacid_splash_ammo is NOT enabled for client prediction
12-06-23_21-31-21-172 - Pyroacid_splash2_ammo is NOT enabled for client prediction
12-06-23_21-31-21-175 - HeavyPyroacid_ammo is NOT enabled for client prediction
12-06-23_21-31-21-175 - HeavyPyroacid_guided_ammo is NOT enabled for client prediction
12-06-23_21-31-21-175 - HeavyPyroacid_splash_ammo is NOT enabled for client prediction
12-06-23_21-31-21-175 - HeavyPyroacid_splash2_ammo is NOT enabled for client prediction
12-06-23_21-31-21-176 - Bioplasma_ammo is NOT enabled for client prediction
12-06-23_21-31-21-176 - Bioplasma_ammo_splash is NOT enabled for client prediction
12-06-23_21-31-21-222 - Hivedrone_ammo_launch is NOT enabled for client prediction
12-06-23_21-31-21-229 - Hivedrone_ammo is NOT enabled for client prediction
12-06-23_21-31-21-230 - Hivedrone_ammo_half is NOT enabled for client prediction
12-06-23_21-31-21-230 - Hivedrone_ammo_quarter is NOT enabled for client prediction
12-06-23_21-31-21-230 - Hivedrone_ammo_eighth is NOT enabled for client prediction
12-06-23_21-31-21-231 - Hivedrone_ammo_sixteenth is NOT enabled for client prediction
12-06-23_21-31-21-231 - Hivedrone_ammo_lunge is NOT enabled for client prediction
12-06-23_21-31-21-282 - Bioplasma_Hivedrone_ammo_launch is NOT enabled for client prediction
12-06-23_21-31-21-286 - Bioplasma_Hivedrone_ammo is NOT enabled for client prediction
12-06-23_21-31-21-286 - BioplasmaHivedrone_ammo_plasma is NOT enabled for client prediction
12-06-23_21-31-21-286 - BioplasmaHivedrone_ammo_lunge is NOT enabled for client prediction
12-06-23_21-31-21-300 - Particle is NOT enabled for client prediction
12-06-23_21-31-21-300 - Ammo 2 is NOT enabled for client prediction
12-06-23_21-31-21-301 - Particle is NOT enabled for client prediction
12-06-23_21-31-21-302 - Ammo 2 is NOT enabled for client prediction
12-06-23_21-31-23-498 - WC Version: 27
12-06-23_21-32-38-967 - Logging stopped.
