12-06-23_21-20-23-351 - Logging Started
12-06-23_21-20-23-435 - 25mm NATO is NOT enabled for client prediction
12-06-23_21-20-23-440 - 25mm NATO is NOT enabled for client prediction
12-06-23_21-20-23-440 - 25mm NATO does not qualify for fixed weapon client reload verification
12-06-23_21-20-23-441 - 25mm NATO is NOT enabled for client prediction
12-06-23_21-20-23-442 - 25mm NATO does not qualify for fixed weapon client reload verification
12-06-23_21-20-23-443 - 25mm NATO is NOT enabled for client prediction
12-06-23_21-20-23-465 - 200mm Missile is NOT enabled for client prediction
12-06-23_21-20-23-482 - 200mm Missile is NOT enabled for client prediction
12-06-23_21-20-23-485 - MR-50A is NOT enabled for client prediction
12-06-23_21-20-23-486 - 5.56x45mm is NOT enabled for client prediction
12-06-23_21-20-23-491 - Autocannon Shell is NOT enabled for client prediction
12-06-23_21-20-23-491 - Autocannon Shell does not qualify for fixed weapon client reload verification
12-06-23_21-20-23-494 - Autocannon Shell is NOT enabled for client prediction
12-06-23_21-20-23-499 - Assault Cannon Shell is NOT enabled for client prediction
12-06-23_21-20-23-502 - Assault Cannon Shell is NOT enabled for client prediction
12-06-23_21-20-23-507 - Artillery Shell is NOT enabled for client prediction
12-06-23_21-20-23-517 - SpotLight is NOT enabled for client prediction
12-06-23_21-20-23-518 - SpotLight is NOT enabled for client prediction
12-06-23_21-20-23-552 - Priest_Ammo is NOT enabled for client prediction
12-06-23_21-20-23-558 - Torp_Ammo is NOT enabled for client prediction
12-06-23_21-20-23-558 - TorpShrap_Ammo is NOT enabled for client prediction
12-06-23_21-20-23-559 - Priest_Ammo is NOT enabled for client prediction
12-06-23_21-20-23-560 - Type18 HE Round is NOT enabled for client prediction
12-06-23_21-20-23-561 - Type21 HE Round is NOT enabled for client prediction
12-06-23_21-20-23-562 - Type24 HE Round is NOT enabled for client prediction
12-06-23_21-20-23-564 - Type78 Round is NOT enabled for client prediction
12-06-23_21-20-23-565 - Type77 Round is NOT enabled for client prediction
12-06-23_21-20-23-566 - Type79 Round is NOT enabled for client prediction
12-06-23_21-20-23-567 - Reaver Ammo is NOT enabled for client prediction
12-06-23_21-20-23-567 - MA_Laser_1 is NOT enabled for client prediction
12-06-23_21-20-23-569 - MA_Laser_T2_Ammo is NOT enabled for client prediction
12-06-23_21-20-23-569 - MA_Laser_T2_Ammo_Decal is NOT enabled for client prediction
12-06-23_21-20-23-570 - MA_Laser_T2_Ammo is NOT enabled for client prediction
12-06-23_21-20-23-570 - MA_Laser_T2_Ammo_Decal is NOT enabled for client prediction
12-06-23_21-20-23-571 - MA_Laser_T2_Ammo is NOT enabled for client prediction
12-06-23_21-20-23-571 - MA_Laser_T2_Ammo_Decal is NOT enabled for client prediction
12-06-23_21-20-23-572 - MA_Laser_1 is NOT enabled for client prediction
12-06-23_21-20-23-573 - MA_Laser_1 is NOT enabled for client prediction
12-06-23_21-20-23-574 - MA_Laser_1 is NOT enabled for client prediction
12-06-23_21-20-23-575 - MA_Laser_1 is NOT enabled for client prediction
12-06-23_21-20-23-576 - MA_Laser_1 is NOT enabled for client prediction
12-06-23_21-20-23-577 - MA_Laser_T2_Ammo is NOT enabled for client prediction
12-06-23_21-20-23-577 - MA_Laser_T2_Ammo_Decal is NOT enabled for client prediction
12-06-23_21-20-23-578 - MA_Laser_T2_Ammo is NOT enabled for client prediction
12-06-23_21-20-23-578 - MA_Laser_T2_Ammo_Decal is NOT enabled for client prediction
12-06-23_21-20-23-579 - MA_Laser_T2_Ammo is NOT enabled for client prediction
12-06-23_21-20-23-579 - MA_Laser_T2_Ammo_Decal is NOT enabled for client prediction
12-06-23_21-20-23-580 - MA_Laser_T2_Ammo is NOT enabled for client prediction
12-06-23_21-20-23-581 - MA_Laser_T2_Ammo_Decal is NOT enabled for client prediction
12-06-23_21-20-23-582 - MA_Laser_T2_Ammo is NOT enabled for client prediction
12-06-23_21-20-23-582 - MA_Laser_T2_Ammo_Decal is NOT enabled for client prediction
12-06-23_21-20-23-586 - MA_Laser_Gladius_Ammo is NOT enabled for client prediction
12-06-23_21-20-23-587 - MA_Laser_T3_Ammo_Decal is NOT enabled for client prediction
12-06-23_21-20-23-590 - MA_Meatball_Ammo is NOT enabled for client prediction
12-06-23_21-20-23-590 - MA_Meatball_Ammo is NOT enabled for client prediction
12-06-23_21-20-23-591 - MA_Meatball_Ammo is NOT enabled for client prediction
12-06-23_21-20-23-592 - MA_Blister_Ammo is NOT enabled for client prediction
12-06-23_21-20-23-593 - MA_Blister_Ammo is NOT enabled for client prediction
12-06-23_21-20-23-594 - MA_Blister_Ammo is NOT enabled for client prediction
12-06-23_21-20-23-597 - MA_Blister_Ammo is NOT enabled for client prediction
12-06-23_21-20-23-599 - MA_Blister_Ammo is NOT enabled for client prediction
12-06-23_21-20-23-599 - MA_Blister_Ammo is NOT enabled for client prediction
12-06-23_21-20-23-600 - MA_Blister_Ammo is NOT enabled for client prediction
12-06-23_21-20-23-602 - MA_Slinger_Ammo is NOT enabled for client prediction
12-06-23_21-20-23-603 - MA_Slinger_Ammo is NOT enabled for client prediction
12-06-23_21-20-23-604 - MA_Slinger_Ammo is NOT enabled for client prediction
12-06-23_21-20-23-605 - MA_Slinger_Ammo is NOT enabled for client prediction
12-06-23_21-20-23-606 - MA_Slinger_Ammo is NOT enabled for client prediction
12-06-23_21-20-23-607 - MA_Tiger_Ammo is NOT enabled for client prediction
12-06-23_21-20-23-608 - MA_Tiger_Ammo is NOT enabled for client prediction
12-06-23_21-20-23-609 - MA_Laser_T2_Ammo is NOT enabled for client prediction
12-06-23_21-20-23-609 - MA_Laser_T2_Ammo_Decal is NOT enabled for client prediction
12-06-23_21-20-23-610 - MA_Laser_T2_Ammo is NOT enabled for client prediction
12-06-23_21-20-23-610 - MA_Laser_T2_Ammo_Decal is NOT enabled for client prediction
12-06-23_21-20-23-612 - MA_Laser_T3_Ammo is NOT enabled for client prediction
12-06-23_21-20-23-612 - MA_Laser_T3_Ammo_Decal is NOT enabled for client prediction
12-06-23_21-20-23-613 - MA_Laser_T4_Ammo is NOT enabled for client prediction
12-06-23_21-20-23-613 - MA_Laser_T4_Ammo_Decal is NOT enabled for client prediction
12-06-23_21-20-23-618 - MA_Missile is NOT enabled for client prediction
12-06-23_21-20-23-618 - MA_Missile_Stage2 is NOT enabled for client prediction
12-06-23_21-20-23-627 - MA_Missile is NOT enabled for client prediction
12-06-23_21-20-23-627 - MA_Missile_Stage2 is NOT enabled for client prediction
12-06-23_21-20-23-629 - Asterius Gauss is NOT enabled for client prediction
12-06-23_21-20-23-631 - Charon_Shot is NOT enabled for client prediction
12-06-23_21-20-23-632 - Charon_Shot_Bounce is NOT enabled for client prediction
12-06-23_21-20-23-632 - Charon_Fake_Shot is NOT enabled for client prediction
12-06-23_21-20-23-638 - HVSC is NOT enabled for client prediction
12-06-23_21-20-23-654 - HVSC Terminal is NOT enabled for client prediction
12-06-23_21-20-23-654 - HVSC Shrapnel is NOT enabled for client prediction
12-06-23_21-20-23-655 - Sensor Fused is NOT enabled for client prediction
12-06-23_21-20-23-655 - SF Terminal is NOT enabled for client prediction
12-06-23_21-20-23-655 - SF Bomblet is NOT enabled for client prediction
12-06-23_21-20-23-656 - SF Fragment is NOT enabled for client prediction
12-06-23_21-20-23-658 - Hellfire Laser is NOT enabled for client prediction
12-06-23_21-20-23-658 - Hellfire Laser does not qualify for fixed weapon client reload verification
12-06-23_21-20-23-658 - Hellfire Pulse is NOT enabled for client prediction
12-06-23_21-20-23-658 - Hellfire Pulse does not qualify for fixed weapon client reload verification
12-06-23_21-20-23-658 - LP Hellfire is NOT enabled for client prediction
12-06-23_21-20-23-658 - LP Hellfire does not qualify for fixed weapon client reload verification
12-06-23_21-20-23-662 - Somnus Gauss Frag is NOT enabled for client prediction
12-06-23_21-20-23-662 - SomnusFXshots3 is NOT enabled for client prediction
12-06-23_21-20-23-662 - SomnusFXshots4 is NOT enabled for client prediction
12-06-23_21-20-23-665 - Cerberus Gauss is NOT enabled for client prediction
12-06-23_21-20-23-665 - Cerberus_Shrap is NOT enabled for client prediction
12-06-23_21-20-23-666 - Cerberus Gauss is NOT enabled for client prediction
12-06-23_21-20-23-667 - Cerberus_Shrap is NOT enabled for client prediction
12-06-23_21-20-23-668 - Cerberus Gauss is NOT enabled for client prediction
12-06-23_21-20-23-668 - Cerberus_Shrap is NOT enabled for client prediction
12-06-23_21-20-23-669 - Ceis Gauss is NOT enabled for client prediction
12-06-23_21-20-23-669 - Carnifex is NOT enabled for client prediction
12-06-23_21-20-23-670 - Silvius Gauss is NOT enabled for client prediction
12-06-23_21-20-23-671 - GaussER_Shrap is NOT enabled for client prediction
12-06-23_21-20-23-672 - Erebos Ammo is NOT enabled for client prediction
12-06-23_21-20-23-672 - Erebos Ammo AOE is NOT enabled for client prediction
12-06-23_21-20-23-674 - AutoCoil_Shrap is NOT enabled for client prediction
12-06-23_21-20-23-677 - AutoCoil_Shrap is NOT enabled for client prediction
12-06-23_21-20-23-686 - Taiidani Interceptor is NOT enabled for client prediction
12-06-23_21-20-23-686 - Taiidani Interceptor has large largeCollisionSize: 10 meters
12-06-23_21-20-23-686 - Taiidan Interceptor Attack is NOT enabled for client prediction
12-06-23_21-20-23-686 - Taiidan Interceptor Missile Attack is NOT enabled for client prediction
12-06-23_21-20-23-688 - taiidandebris1 is NOT enabled for client prediction
12-06-23_21-20-23-689 - taiidandebris2 is NOT enabled for client prediction
12-06-23_21-20-23-690 - taiidandebris3 is NOT enabled for client prediction
12-06-23_21-20-23-691 - taiidandebris4 is NOT enabled for client prediction
12-06-23_21-20-23-696 - Taiidani Interceptor is NOT enabled for client prediction
12-06-23_21-20-23-696 - Taiidani Interceptor has large largeCollisionSize: 10 meters
12-06-23_21-20-23-696 - Taiidan Interceptor Attack is NOT enabled for client prediction
12-06-23_21-20-23-696 - Taiidan Interceptor Missile Attack is NOT enabled for client prediction
12-06-23_21-20-23-697 - taiidandebris1 is NOT enabled for client prediction
12-06-23_21-20-23-697 - taiidandebris2 is NOT enabled for client prediction
12-06-23_21-20-23-698 - taiidandebris3 is NOT enabled for client prediction
12-06-23_21-20-23-698 - taiidandebris4 is NOT enabled for client prediction
12-06-23_21-20-23-702 - Taiidani Bomber is NOT enabled for client prediction
12-06-23_21-20-23-702 - Taiidani Bomber has large largeCollisionSize: 10 meters
12-06-23_21-20-23-702 - Taiidan Bomber Attack is NOT enabled for client prediction
12-06-23_21-20-23-703 - taiidandebris1 is NOT enabled for client prediction
12-06-23_21-20-23-703 - taiidandebris2 is NOT enabled for client prediction
12-06-23_21-20-23-703 - taiidandebris3 is NOT enabled for client prediction
12-06-23_21-20-23-704 - taiidandebris4 is NOT enabled for client prediction
12-06-23_21-20-23-707 - Taiidani Interceptor is NOT enabled for client prediction
12-06-23_21-20-23-708 - Taiidani Interceptor has large largeCollisionSize: 10 meters
12-06-23_21-20-23-708 - Taiidan Interceptor Attack is NOT enabled for client prediction
12-06-23_21-20-23-708 - Taiidan Interceptor Missile Attack is NOT enabled for client prediction
12-06-23_21-20-23-708 - taiidandebris1 is NOT enabled for client prediction
12-06-23_21-20-23-709 - taiidandebris2 is NOT enabled for client prediction
12-06-23_21-20-23-709 - taiidandebris3 is NOT enabled for client prediction
12-06-23_21-20-23-724 - taiidandebris4 is NOT enabled for client prediction
12-06-23_21-20-23-728 - Taiidani Bomber is NOT enabled for client prediction
12-06-23_21-20-23-728 - Taiidani Bomber has large largeCollisionSize: 10 meters
12-06-23_21-20-23-728 - Taiidan Bomber Attack is NOT enabled for client prediction
12-06-23_21-20-23-729 - taiidandebris1 is NOT enabled for client prediction
12-06-23_21-20-23-729 - taiidandebris2 is NOT enabled for client prediction
12-06-23_21-20-23-729 - taiidandebris3 is NOT enabled for client prediction
12-06-23_21-20-23-730 - taiidandebris4 is NOT enabled for client prediction
12-06-23_21-20-23-732 - Taiidani Bomber is NOT enabled for client prediction
12-06-23_21-20-23-732 - Taiidani Bomber has large largeCollisionSize: 10 meters
12-06-23_21-20-23-732 - Taiidan Bomber Attack is NOT enabled for client prediction
12-06-23_21-20-23-733 - taiidandebris1 is NOT enabled for client prediction
12-06-23_21-20-23-733 - taiidandebris2 is NOT enabled for client prediction
12-06-23_21-20-23-734 - taiidandebris3 is NOT enabled for client prediction
12-06-23_21-20-23-734 - taiidandebris4 is NOT enabled for client prediction
12-06-23_21-20-23-737 - Taiidani Bomber is NOT enabled for client prediction
12-06-23_21-20-23-737 - Taiidani Bomber has large largeCollisionSize: 10 meters
12-06-23_21-20-23-737 - Taiidan Bomber Attack is NOT enabled for client prediction
12-06-23_21-20-23-737 - taiidandebris1 is NOT enabled for client prediction
12-06-23_21-20-23-738 - taiidandebris2 is NOT enabled for client prediction
12-06-23_21-20-23-738 - taiidandebris3 is NOT enabled for client prediction
12-06-23_21-20-23-738 - taiidandebris4 is NOT enabled for client prediction
12-06-23_21-20-23-741 - Taiidani Interceptor is NOT enabled for client prediction
12-06-23_21-20-23-741 - Taiidani Interceptor has large largeCollisionSize: 10 meters
12-06-23_21-20-23-741 - Taiidan Interceptor Attack is NOT enabled for client prediction
12-06-23_21-20-23-741 - Taiidan Interceptor Missile Attack is NOT enabled for client prediction
12-06-23_21-20-23-742 - taiidandebris1 is NOT enabled for client prediction
12-06-23_21-20-23-742 - taiidandebris2 is NOT enabled for client prediction
12-06-23_21-20-23-743 - taiidandebris3 is NOT enabled for client prediction
12-06-23_21-20-23-743 - taiidandebris4 is NOT enabled for client prediction
12-06-23_21-20-23-752 - banshee shot main is NOT enabled for client prediction
12-06-23_21-20-23-752 - banshee shot Acceleration is NOT enabled for client prediction
12-06-23_21-20-23-752 - banshee plasma shot Acceleration is NOT enabled for client prediction
12-06-23_21-20-23-757 - longsword shot main is NOT enabled for client prediction
12-06-23_21-20-23-757 - longsword napalm base is NOT enabled for client prediction
12-06-23_21-20-23-757 - longsword napalm timespawn is NOT enabled for client prediction
12-06-23_21-20-23-757 - longsword napalm frag is NOT enabled for client prediction
12-06-23_21-20-23-758 - Longsword Nuke Acceleration is NOT enabled for client prediction
12-06-23_21-20-23-759 - Longsword Nuke Terminal is NOT enabled for client prediction
12-06-23_21-20-23-759 - Longsword Nuke Frag is NOT enabled for client prediction
12-06-23_21-20-23-934 - SubterraneanSun is NOT enabled for client prediction
12-06-23_21-20-23-935 - SubterraneanSunStage2 is NOT enabled for client prediction
12-06-23_21-20-23-935 - SubterraneanSunStage2SuccParticleInvis is NOT enabled for client prediction
12-06-23_21-20-23-935 - SubterraneanSunStage2SuccParticleVisible is NOT enabled for client prediction
12-06-23_21-20-23-935 - SubterraneanSunStage2EWARTimespawn is NOT enabled for client prediction
12-06-23_21-20-23-935 - SubterraneanSunStage2EWARTimespawn has large largeCollisionSize: 5.5 meters
12-06-23_21-20-23-935 - SubterraneanSunStage2EWARPattern is NOT enabled for client prediction
12-06-23_21-20-23-935 - SubterraneanSunStage2EWARPattern has large largeCollisionSize: 5.5 meters
12-06-23_21-20-23-940 - Davy Crockett is NOT enabled for client prediction
12-06-23_21-20-23-940 - Davy Crockett Acceleration is NOT enabled for client prediction
12-06-23_21-20-23-941 - Davy Crockett Terminal is NOT enabled for client prediction
12-06-23_21-20-23-941 - Davy Crockett Frag is NOT enabled for client prediction
12-06-23_21-20-23-941 - Davy_Flare is NOT enabled for client prediction
12-06-23_21-20-23-941 - Davy Crockett Smart is NOT enabled for client prediction
12-06-23_21-20-23-942 - Davy Crockett Acceleration Smart is NOT enabled for client prediction
12-06-23_21-20-23-942 - OPA Heavy Torp LockTone is NOT enabled for client prediction
12-06-23_21-20-23-942 - OPA Heavy Torp LockTone Terminal is NOT enabled for client prediction
12-06-23_21-20-23-944 - Bullet_AMS is NOT enabled for client prediction
12-06-23_21-20-23-944 - Bullet_AMS_AOE is NOT enabled for client prediction
12-06-23_21-20-23-944 - Bullet_AMS_AOE_2 is NOT enabled for client prediction
12-06-23_21-20-23-945 - Ball Bullet AMS is NOT enabled for client prediction
12-06-23_21-20-23-945 - Ball_Turret_Frag is NOT enabled for client prediction
12-06-23_21-20-23-948 - MCRN Heavy Torp Launch is NOT enabled for client prediction
12-06-23_21-20-23-948 - MCRN Heavy Torp Acceleration is NOT enabled for client prediction
12-06-23_21-20-23-949 - MCRN Heavy Torp Terminal is NOT enabled for client prediction
12-06-23_21-20-23-949 - MCRN Heavy Torp Frag is NOT enabled for client prediction
12-06-23_21-20-23-951 - UNN Heavy Torp Launch is NOT enabled for client prediction
12-06-23_21-20-23-956 - UNN Heavy Torp Acceleration is NOT enabled for client prediction
12-06-23_21-20-23-956 - UNN Heavy Torp Terminal is NOT enabled for client prediction
12-06-23_21-20-23-956 - UNN Heavy Torp Frag is NOT enabled for client prediction
12-06-23_21-20-23-959 - LRM is NOT enabled for client prediction
12-06-23_21-20-23-960 - Mod_LRM_Terminal is NOT enabled for client prediction
12-06-23_21-20-23-960 - Mod_LRM_Fragment_Detonation is NOT enabled for client prediction
12-06-23_21-20-23-961 - LRM is NOT enabled for client prediction
12-06-23_21-20-23-962 - Mod_LRM_Terminal is NOT enabled for client prediction
12-06-23_21-20-23-962 - Mod_LRM_Fragment_Detonation is NOT enabled for client prediction
12-06-23_21-20-23-963 - LRM is NOT enabled for client prediction
12-06-23_21-20-23-964 - Mod_LRM_Terminal is NOT enabled for client prediction
12-06-23_21-20-23-964 - Mod_LRM_Fragment_Detonation is NOT enabled for client prediction
12-06-23_21-20-23-965 - LRM is NOT enabled for client prediction
12-06-23_21-20-23-966 - Mod_LRM_Terminal is NOT enabled for client prediction
12-06-23_21-20-23-966 - Mod_LRM_Fragment_Detonation is NOT enabled for client prediction
12-06-23_21-20-23-967 - MRM is NOT enabled for client prediction
12-06-23_21-20-23-968 - MRM_2ndStage is NOT enabled for client prediction
12-06-23_21-20-23-969 - MRM is NOT enabled for client prediction
12-06-23_21-20-23-969 - MRM_2ndStage is NOT enabled for client prediction
12-06-23_21-20-23-971 - MRM is NOT enabled for client prediction
12-06-23_21-20-23-971 - MRM_2ndStage is NOT enabled for client prediction
12-06-23_21-20-23-973 - MRM is NOT enabled for client prediction
12-06-23_21-20-23-973 - MRM_2ndStage is NOT enabled for client prediction
12-06-23_21-20-23-976 - SSRM is NOT enabled for client prediction
12-06-23_21-20-23-976 - SRM_Acceleration is NOT enabled for client prediction
12-06-23_21-20-23-976 - SRM_Detonation is NOT enabled for client prediction
12-06-23_21-20-23-980 - ERPPC_EWAR is NOT enabled for client prediction
12-06-23_21-20-23-981 - RWR_P_Fake is NOT enabled for client prediction
12-06-23_21-20-23-981 - RWR_P_Fake is NOT enabled for client prediction
12-06-23_21-20-24-002 - Flare is NOT enabled for client prediction
12-06-23_21-20-24-003 - FlarePulse is NOT enabled for client prediction
12-06-23_21-20-24-004 - 20mm High Velocity is NOT enabled for client prediction
12-06-23_21-20-24-004 - PDC_Bullet_AOE is NOT enabled for client prediction
12-06-23_21-20-24-005 - 20mm High Velocity is NOT enabled for client prediction
12-06-23_21-20-24-006 - PDC_Bullet_AOE is NOT enabled for client prediction
12-06-23_21-20-24-007 - 20mm High Velocity is NOT enabled for client prediction
12-06-23_21-20-24-007 - PDC_Bullet_AOE is NOT enabled for client prediction
12-06-23_21-20-24-008 - 20mm High Velocity is NOT enabled for client prediction
12-06-23_21-20-24-008 - PDC_Bullet_AOE is NOT enabled for client prediction
12-06-23_21-20-24-009 - 20mm High Velocity is NOT enabled for client prediction
12-06-23_21-20-24-009 - PDC_Bullet_AOE is NOT enabled for client prediction
12-06-23_21-20-24-010 - 40mm APHE Shell is NOT enabled for client prediction
12-06-23_21-20-24-010 - 80mm APHE Shell is NOT enabled for client prediction
12-06-23_21-20-24-011 - TurretedPulseLaser is NOT enabled for client prediction
12-06-23_21-20-24-012 - Light_Railgun_Slug is NOT enabled for client prediction
12-06-23_21-20-24-013 - Small_Railgun_Ammo_VFX1 is NOT enabled for client prediction
12-06-23_21-20-24-013 - Small_Railgun_Ammo_VFX2 is NOT enabled for client prediction
12-06-23_21-20-24-014 - Odin_Railgun_Slug is NOT enabled for client prediction
12-06-23_21-20-24-014 - Odin_Railgun_VFX1 is NOT enabled for client prediction
12-06-23_21-20-24-014 - Odin_Railgun_VFX2 is NOT enabled for client prediction
12-06-23_21-20-24-014 - Odin_Railgun_Frag is NOT enabled for client prediction
12-06-23_21-20-24-016 - 27-Inch HE is NOT enabled for client prediction
12-06-23_21-20-24-016 - HE_Fragment is NOT enabled for client prediction
12-06-23_21-20-24-016 - Distractor Shell is NOT enabled for client prediction
12-06-23_21-20-24-016 - Distractor Shell has 1293m grav drop at 1g.  'Gungir' Heavy Gun Turret needs Accurate/Advanced aim prediction to account for gravity.
12-06-23_21-20-24-016 - Thump_Flare_Travel is NOT enabled for client prediction
12-06-23_21-20-24-016 - Thump_Flare is NOT enabled for client prediction
12-06-23_21-20-24-018 - CoilGunAmmo is NOT enabled for client prediction
12-06-23_21-20-24-018 - CoilGunAmmo_VFX1 is NOT enabled for client prediction
12-06-23_21-20-24-018 - CoilGunAmmo_VFX2 is NOT enabled for client prediction
12-06-23_21-20-24-018 - CoilGunAmmo_VFX3 is NOT enabled for client prediction
12-06-23_21-20-24-019 - Plasma_Beam is NOT enabled for client prediction
12-06-23_21-20-24-020 - Hurricane APCBC is NOT enabled for client prediction
12-06-23_21-20-24-020 - H_APHE_Fragment is NOT enabled for client prediction
12-06-23_21-20-24-021 - High-Explosive Shell BC7 is NOT enabled for client prediction
12-06-23_21-20-24-021 - BC7_HE_Fragment is NOT enabled for client prediction
12-06-23_21-20-24-021 - High-Velocity AP BC7 is NOT enabled for client prediction
12-06-23_21-20-24-022 - High-Explosive Shell BC7 is NOT enabled for client prediction
12-06-23_21-20-24-022 - BC7_HE_Fragment is NOT enabled for client prediction
12-06-23_21-20-24-023 - High-Velocity AP BC7 is NOT enabled for client prediction
12-06-23_21-20-24-024 - High-Explosive Shell BC5 is NOT enabled for client prediction
12-06-23_21-20-24-024 - BC5_HE_Fragment is NOT enabled for client prediction
12-06-23_21-20-24-024 - High Velocity AP BC5 is NOT enabled for client prediction
12-06-23_21-20-24-025 - High-Explosive Shell BC5 is NOT enabled for client prediction
12-06-23_21-20-24-025 - BC5_HE_Fragment is NOT enabled for client prediction
12-06-23_21-20-24-025 - High Velocity AP BC5 is NOT enabled for client prediction
12-06-23_21-20-24-026 - High-Explosive Shell BC3 is NOT enabled for client prediction
12-06-23_21-20-24-026 - BC3_HE_Fragment is NOT enabled for client prediction
12-06-23_21-20-24-026 - Armor-Penetrator Shell BC3 is NOT enabled for client prediction
12-06-23_21-20-24-028 - High-Explosive Shell BC3 is NOT enabled for client prediction
12-06-23_21-20-24-028 - BC3_HE_Fragment is NOT enabled for client prediction
12-06-23_21-20-24-028 - Armor-Penetrator Shell BC3 is NOT enabled for client prediction
12-06-23_21-20-24-029 - Ammo 1 is NOT enabled for client prediction
12-06-23_21-20-24-029 - Mine_Static is NOT enabled for client prediction
12-06-23_21-20-24-031 - [========================]
12-06-23_21-20-24-031 - :::::['Loki' Utility Launcher]:::::
12-06-23_21-20-24-031 - AmmoMagazine: Energy
12-06-23_21-20-24-031 - AmmoRound: Vortex Torpedo
12-06-23_21-20-24-031 - InaccuracyScore: 100% | ShotAngle: 0  @: 3000m vs 10m Circle
12-06-23_21-20-24-031 - --------------------------
12-06-23_21-20-24-031 - Shots per second(w/Heat): 0.04 (0.04)
12-06-23_21-20-24-031 - Peak DPS: 3
12-06-23_21-20-24-031 - Effective DPS: 3 | without Inaccuracy: 3
12-06-23_21-20-24-031 - Base Damage DPS: 3
12-06-23_21-20-24-031 - Area Damage DPS: 0
12-06-23_21-20-24-031 - Explosive Dmg DPS: 0
12-06-23_21-20-24-031 - [=========== Ammo End =============]
12-06-23_21-20-24-031 - Vortex Torpedo is NOT enabled for client prediction
12-06-23_21-20-24-031 - Vortex_Effect_Frag is NOT enabled for client prediction
12-06-23_21-20-24-033 - Thor_Launch is NOT enabled for client prediction
12-06-23_21-20-24-033 - Thor_Travel is NOT enabled for client prediction
12-06-23_21-20-24-033 - Thor_Travel_2 is NOT enabled for client prediction
12-06-23_21-20-24-034 - Thor_Terminal is NOT enabled for client prediction
12-06-23_21-20-24-034 - Thor_Terminal_2 is NOT enabled for client prediction
12-06-23_21-20-24-036 - 80mm HE Shell is NOT enabled for client prediction
12-06-23_21-20-24-036 - 80mm HE Shell does not qualify for fixed weapon client reload verification
12-06-23_21-20-24-036 - 80mm AP Shell is NOT enabled for client prediction
12-06-23_21-20-24-036 - 80mm AP Shell does not qualify for fixed weapon client reload verification
12-06-23_21-20-24-036 - Phantom_Primary is NOT enabled for client prediction
12-06-23_21-20-24-036 - Phantom_Primary does not qualify for fixed weapon client reload verification
12-06-23_21-20-24-036 - Phantom_Secondary is NOT enabled for client prediction
12-06-23_21-20-24-036 - Phantom_Secondary does not qualify for fixed weapon client reload verification
12-06-23_21-20-24-036 - Fragment_Primary is NOT enabled for client prediction
12-06-23_21-20-24-036 - Fragment_Primary does not qualify for fixed weapon client reload verification
12-06-23_21-20-24-036 - Fragment_Secondary is NOT enabled for client prediction
12-06-23_21-20-24-036 - Fragment_Secondary does not qualify for fixed weapon client reload verification
12-06-23_21-20-24-037 - 60mm HE Shell is NOT enabled for client prediction
12-06-23_21-20-24-037 - 60mm AP Shell is NOT enabled for client prediction
12-06-23_21-20-24-039 - Pulse Laser is NOT enabled for client prediction
12-06-23_21-20-24-039 - Pulse Laser does not qualify for fixed weapon client reload verification
12-06-23_21-20-24-039 - Shield H. Pulse Laser is NOT enabled for client prediction
12-06-23_21-20-24-039 - Shield H. Pulse Laser does not qualify for fixed weapon client reload verification
12-06-23_21-20-24-040 - Light Pulse Laser is NOT enabled for client prediction
12-06-23_21-20-24-040 - Light Pulse Laser does not qualify for fixed weapon client reload verification
12-06-23_21-20-24-042 - 175mm Flak Shell is NOT enabled for client prediction
12-06-23_21-20-24-042 - 175mm HE Direct Fire is NOT enabled for client prediction
12-06-23_21-20-24-042 - HEShrapBase is NOT enabled for client prediction
12-06-23_21-20-24-042 - HEShrap is NOT enabled for client prediction
12-06-23_21-20-24-042 - Flak_Shell_Frag is NOT enabled for client prediction
12-06-23_21-20-24-042 - Flak Wall Test is NOT enabled for client prediction
12-06-23_21-20-24-042 - Canister_FragmentFF is NOT enabled for client prediction
12-06-23_21-20-24-043 - Plasma_Shot is NOT enabled for client prediction
12-06-23_21-20-24-044 - Fission_Beam_Primary is NOT enabled for client prediction
12-06-23_21-20-24-044 - Fission_Beam_Secondary is NOT enabled for client prediction
12-06-23_21-20-24-046 - BFG_Cannon_Primary is NOT enabled for client prediction
12-06-23_21-20-24-046 - C_HE_Fragment is NOT enabled for client prediction
12-06-23_21-20-24-047 - Ion_Beam is NOT enabled for client prediction
12-06-23_21-20-24-049 - Scattergun_Base is NOT enabled for client prediction
12-06-23_21-20-24-049 - Scattergun_Shot_2 is NOT enabled for client prediction
12-06-23_21-20-24-049 - Scattergun_Sabot is NOT enabled for client prediction
12-06-23_21-20-24-051 - SLAMMO is NOT enabled for client prediction
12-06-23_21-20-24-052 - SLAM Nuke Acceleration is NOT enabled for client prediction
12-06-23_21-20-24-053 - SLAM Nuke Terminal is NOT enabled for client prediction
12-06-23_21-20-24-053 - SLAM Nuke Frag is NOT enabled for client prediction
12-06-23_21-20-24-054 - MetalStormProj1 is NOT enabled for client prediction
12-06-23_21-20-24-057 - BALLER_bounce1 is NOT enabled for client prediction
12-06-23_21-20-24-057 - BALLER_bounce2 is NOT enabled for client prediction
12-06-23_21-20-24-057 - BALLER_bounce3 is NOT enabled for client prediction
12-06-23_21-20-24-057 - BALLER_bounce4 is NOT enabled for client prediction
12-06-23_21-20-24-058 - BALLER_bounce5 is NOT enabled for client prediction
12-06-23_21-20-24-058 - BALLER_bounce6 is NOT enabled for client prediction
12-06-23_21-20-24-058 - BALLER_bounce7 is NOT enabled for client prediction
12-06-23_21-20-24-058 - BALLER_bounce8 is NOT enabled for client prediction
12-06-23_21-20-24-058 - BALLER_bounce9 is NOT enabled for client prediction
12-06-23_21-20-24-058 - BALLER_bounce10 is NOT enabled for client prediction
12-06-23_21-20-24-059 - Afterburner_ammo_2 is NOT enabled for client prediction
12-06-23_21-20-24-059 - Afterburner_ammo_2 does not qualify for fixed weapon client reload verification
12-06-23_21-20-24-060 - Afterburner_ammo_2_SG is NOT enabled for client prediction
12-06-23_21-20-24-060 - Afterburner_ammo_2_SG does not qualify for fixed weapon client reload verification
12-06-23_21-20-24-060 - Afterburner_ammo_1 is NOT enabled for client prediction
12-06-23_21-20-24-060 - Afterburner_ammo_1 does not qualify for fixed weapon client reload verification
12-06-23_21-20-24-061 - Afterburner_ammo_3 is NOT enabled for client prediction
12-06-23_21-20-24-061 - Afterburner_ammo_3 does not qualify for fixed weapon client reload verification
12-06-23_21-20-24-062 - Afterburner_ammo_4 is NOT enabled for client prediction
12-06-23_21-20-24-062 - Afterburner_ammo_4 does not qualify for fixed weapon client reload verification
12-06-23_21-20-24-064 - DETPAK2 is NOT enabled for client prediction
12-06-23_21-20-24-065 - DETPAK2 is NOT enabled for client prediction
12-06-23_21-20-24-066 - DETPAK2 is NOT enabled for client prediction
12-06-23_21-20-24-067 - VanillaBulletAMS is NOT enabled for client prediction
12-06-23_21-20-24-067 - VanillaBulletAMS_AOE is NOT enabled for client prediction
12-06-23_21-20-24-069 - Mostly Guided Rocket is NOT enabled for client prediction
12-06-23_21-20-24-071 - Assault Cannon Shell is NOT enabled for client prediction
12-06-23_21-20-24-073 - Artillery Shell is NOT enabled for client prediction
12-06-23_21-20-24-076 - Crossfield Beam is NOT enabled for client prediction
12-06-23_21-20-24-076 - Crossfield Beam has large largeCollisionSize: 20 meters
12-06-23_21-20-24-076 - Crossfield Beam is NOT enabled for client prediction
12-06-23_21-20-24-076 - Crossfield Beam has large largeCollisionSize: 20 meters
12-06-23_21-20-24-077 - Crossfield Beam is NOT enabled for client prediction
12-06-23_21-20-24-077 - Crossfield Beam has large largeCollisionSize: 20 meters
12-06-23_21-20-24-077 - Crossfield Beam is NOT enabled for client prediction
12-06-23_21-20-24-077 - Crossfield Beam has large largeCollisionSize: 20 meters
12-06-23_21-20-24-079 - EsperShot is NOT enabled for client prediction
12-06-23_21-20-24-079 - Mammon Beam is NOT enabled for client prediction
12-06-23_21-20-24-079 - Mammon Beam has large largeCollisionSize: 20 meters
12-06-23_21-20-24-081 - Thanatos Round is NOT enabled for client prediction
12-06-23_21-20-24-086 - Thanatos Guided is NOT enabled for client prediction
12-06-23_21-20-24-086 - Thanatos UnGuided is NOT enabled for client prediction
12-06-23_21-20-24-087 - Standard is NOT enabled for client prediction
12-06-23_21-20-24-087 - Overload is NOT enabled for client prediction
12-06-23_21-20-24-089 - APHE 600mm is NOT enabled for client prediction
12-06-23_21-20-24-089 - 600mm Heavy Shell Frag is NOT enabled for client prediction
12-06-23_21-20-24-089 - HE 600mm is NOT enabled for client prediction
12-06-23_21-20-24-091 - Hunter Shrapnel is NOT enabled for client prediction
12-06-23_21-20-24-092 - Unlimited Power Hunter is NOT enabled for client prediction
12-06-23_21-20-24-092 - Unlimited Power Branch is NOT enabled for client prediction
12-06-23_21-20-24-092 - Unlimited Power Branch 1 is NOT enabled for client prediction
12-06-23_21-20-24-092 - Unlimited Power Branch 2 is NOT enabled for client prediction
12-06-23_21-20-24-093 - AP 70mm is NOT enabled for client prediction
12-06-23_21-20-24-094 - AP 70mm is NOT enabled for client prediction
12-06-23_21-20-24-097 - AryxRailgunAmmoFrag is NOT enabled for client prediction
12-06-23_21-20-24-097 - AryxRailgunAmmoFrag_Mag is NOT enabled for client prediction
12-06-23_21-20-24-101 - Zap is NOT enabled for client prediction
12-06-23_21-20-24-101 - Helios_Zap_Stage2 is NOT enabled for client prediction
12-06-23_21-20-24-101 - Helios_Zap_Stage3 is NOT enabled for client prediction
12-06-23_21-20-24-101 - Helios_Zap_Stage4 is NOT enabled for client prediction
12-06-23_21-20-24-101 - Bap is NOT enabled for client prediction
12-06-23_21-20-24-101 - Helios_Stage2 is NOT enabled for client prediction
12-06-23_21-20-24-101 - Helios_Stage3 is NOT enabled for client prediction
12-06-23_21-20-24-101 - Helios_Stage4 is NOT enabled for client prediction
12-06-23_21-20-24-103 - Repeating is NOT enabled for client prediction
12-06-23_21-20-24-103 - AryxRailgunAmmoFrag_Mag is NOT enabled for client prediction
12-06-23_21-20-24-103 - Hitscan_Artemis_Frag is NOT enabled for client prediction
12-06-23_21-20-24-106 - Pyroacid_ammo is NOT enabled for client prediction
12-06-23_21-20-24-106 - Pyroacid_guided_ammo is NOT enabled for client prediction
12-06-23_21-20-24-106 - Pyroacid_splash_ammo is NOT enabled for client prediction
12-06-23_21-20-24-106 - Pyroacid_splash2_ammo is NOT enabled for client prediction
12-06-23_21-20-24-109 - HeavyPyroacid_ammo is NOT enabled for client prediction
12-06-23_21-20-24-109 - HeavyPyroacid_guided_ammo is NOT enabled for client prediction
12-06-23_21-20-24-109 - HeavyPyroacid_splash_ammo is NOT enabled for client prediction
12-06-23_21-20-24-109 - HeavyPyroacid_splash2_ammo is NOT enabled for client prediction
12-06-23_21-20-24-110 - Bioplasma_ammo is NOT enabled for client prediction
12-06-23_21-20-24-110 - Bioplasma_ammo_splash is NOT enabled for client prediction
12-06-23_21-20-24-162 - Hivedrone_ammo_launch is NOT enabled for client prediction
12-06-23_21-20-24-166 - Hivedrone_ammo is NOT enabled for client prediction
12-06-23_21-20-24-166 - Hivedrone_ammo_half is NOT enabled for client prediction
12-06-23_21-20-24-167 - Hivedrone_ammo_quarter is NOT enabled for client prediction
12-06-23_21-20-24-167 - Hivedrone_ammo_eighth is NOT enabled for client prediction
12-06-23_21-20-24-168 - Hivedrone_ammo_sixteenth is NOT enabled for client prediction
12-06-23_21-20-24-168 - Hivedrone_ammo_lunge is NOT enabled for client prediction
12-06-23_21-20-24-224 - Bioplasma_Hivedrone_ammo_launch is NOT enabled for client prediction
12-06-23_21-20-24-250 - Bioplasma_Hivedrone_ammo is NOT enabled for client prediction
12-06-23_21-20-24-250 - BioplasmaHivedrone_ammo_plasma is NOT enabled for client prediction
12-06-23_21-20-24-251 - BioplasmaHivedrone_ammo_lunge is NOT enabled for client prediction
12-06-23_21-20-24-254 - Particle is NOT enabled for client prediction
12-06-23_21-20-24-254 - Ammo 2 is NOT enabled for client prediction
12-06-23_21-20-24-256 - Particle is NOT enabled for client prediction
12-06-23_21-20-24-256 - Ammo 2 is NOT enabled for client prediction
12-06-23_21-20-26-329 - WC Version: 27
12-06-23_21-20-37-511 - Logging stopped.
