12-06-23_21-23-12-824 - Logging Started
12-06-23_21-23-12-903 - 25mm NATO is NOT enabled for client prediction
12-06-23_21-23-12-907 - 25mm NATO is NOT enabled for client prediction
12-06-23_21-23-12-907 - 25mm NATO does not qualify for fixed weapon client reload verification
12-06-23_21-23-12-908 - 25mm NATO is NOT enabled for client prediction
12-06-23_21-23-12-908 - 25mm NATO does not qualify for fixed weapon client reload verification
12-06-23_21-23-12-909 - 25mm NATO is NOT enabled for client prediction
12-06-23_21-23-12-926 - 200mm Missile is NOT enabled for client prediction
12-06-23_21-23-12-930 - 200mm Missile is NOT enabled for client prediction
12-06-23_21-23-12-931 - MR-50A is NOT enabled for client prediction
12-06-23_21-23-12-931 - 5.56x45mm is NOT enabled for client prediction
12-06-23_21-23-12-932 - Autocannon Shell is NOT enabled for client prediction
12-06-23_21-23-12-932 - Autocannon Shell does not qualify for fixed weapon client reload verification
12-06-23_21-23-12-933 - Autocannon Shell is NOT enabled for client prediction
12-06-23_21-23-12-935 - Assault Cannon Shell is NOT enabled for client prediction
12-06-23_21-23-12-937 - Assault Cannon Shell is NOT enabled for client prediction
12-06-23_21-23-12-946 - Artillery Shell is NOT enabled for client prediction
12-06-23_21-23-12-954 - SpotLight is NOT enabled for client prediction
12-06-23_21-23-12-955 - SpotLight is NOT enabled for client prediction
12-06-23_21-23-12-978 - Priest_Ammo is NOT enabled for client prediction
12-06-23_21-23-12-987 - Torp_Ammo is NOT enabled for client prediction
12-06-23_21-23-12-987 - TorpShrap_Ammo is NOT enabled for client prediction
12-06-23_21-23-12-989 - Priest_Ammo is NOT enabled for client prediction
12-06-23_21-23-12-990 - Type18 HE Round is NOT enabled for client prediction
12-06-23_21-23-12-991 - Type21 HE Round is NOT enabled for client prediction
12-06-23_21-23-12-992 - Type24 HE Round is NOT enabled for client prediction
12-06-23_21-23-12-993 - Type78 Round is NOT enabled for client prediction
12-06-23_21-23-12-994 - Type77 Round is NOT enabled for client prediction
12-06-23_21-23-12-995 - Type79 Round is NOT enabled for client prediction
12-06-23_21-23-12-995 - Reaver Ammo is NOT enabled for client prediction
12-06-23_21-23-12-996 - MA_Laser_1 is NOT enabled for client prediction
12-06-23_21-23-12-997 - MA_Laser_T2_Ammo is NOT enabled for client prediction
12-06-23_21-23-12-998 - MA_Laser_T2_Ammo_Decal is NOT enabled for client prediction
12-06-23_21-23-12-998 - MA_Laser_T2_Ammo is NOT enabled for client prediction
12-06-23_21-23-12-999 - MA_Laser_T2_Ammo_Decal is NOT enabled for client prediction
12-06-23_21-23-13-000 - MA_Laser_T2_Ammo is NOT enabled for client prediction
12-06-23_21-23-13-000 - MA_Laser_T2_Ammo_Decal is NOT enabled for client prediction
12-06-23_21-23-13-000 - MA_Laser_1 is NOT enabled for client prediction
12-06-23_21-23-13-001 - MA_Laser_1 is NOT enabled for client prediction
12-06-23_21-23-13-002 - MA_Laser_1 is NOT enabled for client prediction
12-06-23_21-23-13-003 - MA_Laser_1 is NOT enabled for client prediction
12-06-23_21-23-13-003 - MA_Laser_1 is NOT enabled for client prediction
12-06-23_21-23-13-004 - MA_Laser_T2_Ammo is NOT enabled for client prediction
12-06-23_21-23-13-005 - MA_Laser_T2_Ammo_Decal is NOT enabled for client prediction
12-06-23_21-23-13-006 - MA_Laser_T2_Ammo is NOT enabled for client prediction
12-06-23_21-23-13-006 - MA_Laser_T2_Ammo_Decal is NOT enabled for client prediction
12-06-23_21-23-13-007 - MA_Laser_T2_Ammo is NOT enabled for client prediction
12-06-23_21-23-13-007 - MA_Laser_T2_Ammo_Decal is NOT enabled for client prediction
12-06-23_21-23-13-008 - MA_Laser_T2_Ammo is NOT enabled for client prediction
12-06-23_21-23-13-008 - MA_Laser_T2_Ammo_Decal is NOT enabled for client prediction
12-06-23_21-23-13-009 - MA_Laser_T2_Ammo is NOT enabled for client prediction
12-06-23_21-23-13-009 - MA_Laser_T2_Ammo_Decal is NOT enabled for client prediction
12-06-23_21-23-13-013 - MA_Laser_Gladius_Ammo is NOT enabled for client prediction
12-06-23_21-23-13-013 - MA_Laser_T3_Ammo_Decal is NOT enabled for client prediction
12-06-23_21-23-13-015 - MA_Meatball_Ammo is NOT enabled for client prediction
12-06-23_21-23-13-016 - MA_Meatball_Ammo is NOT enabled for client prediction
12-06-23_21-23-13-016 - MA_Meatball_Ammo is NOT enabled for client prediction
12-06-23_21-23-13-017 - MA_Blister_Ammo is NOT enabled for client prediction
12-06-23_21-23-13-018 - MA_Blister_Ammo is NOT enabled for client prediction
12-06-23_21-23-13-018 - MA_Blister_Ammo is NOT enabled for client prediction
12-06-23_21-23-13-019 - MA_Blister_Ammo is NOT enabled for client prediction
12-06-23_21-23-13-020 - MA_Blister_Ammo is NOT enabled for client prediction
12-06-23_21-23-13-021 - MA_Blister_Ammo is NOT enabled for client prediction
12-06-23_21-23-13-022 - MA_Blister_Ammo is NOT enabled for client prediction
12-06-23_21-23-13-024 - MA_Slinger_Ammo is NOT enabled for client prediction
12-06-23_21-23-13-025 - MA_Slinger_Ammo is NOT enabled for client prediction
12-06-23_21-23-13-025 - MA_Slinger_Ammo is NOT enabled for client prediction
12-06-23_21-23-13-026 - MA_Slinger_Ammo is NOT enabled for client prediction
12-06-23_21-23-13-027 - MA_Slinger_Ammo is NOT enabled for client prediction
12-06-23_21-23-13-028 - MA_Tiger_Ammo is NOT enabled for client prediction
12-06-23_21-23-13-032 - MA_Tiger_Ammo is NOT enabled for client prediction
12-06-23_21-23-13-033 - MA_Laser_T2_Ammo is NOT enabled for client prediction
12-06-23_21-23-13-033 - MA_Laser_T2_Ammo_Decal is NOT enabled for client prediction
12-06-23_21-23-13-034 - MA_Laser_T2_Ammo is NOT enabled for client prediction
12-06-23_21-23-13-034 - MA_Laser_T2_Ammo_Decal is NOT enabled for client prediction
12-06-23_21-23-13-036 - MA_Laser_T3_Ammo is NOT enabled for client prediction
12-06-23_21-23-13-036 - MA_Laser_T3_Ammo_Decal is NOT enabled for client prediction
12-06-23_21-23-13-038 - MA_Laser_T4_Ammo is NOT enabled for client prediction
12-06-23_21-23-13-038 - MA_Laser_T4_Ammo_Decal is NOT enabled for client prediction
12-06-23_21-23-13-042 - MA_Missile is NOT enabled for client prediction
12-06-23_21-23-13-043 - MA_Missile_Stage2 is NOT enabled for client prediction
12-06-23_21-23-13-060 - MA_Missile is NOT enabled for client prediction
12-06-23_21-23-13-061 - MA_Missile_Stage2 is NOT enabled for client prediction
12-06-23_21-23-13-062 - Asterius Gauss is NOT enabled for client prediction
12-06-23_21-23-13-065 - Charon_Shot is NOT enabled for client prediction
12-06-23_21-23-13-065 - Charon_Shot_Bounce is NOT enabled for client prediction
12-06-23_21-23-13-065 - Charon_Fake_Shot is NOT enabled for client prediction
12-06-23_21-23-13-071 - HVSC is NOT enabled for client prediction
12-06-23_21-23-13-072 - HVSC Terminal is NOT enabled for client prediction
12-06-23_21-23-13-072 - HVSC Shrapnel is NOT enabled for client prediction
12-06-23_21-23-13-072 - Sensor Fused is NOT enabled for client prediction
12-06-23_21-23-13-073 - SF Terminal is NOT enabled for client prediction
12-06-23_21-23-13-073 - SF Bomblet is NOT enabled for client prediction
12-06-23_21-23-13-073 - SF Fragment is NOT enabled for client prediction
12-06-23_21-23-13-076 - Hellfire Laser is NOT enabled for client prediction
12-06-23_21-23-13-076 - Hellfire Laser does not qualify for fixed weapon client reload verification
12-06-23_21-23-13-076 - Hellfire Pulse is NOT enabled for client prediction
12-06-23_21-23-13-076 - Hellfire Pulse does not qualify for fixed weapon client reload verification
12-06-23_21-23-13-076 - LP Hellfire is NOT enabled for client prediction
12-06-23_21-23-13-076 - LP Hellfire does not qualify for fixed weapon client reload verification
12-06-23_21-23-13-088 - Somnus Gauss Frag is NOT enabled for client prediction
12-06-23_21-23-13-089 - SomnusFXshots3 is NOT enabled for client prediction
12-06-23_21-23-13-089 - SomnusFXshots4 is NOT enabled for client prediction
12-06-23_21-23-13-093 - Cerberus Gauss is NOT enabled for client prediction
12-06-23_21-23-13-094 - Cerberus_Shrap is NOT enabled for client prediction
12-06-23_21-23-13-095 - Cerberus Gauss is NOT enabled for client prediction
12-06-23_21-23-13-095 - Cerberus_Shrap is NOT enabled for client prediction
12-06-23_21-23-13-097 - Cerberus Gauss is NOT enabled for client prediction
12-06-23_21-23-13-097 - Cerberus_Shrap is NOT enabled for client prediction
12-06-23_21-23-13-098 - Ceis Gauss is NOT enabled for client prediction
12-06-23_21-23-13-098 - Carnifex is NOT enabled for client prediction
12-06-23_21-23-13-100 - Silvius Gauss is NOT enabled for client prediction
12-06-23_21-23-13-100 - GaussER_Shrap is NOT enabled for client prediction
12-06-23_21-23-13-101 - Erebos Ammo is NOT enabled for client prediction
12-06-23_21-23-13-101 - Erebos Ammo AOE is NOT enabled for client prediction
12-06-23_21-23-13-104 - AutoCoil_Shrap is NOT enabled for client prediction
12-06-23_21-23-13-106 - AutoCoil_Shrap is NOT enabled for client prediction
12-06-23_21-23-13-112 - Taiidani Interceptor is NOT enabled for client prediction
12-06-23_21-23-13-112 - Taiidani Interceptor has large largeCollisionSize: 10 meters
12-06-23_21-23-13-112 - Taiidan Interceptor Attack is NOT enabled for client prediction
12-06-23_21-23-13-112 - Taiidan Interceptor Missile Attack is NOT enabled for client prediction
12-06-23_21-23-13-114 - taiidandebris1 is NOT enabled for client prediction
12-06-23_21-23-13-115 - taiidandebris2 is NOT enabled for client prediction
12-06-23_21-23-13-116 - taiidandebris3 is NOT enabled for client prediction
12-06-23_21-23-13-117 - taiidandebris4 is NOT enabled for client prediction
12-06-23_21-23-13-121 - Taiidani Interceptor is NOT enabled for client prediction
12-06-23_21-23-13-121 - Taiidani Interceptor has large largeCollisionSize: 10 meters
12-06-23_21-23-13-121 - Taiidan Interceptor Attack is NOT enabled for client prediction
12-06-23_21-23-13-121 - Taiidan Interceptor Missile Attack is NOT enabled for client prediction
12-06-23_21-23-13-133 - taiidandebris1 is NOT enabled for client prediction
12-06-23_21-23-13-134 - taiidandebris2 is NOT enabled for client prediction
12-06-23_21-23-13-134 - taiidandebris3 is NOT enabled for client prediction
12-06-23_21-23-13-135 - taiidandebris4 is NOT enabled for client prediction
12-06-23_21-23-13-140 - Taiidani Bomber is NOT enabled for client prediction
12-06-23_21-23-13-140 - Taiidani Bomber has large largeCollisionSize: 10 meters
12-06-23_21-23-13-140 - Taiidan Bomber Attack is NOT enabled for client prediction
12-06-23_21-23-13-141 - taiidandebris1 is NOT enabled for client prediction
12-06-23_21-23-13-142 - taiidandebris2 is NOT enabled for client prediction
12-06-23_21-23-13-142 - taiidandebris3 is NOT enabled for client prediction
12-06-23_21-23-13-142 - taiidandebris4 is NOT enabled for client prediction
12-06-23_21-23-13-145 - Taiidani Interceptor is NOT enabled for client prediction
12-06-23_21-23-13-145 - Taiidani Interceptor has large largeCollisionSize: 10 meters
12-06-23_21-23-13-145 - Taiidan Interceptor Attack is NOT enabled for client prediction
12-06-23_21-23-13-146 - Taiidan Interceptor Missile Attack is NOT enabled for client prediction
12-06-23_21-23-13-146 - taiidandebris1 is NOT enabled for client prediction
12-06-23_21-23-13-147 - taiidandebris2 is NOT enabled for client prediction
12-06-23_21-23-13-147 - taiidandebris3 is NOT enabled for client prediction
12-06-23_21-23-13-148 - taiidandebris4 is NOT enabled for client prediction
12-06-23_21-23-13-150 - Taiidani Bomber is NOT enabled for client prediction
12-06-23_21-23-13-150 - Taiidani Bomber has large largeCollisionSize: 10 meters
12-06-23_21-23-13-150 - Taiidan Bomber Attack is NOT enabled for client prediction
12-06-23_21-23-13-151 - taiidandebris1 is NOT enabled for client prediction
12-06-23_21-23-13-152 - taiidandebris2 is NOT enabled for client prediction
12-06-23_21-23-13-152 - taiidandebris3 is NOT enabled for client prediction
12-06-23_21-23-13-152 - taiidandebris4 is NOT enabled for client prediction
12-06-23_21-23-13-155 - Taiidani Bomber is NOT enabled for client prediction
12-06-23_21-23-13-155 - Taiidani Bomber has large largeCollisionSize: 10 meters
12-06-23_21-23-13-155 - Taiidan Bomber Attack is NOT enabled for client prediction
12-06-23_21-23-13-160 - taiidandebris1 is NOT enabled for client prediction
12-06-23_21-23-13-161 - taiidandebris2 is NOT enabled for client prediction
12-06-23_21-23-13-161 - taiidandebris3 is NOT enabled for client prediction
12-06-23_21-23-13-162 - taiidandebris4 is NOT enabled for client prediction
12-06-23_21-23-13-165 - Taiidani Bomber is NOT enabled for client prediction
12-06-23_21-23-13-165 - Taiidani Bomber has large largeCollisionSize: 10 meters
12-06-23_21-23-13-165 - Taiidan Bomber Attack is NOT enabled for client prediction
12-06-23_21-23-13-166 - taiidandebris1 is NOT enabled for client prediction
12-06-23_21-23-13-166 - taiidandebris2 is NOT enabled for client prediction
12-06-23_21-23-13-167 - taiidandebris3 is NOT enabled for client prediction
12-06-23_21-23-13-167 - taiidandebris4 is NOT enabled for client prediction
12-06-23_21-23-13-170 - Taiidani Interceptor is NOT enabled for client prediction
12-06-23_21-23-13-170 - Taiidani Interceptor has large largeCollisionSize: 10 meters
12-06-23_21-23-13-170 - Taiidan Interceptor Attack is NOT enabled for client prediction
12-06-23_21-23-13-170 - Taiidan Interceptor Missile Attack is NOT enabled for client prediction
12-06-23_21-23-13-171 - taiidandebris1 is NOT enabled for client prediction
12-06-23_21-23-13-171 - taiidandebris2 is NOT enabled for client prediction
12-06-23_21-23-13-172 - taiidandebris3 is NOT enabled for client prediction
12-06-23_21-23-13-172 - taiidandebris4 is NOT enabled for client prediction
12-06-23_21-23-13-175 - banshee shot main is NOT enabled for client prediction
12-06-23_21-23-13-175 - banshee shot Acceleration is NOT enabled for client prediction
12-06-23_21-23-13-175 - banshee plasma shot Acceleration is NOT enabled for client prediction
12-06-23_21-23-13-179 - longsword shot main is NOT enabled for client prediction
12-06-23_21-23-13-179 - longsword napalm base is NOT enabled for client prediction
12-06-23_21-23-13-179 - longsword napalm timespawn is NOT enabled for client prediction
12-06-23_21-23-13-179 - longsword napalm frag is NOT enabled for client prediction
12-06-23_21-23-13-181 - Longsword Nuke Acceleration is NOT enabled for client prediction
12-06-23_21-23-13-181 - Longsword Nuke Terminal is NOT enabled for client prediction
12-06-23_21-23-13-181 - Longsword Nuke Frag is NOT enabled for client prediction
12-06-23_21-23-13-246 - SubterraneanSun is NOT enabled for client prediction
12-06-23_21-23-13-246 - SubterraneanSunStage2 is NOT enabled for client prediction
12-06-23_21-23-13-246 - SubterraneanSunStage2SuccParticleInvis is NOT enabled for client prediction
12-06-23_21-23-13-246 - SubterraneanSunStage2SuccParticleVisible is NOT enabled for client prediction
12-06-23_21-23-13-246 - SubterraneanSunStage2EWARTimespawn is NOT enabled for client prediction
12-06-23_21-23-13-246 - SubterraneanSunStage2EWARTimespawn has large largeCollisionSize: 5.5 meters
12-06-23_21-23-13-246 - SubterraneanSunStage2EWARPattern is NOT enabled for client prediction
12-06-23_21-23-13-246 - SubterraneanSunStage2EWARPattern has large largeCollisionSize: 5.5 meters
12-06-23_21-23-13-251 - Davy Crockett is NOT enabled for client prediction
12-06-23_21-23-13-254 - Davy Crockett Acceleration is NOT enabled for client prediction
12-06-23_21-23-13-254 - Davy Crockett Terminal is NOT enabled for client prediction
12-06-23_21-23-13-254 - Davy Crockett Frag is NOT enabled for client prediction
12-06-23_21-23-13-254 - Davy_Flare is NOT enabled for client prediction
12-06-23_21-23-13-255 - Davy Crockett Smart is NOT enabled for client prediction
12-06-23_21-23-13-255 - Davy Crockett Acceleration Smart is NOT enabled for client prediction
12-06-23_21-23-13-255 - OPA Heavy Torp LockTone is NOT enabled for client prediction
12-06-23_21-23-13-255 - OPA Heavy Torp LockTone Terminal is NOT enabled for client prediction
12-06-23_21-23-13-257 - Bullet_AMS is NOT enabled for client prediction
12-06-23_21-23-13-257 - Bullet_AMS_AOE is NOT enabled for client prediction
12-06-23_21-23-13-257 - Bullet_AMS_AOE_2 is NOT enabled for client prediction
12-06-23_21-23-13-258 - Ball Bullet AMS is NOT enabled for client prediction
12-06-23_21-23-13-258 - Ball_Turret_Frag is NOT enabled for client prediction
12-06-23_21-23-13-264 - MCRN Heavy Torp Launch is NOT enabled for client prediction
12-06-23_21-23-13-265 - MCRN Heavy Torp Acceleration is NOT enabled for client prediction
12-06-23_21-23-13-265 - MCRN Heavy Torp Terminal is NOT enabled for client prediction
12-06-23_21-23-13-265 - MCRN Heavy Torp Frag is NOT enabled for client prediction
12-06-23_21-23-13-270 - UNN Heavy Torp Launch is NOT enabled for client prediction
12-06-23_21-23-13-271 - UNN Heavy Torp Acceleration is NOT enabled for client prediction
12-06-23_21-23-13-271 - UNN Heavy Torp Terminal is NOT enabled for client prediction
12-06-23_21-23-13-271 - UNN Heavy Torp Frag is NOT enabled for client prediction
12-06-23_21-23-13-277 - LRM is NOT enabled for client prediction
12-06-23_21-23-13-278 - Mod_LRM_Terminal is NOT enabled for client prediction
12-06-23_21-23-13-278 - Mod_LRM_Fragment_Detonation is NOT enabled for client prediction
12-06-23_21-23-13-282 - LRM is NOT enabled for client prediction
12-06-23_21-23-13-283 - Mod_LRM_Terminal is NOT enabled for client prediction
12-06-23_21-23-13-283 - Mod_LRM_Fragment_Detonation is NOT enabled for client prediction
12-06-23_21-23-13-289 - LRM is NOT enabled for client prediction
12-06-23_21-23-13-289 - Mod_LRM_Terminal is NOT enabled for client prediction
12-06-23_21-23-13-289 - Mod_LRM_Fragment_Detonation is NOT enabled for client prediction
12-06-23_21-23-13-300 - LRM is NOT enabled for client prediction
12-06-23_21-23-13-301 - Mod_LRM_Terminal is NOT enabled for client prediction
12-06-23_21-23-13-301 - Mod_LRM_Fragment_Detonation is NOT enabled for client prediction
12-06-23_21-23-13-306 - MRM is NOT enabled for client prediction
12-06-23_21-23-13-306 - MRM_2ndStage is NOT enabled for client prediction
12-06-23_21-23-13-308 - MRM is NOT enabled for client prediction
12-06-23_21-23-13-308 - MRM_2ndStage is NOT enabled for client prediction
12-06-23_21-23-13-312 - MRM is NOT enabled for client prediction
12-06-23_21-23-13-312 - MRM_2ndStage is NOT enabled for client prediction
12-06-23_21-23-13-314 - MRM is NOT enabled for client prediction
12-06-23_21-23-13-314 - MRM_2ndStage is NOT enabled for client prediction
12-06-23_21-23-13-320 - SSRM is NOT enabled for client prediction
12-06-23_21-23-13-320 - SRM_Acceleration is NOT enabled for client prediction
12-06-23_21-23-13-321 - SRM_Detonation is NOT enabled for client prediction
12-06-23_21-23-13-324 - ERPPC_EWAR is NOT enabled for client prediction
12-06-23_21-23-13-326 - RWR_P_Fake is NOT enabled for client prediction
12-06-23_21-23-13-329 - RWR_P_Fake is NOT enabled for client prediction
12-06-23_21-23-13-337 - Flare is NOT enabled for client prediction
12-06-23_21-23-13-340 - FlarePulse is NOT enabled for client prediction
12-06-23_21-23-13-342 - 20mm High Velocity is NOT enabled for client prediction
12-06-23_21-23-13-342 - PDC_Bullet_AOE is NOT enabled for client prediction
12-06-23_21-23-13-343 - 20mm High Velocity is NOT enabled for client prediction
12-06-23_21-23-13-343 - PDC_Bullet_AOE is NOT enabled for client prediction
12-06-23_21-23-13-345 - 20mm High Velocity is NOT enabled for client prediction
12-06-23_21-23-13-345 - PDC_Bullet_AOE is NOT enabled for client prediction
12-06-23_21-23-13-346 - 20mm High Velocity is NOT enabled for client prediction
12-06-23_21-23-13-346 - PDC_Bullet_AOE is NOT enabled for client prediction
12-06-23_21-23-13-347 - 20mm High Velocity is NOT enabled for client prediction
12-06-23_21-23-13-347 - PDC_Bullet_AOE is NOT enabled for client prediction
12-06-23_21-23-13-348 - 40mm APHE Shell is NOT enabled for client prediction
12-06-23_21-23-13-351 - 80mm APHE Shell is NOT enabled for client prediction
12-06-23_21-23-13-352 - TurretedPulseLaser is NOT enabled for client prediction
12-06-23_21-23-13-353 - Light_Railgun_Slug is NOT enabled for client prediction
12-06-23_21-23-13-353 - Small_Railgun_Ammo_VFX1 is NOT enabled for client prediction
12-06-23_21-23-13-353 - Small_Railgun_Ammo_VFX2 is NOT enabled for client prediction
12-06-23_21-23-13-355 - Odin_Railgun_Slug is NOT enabled for client prediction
12-06-23_21-23-13-355 - Odin_Railgun_VFX1 is NOT enabled for client prediction
12-06-23_21-23-13-355 - Odin_Railgun_VFX2 is NOT enabled for client prediction
12-06-23_21-23-13-355 - Odin_Railgun_Frag is NOT enabled for client prediction
12-06-23_21-23-13-357 - 27-Inch HE is NOT enabled for client prediction
12-06-23_21-23-13-357 - HE_Fragment is NOT enabled for client prediction
12-06-23_21-23-13-357 - Distractor Shell is NOT enabled for client prediction
12-06-23_21-23-13-357 - Distractor Shell has 1293m grav drop at 1g.  'Gungir' Heavy Gun Turret needs Accurate/Advanced aim prediction to account for gravity.
12-06-23_21-23-13-357 - Thump_Flare_Travel is NOT enabled for client prediction
12-06-23_21-23-13-357 - Thump_Flare is NOT enabled for client prediction
12-06-23_21-23-13-359 - CoilGunAmmo is NOT enabled for client prediction
12-06-23_21-23-13-359 - CoilGunAmmo_VFX1 is NOT enabled for client prediction
12-06-23_21-23-13-359 - CoilGunAmmo_VFX2 is NOT enabled for client prediction
12-06-23_21-23-13-359 - CoilGunAmmo_VFX3 is NOT enabled for client prediction
12-06-23_21-23-13-360 - Plasma_Beam is NOT enabled for client prediction
12-06-23_21-23-13-361 - Hurricane APCBC is NOT enabled for client prediction
12-06-23_21-23-13-361 - H_APHE_Fragment is NOT enabled for client prediction
12-06-23_21-23-13-362 - High-Explosive Shell BC7 is NOT enabled for client prediction
12-06-23_21-23-13-362 - BC7_HE_Fragment is NOT enabled for client prediction
12-06-23_21-23-13-362 - High-Velocity AP BC7 is NOT enabled for client prediction
12-06-23_21-23-13-363 - High-Explosive Shell BC7 is NOT enabled for client prediction
12-06-23_21-23-13-363 - BC7_HE_Fragment is NOT enabled for client prediction
12-06-23_21-23-13-363 - High-Velocity AP BC7 is NOT enabled for client prediction
12-06-23_21-23-13-364 - High-Explosive Shell BC5 is NOT enabled for client prediction
12-06-23_21-23-13-365 - BC5_HE_Fragment is NOT enabled for client prediction
12-06-23_21-23-13-365 - High Velocity AP BC5 is NOT enabled for client prediction
12-06-23_21-23-13-366 - High-Explosive Shell BC5 is NOT enabled for client prediction
12-06-23_21-23-13-366 - BC5_HE_Fragment is NOT enabled for client prediction
12-06-23_21-23-13-366 - High Velocity AP BC5 is NOT enabled for client prediction
12-06-23_21-23-13-367 - High-Explosive Shell BC3 is NOT enabled for client prediction
12-06-23_21-23-13-367 - BC3_HE_Fragment is NOT enabled for client prediction
12-06-23_21-23-13-367 - Armor-Penetrator Shell BC3 is NOT enabled for client prediction
12-06-23_21-23-13-368 - High-Explosive Shell BC3 is NOT enabled for client prediction
12-06-23_21-23-13-368 - BC3_HE_Fragment is NOT enabled for client prediction
12-06-23_21-23-13-368 - Armor-Penetrator Shell BC3 is NOT enabled for client prediction
12-06-23_21-23-13-370 - Ammo 1 is NOT enabled for client prediction
12-06-23_21-23-13-370 - Mine_Static is NOT enabled for client prediction
12-06-23_21-23-13-372 - [========================]
12-06-23_21-23-13-372 - :::::['Loki' Utility Launcher]:::::
12-06-23_21-23-13-372 - AmmoMagazine: Energy
12-06-23_21-23-13-372 - AmmoRound: Vortex Torpedo
12-06-23_21-23-13-372 - InaccuracyScore: 100% | ShotAngle: 0  @: 3000m vs 10m Circle
12-06-23_21-23-13-372 - --------------------------
12-06-23_21-23-13-372 - Shots per second(w/Heat): 0.04 (0.04)
12-06-23_21-23-13-372 - Peak DPS: 3
12-06-23_21-23-13-372 - Effective DPS: 3 | without Inaccuracy: 3
12-06-23_21-23-13-372 - Base Damage DPS: 3
12-06-23_21-23-13-372 - Area Damage DPS: 0
12-06-23_21-23-13-372 - Explosive Dmg DPS: 0
12-06-23_21-23-13-372 - [=========== Ammo End =============]
12-06-23_21-23-13-372 - Vortex Torpedo is NOT enabled for client prediction
12-06-23_21-23-13-372 - Vortex_Effect_Frag is NOT enabled for client prediction
12-06-23_21-23-13-374 - Thor_Launch is NOT enabled for client prediction
12-06-23_21-23-13-374 - Thor_Travel is NOT enabled for client prediction
12-06-23_21-23-13-374 - Thor_Travel_2 is NOT enabled for client prediction
12-06-23_21-23-13-374 - Thor_Terminal is NOT enabled for client prediction
12-06-23_21-23-13-375 - Thor_Terminal_2 is NOT enabled for client prediction
12-06-23_21-23-13-376 - 80mm HE Shell is NOT enabled for client prediction
12-06-23_21-23-13-376 - 80mm HE Shell does not qualify for fixed weapon client reload verification
12-06-23_21-23-13-377 - 80mm AP Shell is NOT enabled for client prediction
12-06-23_21-23-13-377 - 80mm AP Shell does not qualify for fixed weapon client reload verification
12-06-23_21-23-13-377 - Phantom_Primary is NOT enabled for client prediction
12-06-23_21-23-13-377 - Phantom_Primary does not qualify for fixed weapon client reload verification
12-06-23_21-23-13-377 - Phantom_Secondary is NOT enabled for client prediction
12-06-23_21-23-13-377 - Phantom_Secondary does not qualify for fixed weapon client reload verification
12-06-23_21-23-13-377 - Fragment_Primary is NOT enabled for client prediction
12-06-23_21-23-13-377 - Fragment_Primary does not qualify for fixed weapon client reload verification
12-06-23_21-23-13-377 - Fragment_Secondary is NOT enabled for client prediction
12-06-23_21-23-13-377 - Fragment_Secondary does not qualify for fixed weapon client reload verification
12-06-23_21-23-13-378 - 60mm HE Shell is NOT enabled for client prediction
12-06-23_21-23-13-378 - 60mm AP Shell is NOT enabled for client prediction
12-06-23_21-23-13-380 - Pulse Laser is NOT enabled for client prediction
12-06-23_21-23-13-380 - Pulse Laser does not qualify for fixed weapon client reload verification
12-06-23_21-23-13-380 - Shield H. Pulse Laser is NOT enabled for client prediction
12-06-23_21-23-13-380 - Shield H. Pulse Laser does not qualify for fixed weapon client reload verification
12-06-23_21-23-13-380 - Light Pulse Laser is NOT enabled for client prediction
12-06-23_21-23-13-380 - Light Pulse Laser does not qualify for fixed weapon client reload verification
12-06-23_21-23-13-382 - 175mm Flak Shell is NOT enabled for client prediction
12-06-23_21-23-13-383 - 175mm HE Direct Fire is NOT enabled for client prediction
12-06-23_21-23-13-383 - HEShrapBase is NOT enabled for client prediction
12-06-23_21-23-13-383 - HEShrap is NOT enabled for client prediction
12-06-23_21-23-13-383 - Flak_Shell_Frag is NOT enabled for client prediction
12-06-23_21-23-13-383 - Flak Wall Test is NOT enabled for client prediction
12-06-23_21-23-13-383 - Canister_FragmentFF is NOT enabled for client prediction
12-06-23_21-23-13-384 - Plasma_Shot is NOT enabled for client prediction
12-06-23_21-23-13-385 - Fission_Beam_Primary is NOT enabled for client prediction
12-06-23_21-23-13-385 - Fission_Beam_Secondary is NOT enabled for client prediction
12-06-23_21-23-13-392 - BFG_Cannon_Primary is NOT enabled for client prediction
12-06-23_21-23-13-392 - C_HE_Fragment is NOT enabled for client prediction
12-06-23_21-23-13-394 - Ion_Beam is NOT enabled for client prediction
12-06-23_21-23-13-396 - Scattergun_Base is NOT enabled for client prediction
12-06-23_21-23-13-396 - Scattergun_Shot_2 is NOT enabled for client prediction
12-06-23_21-23-13-396 - Scattergun_Sabot is NOT enabled for client prediction
12-06-23_21-23-13-399 - SLAMMO is NOT enabled for client prediction
12-06-23_21-23-13-400 - SLAM Nuke Acceleration is NOT enabled for client prediction
12-06-23_21-23-13-401 - SLAM Nuke Terminal is NOT enabled for client prediction
12-06-23_21-23-13-401 - SLAM Nuke Frag is NOT enabled for client prediction
12-06-23_21-23-13-402 - MetalStormProj1 is NOT enabled for client prediction
12-06-23_21-23-13-405 - BALLER_bounce1 is NOT enabled for client prediction
12-06-23_21-23-13-406 - BALLER_bounce2 is NOT enabled for client prediction
12-06-23_21-23-13-406 - BALLER_bounce3 is NOT enabled for client prediction
12-06-23_21-23-13-406 - BALLER_bounce4 is NOT enabled for client prediction
12-06-23_21-23-13-406 - BALLER_bounce5 is NOT enabled for client prediction
12-06-23_21-23-13-406 - BALLER_bounce6 is NOT enabled for client prediction
12-06-23_21-23-13-406 - BALLER_bounce7 is NOT enabled for client prediction
12-06-23_21-23-13-406 - BALLER_bounce8 is NOT enabled for client prediction
12-06-23_21-23-13-406 - BALLER_bounce9 is NOT enabled for client prediction
12-06-23_21-23-13-406 - BALLER_bounce10 is NOT enabled for client prediction
12-06-23_21-23-13-407 - Afterburner_ammo_2 is NOT enabled for client prediction
12-06-23_21-23-13-407 - Afterburner_ammo_2 does not qualify for fixed weapon client reload verification
12-06-23_21-23-13-408 - Afterburner_ammo_2_SG is NOT enabled for client prediction
12-06-23_21-23-13-408 - Afterburner_ammo_2_SG does not qualify for fixed weapon client reload verification
12-06-23_21-23-13-409 - Afterburner_ammo_1 is NOT enabled for client prediction
12-06-23_21-23-13-409 - Afterburner_ammo_1 does not qualify for fixed weapon client reload verification
12-06-23_21-23-13-410 - Afterburner_ammo_3 is NOT enabled for client prediction
12-06-23_21-23-13-410 - Afterburner_ammo_3 does not qualify for fixed weapon client reload verification
12-06-23_21-23-13-411 - Afterburner_ammo_4 is NOT enabled for client prediction
12-06-23_21-23-13-411 - Afterburner_ammo_4 does not qualify for fixed weapon client reload verification
12-06-23_21-23-13-413 - DETPAK2 is NOT enabled for client prediction
12-06-23_21-23-13-414 - DETPAK2 is NOT enabled for client prediction
12-06-23_21-23-13-415 - DETPAK2 is NOT enabled for client prediction
12-06-23_21-23-13-416 - VanillaBulletAMS is NOT enabled for client prediction
12-06-23_21-23-13-416 - VanillaBulletAMS_AOE is NOT enabled for client prediction
12-06-23_21-23-13-418 - Mostly Guided Rocket is NOT enabled for client prediction
12-06-23_21-23-13-420 - Assault Cannon Shell is NOT enabled for client prediction
12-06-23_21-23-13-422 - Artillery Shell is NOT enabled for client prediction
12-06-23_21-23-13-425 - Crossfield Beam is NOT enabled for client prediction
12-06-23_21-23-13-425 - Crossfield Beam has large largeCollisionSize: 20 meters
12-06-23_21-23-13-425 - Crossfield Beam is NOT enabled for client prediction
12-06-23_21-23-13-425 - Crossfield Beam has large largeCollisionSize: 20 meters
12-06-23_21-23-13-426 - Crossfield Beam is NOT enabled for client prediction
12-06-23_21-23-13-426 - Crossfield Beam has large largeCollisionSize: 20 meters
12-06-23_21-23-13-426 - Crossfield Beam is NOT enabled for client prediction
12-06-23_21-23-13-426 - Crossfield Beam has large largeCollisionSize: 20 meters
12-06-23_21-23-13-428 - EsperShot is NOT enabled for client prediction
12-06-23_21-23-13-429 - Mammon Beam is NOT enabled for client prediction
12-06-23_21-23-13-429 - Mammon Beam has large largeCollisionSize: 20 meters
12-06-23_21-23-13-430 - Thanatos Round is NOT enabled for client prediction
12-06-23_21-23-13-431 - Thanatos Guided is NOT enabled for client prediction
12-06-23_21-23-13-431 - Thanatos UnGuided is NOT enabled for client prediction
12-06-23_21-23-13-432 - Standard is NOT enabled for client prediction
12-06-23_21-23-13-432 - Overload is NOT enabled for client prediction
12-06-23_21-23-13-433 - APHE 600mm is NOT enabled for client prediction
12-06-23_21-23-13-433 - 600mm Heavy Shell Frag is NOT enabled for client prediction
12-06-23_21-23-13-433 - HE 600mm is NOT enabled for client prediction
12-06-23_21-23-13-435 - Hunter Shrapnel is NOT enabled for client prediction
12-06-23_21-23-13-436 - Unlimited Power Hunter is NOT enabled for client prediction
12-06-23_21-23-13-436 - Unlimited Power Branch is NOT enabled for client prediction
12-06-23_21-23-13-436 - Unlimited Power Branch 1 is NOT enabled for client prediction
12-06-23_21-23-13-436 - Unlimited Power Branch 2 is NOT enabled for client prediction
12-06-23_21-23-13-437 - AP 70mm is NOT enabled for client prediction
12-06-23_21-23-13-438 - AP 70mm is NOT enabled for client prediction
12-06-23_21-23-13-441 - AryxRailgunAmmoFrag is NOT enabled for client prediction
12-06-23_21-23-13-441 - AryxRailgunAmmoFrag_Mag is NOT enabled for client prediction
12-06-23_21-23-13-444 - Zap is NOT enabled for client prediction
12-06-23_21-23-13-445 - Helios_Zap_Stage2 is NOT enabled for client prediction
12-06-23_21-23-13-445 - Helios_Zap_Stage3 is NOT enabled for client prediction
12-06-23_21-23-13-445 - Helios_Zap_Stage4 is NOT enabled for client prediction
12-06-23_21-23-13-445 - Bap is NOT enabled for client prediction
12-06-23_21-23-13-445 - Helios_Stage2 is NOT enabled for client prediction
12-06-23_21-23-13-445 - Helios_Stage3 is NOT enabled for client prediction
12-06-23_21-23-13-445 - Helios_Stage4 is NOT enabled for client prediction
12-06-23_21-23-13-446 - Repeating is NOT enabled for client prediction
12-06-23_21-23-13-447 - AryxRailgunAmmoFrag_Mag is NOT enabled for client prediction
12-06-23_21-23-13-447 - Hitscan_Artemis_Frag is NOT enabled for client prediction
12-06-23_21-23-13-450 - Pyroacid_ammo is NOT enabled for client prediction
12-06-23_21-23-13-450 - Pyroacid_guided_ammo is NOT enabled for client prediction
12-06-23_21-23-13-450 - Pyroacid_splash_ammo is NOT enabled for client prediction
12-06-23_21-23-13-450 - Pyroacid_splash2_ammo is NOT enabled for client prediction
12-06-23_21-23-13-468 - HeavyPyroacid_ammo is NOT enabled for client prediction
12-06-23_21-23-13-468 - HeavyPyroacid_guided_ammo is NOT enabled for client prediction
12-06-23_21-23-13-468 - HeavyPyroacid_splash_ammo is NOT enabled for client prediction
12-06-23_21-23-13-469 - HeavyPyroacid_splash2_ammo is NOT enabled for client prediction
12-06-23_21-23-13-471 - Bioplasma_ammo is NOT enabled for client prediction
12-06-23_21-23-13-471 - Bioplasma_ammo_splash is NOT enabled for client prediction
12-06-23_21-23-13-516 - Hivedrone_ammo_launch is NOT enabled for client prediction
12-06-23_21-23-13-519 - Hivedrone_ammo is NOT enabled for client prediction
12-06-23_21-23-13-520 - Hivedrone_ammo_half is NOT enabled for client prediction
12-06-23_21-23-13-521 - Hivedrone_ammo_quarter is NOT enabled for client prediction
12-06-23_21-23-13-521 - Hivedrone_ammo_eighth is NOT enabled for client prediction
12-06-23_21-23-13-528 - Hivedrone_ammo_sixteenth is NOT enabled for client prediction
12-06-23_21-23-13-529 - Hivedrone_ammo_lunge is NOT enabled for client prediction
12-06-23_21-23-13-581 - Bioplasma_Hivedrone_ammo_launch is NOT enabled for client prediction
12-06-23_21-23-13-584 - Bioplasma_Hivedrone_ammo is NOT enabled for client prediction
12-06-23_21-23-13-584 - BioplasmaHivedrone_ammo_plasma is NOT enabled for client prediction
12-06-23_21-23-13-585 - BioplasmaHivedrone_ammo_lunge is NOT enabled for client prediction
12-06-23_21-23-13-587 - Particle is NOT enabled for client prediction
12-06-23_21-23-13-587 - Ammo 2 is NOT enabled for client prediction
12-06-23_21-23-13-588 - Particle is NOT enabled for client prediction
12-06-23_21-23-13-588 - Ammo 2 is NOT enabled for client prediction
12-06-23_21-23-15-701 - WC Version: 27
12-06-23_21-25-32-121 - Logging stopped.
