12-06-23_21-33-47-632 - Logging Started
12-06-23_21-33-47-717 - 25mm NATO is NOT enabled for client prediction
12-06-23_21-33-47-723 - 25mm NATO is NOT enabled for client prediction
12-06-23_21-33-47-723 - 25mm NATO does not qualify for fixed weapon client reload verification
12-06-23_21-33-47-725 - 25mm NATO is NOT enabled for client prediction
12-06-23_21-33-47-725 - 25mm NATO does not qualify for fixed weapon client reload verification
12-06-23_21-33-47-726 - 25mm NATO is NOT enabled for client prediction
12-06-23_21-33-47-743 - 200mm Missile is NOT enabled for client prediction
12-06-23_21-33-47-749 - 200mm Missile is NOT enabled for client prediction
12-06-23_21-33-47-750 - MR-50A is NOT enabled for client prediction
12-06-23_21-33-47-750 - 5.56x45mm is NOT enabled for client prediction
12-06-23_21-33-47-751 - Autocannon Shell is NOT enabled for client prediction
12-06-23_21-33-47-751 - Autocannon Shell does not qualify for fixed weapon client reload verification
12-06-23_21-33-47-752 - Autocannon Shell is NOT enabled for client prediction
12-06-23_21-33-47-761 - Assault Cannon Shell is NOT enabled for client prediction
12-06-23_21-33-47-764 - Assault Cannon Shell is NOT enabled for client prediction
12-06-23_21-33-47-768 - Artillery Shell is NOT enabled for client prediction
12-06-23_21-33-47-775 - SpotLight is NOT enabled for client prediction
12-06-23_21-33-47-776 - SpotLight is NOT enabled for client prediction
12-06-23_21-33-47-799 - Priest_Ammo is NOT enabled for client prediction
12-06-23_21-33-47-810 - Torp_Ammo is NOT enabled for client prediction
12-06-23_21-33-47-810 - TorpShrap_Ammo is NOT enabled for client prediction
12-06-23_21-33-47-812 - Priest_Ammo is NOT enabled for client prediction
12-06-23_21-33-47-813 - Type18 HE Round is NOT enabled for client prediction
12-06-23_21-33-47-814 - Type21 HE Round is NOT enabled for client prediction
12-06-23_21-33-47-815 - Type24 HE Round is NOT enabled for client prediction
12-06-23_21-33-47-816 - Type78 Round is NOT enabled for client prediction
12-06-23_21-33-47-817 - Type77 Round is NOT enabled for client prediction
12-06-23_21-33-47-818 - Type79 Round is NOT enabled for client prediction
12-06-23_21-33-47-818 - Reaver Ammo is NOT enabled for client prediction
12-06-23_21-33-47-819 - MA_Laser_1 is NOT enabled for client prediction
12-06-23_21-33-47-821 - MA_Laser_T2_Ammo is NOT enabled for client prediction
12-06-23_21-33-47-821 - MA_Laser_T2_Ammo_Decal is NOT enabled for client prediction
12-06-23_21-33-47-822 - MA_Laser_T2_Ammo is NOT enabled for client prediction
12-06-23_21-33-47-822 - MA_Laser_T2_Ammo_Decal is NOT enabled for client prediction
12-06-23_21-33-47-823 - MA_Laser_T2_Ammo is NOT enabled for client prediction
12-06-23_21-33-47-823 - MA_Laser_T2_Ammo_Decal is NOT enabled for client prediction
12-06-23_21-33-47-824 - MA_Laser_1 is NOT enabled for client prediction
12-06-23_21-33-47-824 - MA_Laser_1 is NOT enabled for client prediction
12-06-23_21-33-47-825 - MA_Laser_1 is NOT enabled for client prediction
12-06-23_21-33-47-826 - MA_Laser_1 is NOT enabled for client prediction
12-06-23_21-33-47-827 - MA_Laser_1 is NOT enabled for client prediction
12-06-23_21-33-47-828 - MA_Laser_T2_Ammo is NOT enabled for client prediction
12-06-23_21-33-47-828 - MA_Laser_T2_Ammo_Decal is NOT enabled for client prediction
12-06-23_21-33-47-829 - MA_Laser_T2_Ammo is NOT enabled for client prediction
12-06-23_21-33-47-829 - MA_Laser_T2_Ammo_Decal is NOT enabled for client prediction
12-06-23_21-33-47-830 - MA_Laser_T2_Ammo is NOT enabled for client prediction
12-06-23_21-33-47-830 - MA_Laser_T2_Ammo_Decal is NOT enabled for client prediction
12-06-23_21-33-47-831 - MA_Laser_T2_Ammo is NOT enabled for client prediction
12-06-23_21-33-47-831 - MA_Laser_T2_Ammo_Decal is NOT enabled for client prediction
12-06-23_21-33-47-832 - MA_Laser_T2_Ammo is NOT enabled for client prediction
12-06-23_21-33-47-832 - MA_Laser_T2_Ammo_Decal is NOT enabled for client prediction
12-06-23_21-33-47-836 - MA_Laser_Gladius_Ammo is NOT enabled for client prediction
12-06-23_21-33-47-836 - MA_Laser_T3_Ammo_Decal is NOT enabled for client prediction
12-06-23_21-33-47-839 - MA_Meatball_Ammo is NOT enabled for client prediction
12-06-23_21-33-47-840 - MA_Meatball_Ammo is NOT enabled for client prediction
12-06-23_21-33-47-840 - MA_Meatball_Ammo is NOT enabled for client prediction
12-06-23_21-33-47-841 - MA_Blister_Ammo is NOT enabled for client prediction
12-06-23_21-33-47-842 - MA_Blister_Ammo is NOT enabled for client prediction
12-06-23_21-33-47-842 - MA_Blister_Ammo is NOT enabled for client prediction
12-06-23_21-33-47-843 - MA_Blister_Ammo is NOT enabled for client prediction
12-06-23_21-33-47-844 - MA_Blister_Ammo is NOT enabled for client prediction
12-06-23_21-33-47-845 - MA_Blister_Ammo is NOT enabled for client prediction
12-06-23_21-33-47-846 - MA_Blister_Ammo is NOT enabled for client prediction
12-06-23_21-33-47-848 - MA_Slinger_Ammo is NOT enabled for client prediction
12-06-23_21-33-47-848 - MA_Slinger_Ammo is NOT enabled for client prediction
12-06-23_21-33-47-852 - MA_Slinger_Ammo is NOT enabled for client prediction
12-06-23_21-33-47-853 - MA_Slinger_Ammo is NOT enabled for client prediction
12-06-23_21-33-47-854 - MA_Slinger_Ammo is NOT enabled for client prediction
12-06-23_21-33-47-855 - MA_Tiger_Ammo is NOT enabled for client prediction
12-06-23_21-33-47-856 - MA_Tiger_Ammo is NOT enabled for client prediction
12-06-23_21-33-47-857 - MA_Laser_T2_Ammo is NOT enabled for client prediction
12-06-23_21-33-47-857 - MA_Laser_T2_Ammo_Decal is NOT enabled for client prediction
12-06-23_21-33-47-858 - MA_Laser_T2_Ammo is NOT enabled for client prediction
12-06-23_21-33-47-858 - MA_Laser_T2_Ammo_Decal is NOT enabled for client prediction
12-06-23_21-33-47-859 - MA_Laser_T3_Ammo is NOT enabled for client prediction
12-06-23_21-33-47-859 - MA_Laser_T3_Ammo_Decal is NOT enabled for client prediction
12-06-23_21-33-47-861 - MA_Laser_T4_Ammo is NOT enabled for client prediction
12-06-23_21-33-47-861 - MA_Laser_T4_Ammo_Decal is NOT enabled for client prediction
12-06-23_21-33-47-865 - MA_Missile is NOT enabled for client prediction
12-06-23_21-33-47-866 - MA_Missile_Stage2 is NOT enabled for client prediction
12-06-23_21-33-47-884 - MA_Missile is NOT enabled for client prediction
12-06-23_21-33-47-884 - MA_Missile_Stage2 is NOT enabled for client prediction
12-06-23_21-33-47-886 - Asterius Gauss is NOT enabled for client prediction
12-06-23_21-33-47-888 - Charon_Shot is NOT enabled for client prediction
12-06-23_21-33-47-888 - Charon_Shot_Bounce is NOT enabled for client prediction
12-06-23_21-33-47-888 - Charon_Fake_Shot is NOT enabled for client prediction
12-06-23_21-33-47-895 - HVSC is NOT enabled for client prediction
12-06-23_21-33-47-895 - HVSC Terminal is NOT enabled for client prediction
12-06-23_21-33-47-896 - HVSC Shrapnel is NOT enabled for client prediction
12-06-23_21-33-47-896 - Sensor Fused is NOT enabled for client prediction
12-06-23_21-33-47-896 - SF Terminal is NOT enabled for client prediction
12-06-23_21-33-47-899 - SF Bomblet is NOT enabled for client prediction
12-06-23_21-33-47-900 - SF Fragment is NOT enabled for client prediction
12-06-23_21-33-47-902 - Hellfire Laser is NOT enabled for client prediction
12-06-23_21-33-47-902 - Hellfire Laser does not qualify for fixed weapon client reload verification
12-06-23_21-33-47-902 - Hellfire Pulse is NOT enabled for client prediction
12-06-23_21-33-47-902 - Hellfire Pulse does not qualify for fixed weapon client reload verification
12-06-23_21-33-47-902 - LP Hellfire is NOT enabled for client prediction
12-06-23_21-33-47-902 - LP Hellfire does not qualify for fixed weapon client reload verification
12-06-23_21-33-47-906 - Somnus Gauss Frag is NOT enabled for client prediction
12-06-23_21-33-47-906 - SomnusFXshots3 is NOT enabled for client prediction
12-06-23_21-33-47-906 - SomnusFXshots4 is NOT enabled for client prediction
12-06-23_21-33-47-908 - Cerberus Gauss is NOT enabled for client prediction
12-06-23_21-33-47-909 - Cerberus_Shrap is NOT enabled for client prediction
12-06-23_21-33-47-910 - Cerberus Gauss is NOT enabled for client prediction
12-06-23_21-33-47-910 - Cerberus_Shrap is NOT enabled for client prediction
12-06-23_21-33-47-911 - Cerberus Gauss is NOT enabled for client prediction
12-06-23_21-33-47-912 - Cerberus_Shrap is NOT enabled for client prediction
12-06-23_21-33-47-913 - Ceis Gauss is NOT enabled for client prediction
12-06-23_21-33-47-913 - Carnifex is NOT enabled for client prediction
12-06-23_21-33-47-914 - Silvius Gauss is NOT enabled for client prediction
12-06-23_21-33-47-915 - GaussER_Shrap is NOT enabled for client prediction
12-06-23_21-33-47-916 - Erebos Ammo is NOT enabled for client prediction
12-06-23_21-33-47-916 - Erebos Ammo AOE is NOT enabled for client prediction
12-06-23_21-33-47-918 - AutoCoil_Shrap is NOT enabled for client prediction
12-06-23_21-33-47-921 - AutoCoil_Shrap is NOT enabled for client prediction
12-06-23_21-33-47-930 - Taiidani Interceptor is NOT enabled for client prediction
12-06-23_21-33-47-930 - Taiidani Interceptor has large largeCollisionSize: 10 meters
12-06-23_21-33-47-930 - Taiidan Interceptor Attack is NOT enabled for client prediction
12-06-23_21-33-47-930 - Taiidan Interceptor Missile Attack is NOT enabled for client prediction
12-06-23_21-33-47-932 - taiidandebris1 is NOT enabled for client prediction
12-06-23_21-33-47-933 - taiidandebris2 is NOT enabled for client prediction
12-06-23_21-33-47-934 - taiidandebris3 is NOT enabled for client prediction
12-06-23_21-33-47-950 - taiidandebris4 is NOT enabled for client prediction
12-06-23_21-33-47-954 - Taiidani Interceptor is NOT enabled for client prediction
12-06-23_21-33-47-954 - Taiidani Interceptor has large largeCollisionSize: 10 meters
12-06-23_21-33-47-954 - Taiidan Interceptor Attack is NOT enabled for client prediction
12-06-23_21-33-47-954 - Taiidan Interceptor Missile Attack is NOT enabled for client prediction
12-06-23_21-33-47-955 - taiidandebris1 is NOT enabled for client prediction
12-06-23_21-33-47-955 - taiidandebris2 is NOT enabled for client prediction
12-06-23_21-33-47-955 - taiidandebris3 is NOT enabled for client prediction
12-06-23_21-33-47-956 - taiidandebris4 is NOT enabled for client prediction
12-06-23_21-33-47-960 - Taiidani Bomber is NOT enabled for client prediction
12-06-23_21-33-47-960 - Taiidani Bomber has large largeCollisionSize: 10 meters
12-06-23_21-33-47-960 - Taiidan Bomber Attack is NOT enabled for client prediction
12-06-23_21-33-47-961 - taiidandebris1 is NOT enabled for client prediction
12-06-23_21-33-47-961 - taiidandebris2 is NOT enabled for client prediction
12-06-23_21-33-47-962 - taiidandebris3 is NOT enabled for client prediction
12-06-23_21-33-47-962 - taiidandebris4 is NOT enabled for client prediction
12-06-23_21-33-47-966 - Taiidani Interceptor is NOT enabled for client prediction
12-06-23_21-33-47-966 - Taiidani Interceptor has large largeCollisionSize: 10 meters
12-06-23_21-33-47-966 - Taiidan Interceptor Attack is NOT enabled for client prediction
12-06-23_21-33-47-966 - Taiidan Interceptor Missile Attack is NOT enabled for client prediction
12-06-23_21-33-47-967 - taiidandebris1 is NOT enabled for client prediction
12-06-23_21-33-47-967 - taiidandebris2 is NOT enabled for client prediction
12-06-23_21-33-47-967 - taiidandebris3 is NOT enabled for client prediction
12-06-23_21-33-47-968 - taiidandebris4 is NOT enabled for client prediction
12-06-23_21-33-47-970 - Taiidani Bomber is NOT enabled for client prediction
12-06-23_21-33-47-970 - Taiidani Bomber has large largeCollisionSize: 10 meters
12-06-23_21-33-47-970 - Taiidan Bomber Attack is NOT enabled for client prediction
12-06-23_21-33-47-971 - taiidandebris1 is NOT enabled for client prediction
12-06-23_21-33-47-972 - taiidandebris2 is NOT enabled for client prediction
12-06-23_21-33-47-976 - taiidandebris3 is NOT enabled for client prediction
12-06-23_21-33-47-976 - taiidandebris4 is NOT enabled for client prediction
12-06-23_21-33-47-980 - Taiidani Bomber is NOT enabled for client prediction
12-06-23_21-33-47-980 - Taiidani Bomber has large largeCollisionSize: 10 meters
12-06-23_21-33-47-980 - Taiidan Bomber Attack is NOT enabled for client prediction
12-06-23_21-33-47-981 - taiidandebris1 is NOT enabled for client prediction
12-06-23_21-33-47-981 - taiidandebris2 is NOT enabled for client prediction
12-06-23_21-33-47-981 - taiidandebris3 is NOT enabled for client prediction
12-06-23_21-33-47-982 - taiidandebris4 is NOT enabled for client prediction
12-06-23_21-33-47-984 - Taiidani Bomber is NOT enabled for client prediction
12-06-23_21-33-47-984 - Taiidani Bomber has large largeCollisionSize: 10 meters
12-06-23_21-33-47-985 - Taiidan Bomber Attack is NOT enabled for client prediction
12-06-23_21-33-47-985 - taiidandebris1 is NOT enabled for client prediction
12-06-23_21-33-47-986 - taiidandebris2 is NOT enabled for client prediction
12-06-23_21-33-47-986 - taiidandebris3 is NOT enabled for client prediction
12-06-23_21-33-47-987 - taiidandebris4 is NOT enabled for client prediction
12-06-23_21-33-47-990 - Taiidani Interceptor is NOT enabled for client prediction
12-06-23_21-33-47-990 - Taiidani Interceptor has large largeCollisionSize: 10 meters
12-06-23_21-33-47-990 - Taiidan Interceptor Attack is NOT enabled for client prediction
12-06-23_21-33-47-990 - Taiidan Interceptor Missile Attack is NOT enabled for client prediction
12-06-23_21-33-47-991 - taiidandebris1 is NOT enabled for client prediction
12-06-23_21-33-47-991 - taiidandebris2 is NOT enabled for client prediction
12-06-23_21-33-47-991 - taiidandebris3 is NOT enabled for client prediction
12-06-23_21-33-47-992 - taiidandebris4 is NOT enabled for client prediction
12-06-23_21-33-47-995 - banshee shot main is NOT enabled for client prediction
12-06-23_21-33-47-995 - banshee shot Acceleration is NOT enabled for client prediction
12-06-23_21-33-47-995 - banshee plasma shot Acceleration is NOT enabled for client prediction
12-06-23_21-33-47-999 - longsword shot main is NOT enabled for client prediction
12-06-23_21-33-47-999 - longsword napalm base is NOT enabled for client prediction
12-06-23_21-33-47-999 - longsword napalm timespawn is NOT enabled for client prediction
12-06-23_21-33-47-999 - longsword napalm frag is NOT enabled for client prediction
12-06-23_21-33-48-000 - Longsword Nuke Acceleration is NOT enabled for client prediction
12-06-23_21-33-48-001 - Longsword Nuke Terminal is NOT enabled for client prediction
12-06-23_21-33-48-001 - Longsword Nuke Frag is NOT enabled for client prediction
12-06-23_21-33-48-156 - SubterraneanSun is NOT enabled for client prediction
12-06-23_21-33-48-156 - SubterraneanSunStage2 is NOT enabled for client prediction
12-06-23_21-33-48-156 - SubterraneanSunStage2SuccParticleInvis is NOT enabled for client prediction
12-06-23_21-33-48-156 - SubterraneanSunStage2SuccParticleVisible is NOT enabled for client prediction
12-06-23_21-33-48-156 - SubterraneanSunStage2EWARTimespawn is NOT enabled for client prediction
12-06-23_21-33-48-156 - SubterraneanSunStage2EWARTimespawn has large largeCollisionSize: 5.5 meters
12-06-23_21-33-48-156 - SubterraneanSunStage2EWARPattern is NOT enabled for client prediction
12-06-23_21-33-48-156 - SubterraneanSunStage2EWARPattern has large largeCollisionSize: 5.5 meters
12-06-23_21-33-48-161 - Davy Crockett is NOT enabled for client prediction
12-06-23_21-33-48-161 - Davy Crockett Acceleration is NOT enabled for client prediction
12-06-23_21-33-48-161 - Davy Crockett Terminal is NOT enabled for client prediction
12-06-23_21-33-48-162 - Davy Crockett Frag is NOT enabled for client prediction
12-06-23_21-33-48-162 - Davy_Flare is NOT enabled for client prediction
12-06-23_21-33-48-162 - Davy Crockett Smart is NOT enabled for client prediction
12-06-23_21-33-48-162 - Davy Crockett Acceleration Smart is NOT enabled for client prediction
12-06-23_21-33-48-162 - OPA Heavy Torp LockTone is NOT enabled for client prediction
12-06-23_21-33-48-162 - OPA Heavy Torp LockTone Terminal is NOT enabled for client prediction
12-06-23_21-33-48-164 - Bullet_AMS is NOT enabled for client prediction
12-06-23_21-33-48-164 - Bullet_AMS_AOE is NOT enabled for client prediction
12-06-23_21-33-48-164 - Bullet_AMS_AOE_2 is NOT enabled for client prediction
12-06-23_21-33-48-165 - Ball Bullet AMS is NOT enabled for client prediction
12-06-23_21-33-48-165 - Ball_Turret_Frag is NOT enabled for client prediction
12-06-23_21-33-48-168 - MCRN Heavy Torp Launch is NOT enabled for client prediction
12-06-23_21-33-48-168 - MCRN Heavy Torp Acceleration is NOT enabled for client prediction
12-06-23_21-33-48-169 - MCRN Heavy Torp Terminal is NOT enabled for client prediction
12-06-23_21-33-48-169 - MCRN Heavy Torp Frag is NOT enabled for client prediction
12-06-23_21-33-48-171 - UNN Heavy Torp Launch is NOT enabled for client prediction
12-06-23_21-33-48-172 - UNN Heavy Torp Acceleration is NOT enabled for client prediction
12-06-23_21-33-48-172 - UNN Heavy Torp Terminal is NOT enabled for client prediction
12-06-23_21-33-48-172 - UNN Heavy Torp Frag is NOT enabled for client prediction
12-06-23_21-33-48-175 - LRM is NOT enabled for client prediction
12-06-23_21-33-48-175 - Mod_LRM_Terminal is NOT enabled for client prediction
12-06-23_21-33-48-175 - Mod_LRM_Fragment_Detonation is NOT enabled for client prediction
12-06-23_21-33-48-192 - LRM is NOT enabled for client prediction
12-06-23_21-33-48-192 - Mod_LRM_Terminal is NOT enabled for client prediction
12-06-23_21-33-48-192 - Mod_LRM_Fragment_Detonation is NOT enabled for client prediction
12-06-23_21-33-48-194 - LRM is NOT enabled for client prediction
12-06-23_21-33-48-195 - Mod_LRM_Terminal is NOT enabled for client prediction
12-06-23_21-33-48-195 - Mod_LRM_Fragment_Detonation is NOT enabled for client prediction
12-06-23_21-33-48-196 - LRM is NOT enabled for client prediction
12-06-23_21-33-48-197 - Mod_LRM_Terminal is NOT enabled for client prediction
12-06-23_21-33-48-197 - Mod_LRM_Fragment_Detonation is NOT enabled for client prediction
12-06-23_21-33-48-198 - MRM is NOT enabled for client prediction
12-06-23_21-33-48-198 - MRM_2ndStage is NOT enabled for client prediction
12-06-23_21-33-48-199 - MRM is NOT enabled for client prediction
12-06-23_21-33-48-200 - MRM_2ndStage is NOT enabled for client prediction
12-06-23_21-33-48-201 - MRM is NOT enabled for client prediction
12-06-23_21-33-48-201 - MRM_2ndStage is NOT enabled for client prediction
12-06-23_21-33-48-202 - MRM is NOT enabled for client prediction
12-06-23_21-33-48-203 - MRM_2ndStage is NOT enabled for client prediction
12-06-23_21-33-48-205 - SSRM is NOT enabled for client prediction
12-06-23_21-33-48-206 - SRM_Acceleration is NOT enabled for client prediction
12-06-23_21-33-48-206 - SRM_Detonation is NOT enabled for client prediction
12-06-23_21-33-48-209 - ERPPC_EWAR is NOT enabled for client prediction
12-06-23_21-33-48-211 - RWR_P_Fake is NOT enabled for client prediction
12-06-23_21-33-48-211 - RWR_P_Fake is NOT enabled for client prediction
12-06-23_21-33-48-213 - Flare is NOT enabled for client prediction
12-06-23_21-33-48-214 - FlarePulse is NOT enabled for client prediction
12-06-23_21-33-48-215 - 20mm High Velocity is NOT enabled for client prediction
12-06-23_21-33-48-215 - PDC_Bullet_AOE is NOT enabled for client prediction
12-06-23_21-33-48-216 - 20mm High Velocity is NOT enabled for client prediction
12-06-23_21-33-48-216 - PDC_Bullet_AOE is NOT enabled for client prediction
12-06-23_21-33-48-217 - 20mm High Velocity is NOT enabled for client prediction
12-06-23_21-33-48-217 - PDC_Bullet_AOE is NOT enabled for client prediction
12-06-23_21-33-48-218 - 20mm High Velocity is NOT enabled for client prediction
12-06-23_21-33-48-218 - PDC_Bullet_AOE is NOT enabled for client prediction
12-06-23_21-33-48-219 - 20mm High Velocity is NOT enabled for client prediction
12-06-23_21-33-48-219 - PDC_Bullet_AOE is NOT enabled for client prediction
12-06-23_21-33-48-220 - 40mm APHE Shell is NOT enabled for client prediction
12-06-23_21-33-48-221 - 80mm APHE Shell is NOT enabled for client prediction
12-06-23_21-33-48-221 - TurretedPulseLaser is NOT enabled for client prediction
12-06-23_21-33-48-222 - Light_Railgun_Slug is NOT enabled for client prediction
12-06-23_21-33-48-223 - Small_Railgun_Ammo_VFX1 is NOT enabled for client prediction
12-06-23_21-33-48-223 - Small_Railgun_Ammo_VFX2 is NOT enabled for client prediction
12-06-23_21-33-48-224 - Odin_Railgun_Slug is NOT enabled for client prediction
12-06-23_21-33-48-224 - Odin_Railgun_VFX1 is NOT enabled for client prediction
12-06-23_21-33-48-224 - Odin_Railgun_VFX2 is NOT enabled for client prediction
12-06-23_21-33-48-224 - Odin_Railgun_Frag is NOT enabled for client prediction
12-06-23_21-33-48-226 - 27-Inch HE is NOT enabled for client prediction
12-06-23_21-33-48-226 - HE_Fragment is NOT enabled for client prediction
12-06-23_21-33-48-226 - Distractor Shell is NOT enabled for client prediction
12-06-23_21-33-48-226 - Distractor Shell has 1293m grav drop at 1g.  'Gungir' Heavy Gun Turret needs Accurate/Advanced aim prediction to account for gravity.
12-06-23_21-33-48-226 - Thump_Flare_Travel is NOT enabled for client prediction
12-06-23_21-33-48-226 - Thump_Flare is NOT enabled for client prediction
12-06-23_21-33-48-228 - CoilGunAmmo is NOT enabled for client prediction
12-06-23_21-33-48-228 - CoilGunAmmo_VFX1 is NOT enabled for client prediction
12-06-23_21-33-48-228 - CoilGunAmmo_VFX2 is NOT enabled for client prediction
12-06-23_21-33-48-228 - CoilGunAmmo_VFX3 is NOT enabled for client prediction
12-06-23_21-33-48-229 - Plasma_Beam is NOT enabled for client prediction
12-06-23_21-33-48-230 - Hurricane APCBC is NOT enabled for client prediction
12-06-23_21-33-48-230 - H_APHE_Fragment is NOT enabled for client prediction
12-06-23_21-33-48-231 - High-Explosive Shell BC7 is NOT enabled for client prediction
12-06-23_21-33-48-231 - BC7_HE_Fragment is NOT enabled for client prediction
12-06-23_21-33-48-231 - High-Velocity AP BC7 is NOT enabled for client prediction
12-06-23_21-33-48-235 - High-Explosive Shell BC7 is NOT enabled for client prediction
12-06-23_21-33-48-235 - BC7_HE_Fragment is NOT enabled for client prediction
12-06-23_21-33-48-236 - High-Velocity AP BC7 is NOT enabled for client prediction
12-06-23_21-33-48-237 - High-Explosive Shell BC5 is NOT enabled for client prediction
12-06-23_21-33-48-237 - BC5_HE_Fragment is NOT enabled for client prediction
12-06-23_21-33-48-237 - High Velocity AP BC5 is NOT enabled for client prediction
12-06-23_21-33-48-238 - High-Explosive Shell BC5 is NOT enabled for client prediction
12-06-23_21-33-48-238 - BC5_HE_Fragment is NOT enabled for client prediction
12-06-23_21-33-48-238 - High Velocity AP BC5 is NOT enabled for client prediction
12-06-23_21-33-48-239 - High-Explosive Shell BC3 is NOT enabled for client prediction
12-06-23_21-33-48-240 - BC3_HE_Fragment is NOT enabled for client prediction
12-06-23_21-33-48-240 - Armor-Penetrator Shell BC3 is NOT enabled for client prediction
12-06-23_21-33-48-241 - High-Explosive Shell BC3 is NOT enabled for client prediction
12-06-23_21-33-48-241 - BC3_HE_Fragment is NOT enabled for client prediction
12-06-23_21-33-48-241 - Armor-Penetrator Shell BC3 is NOT enabled for client prediction
12-06-23_21-33-48-242 - Ammo 1 is NOT enabled for client prediction
12-06-23_21-33-48-242 - Mine_Static is NOT enabled for client prediction
12-06-23_21-33-48-244 - [========================]
12-06-23_21-33-48-244 - :::::['Loki' Utility Launcher]:::::
12-06-23_21-33-48-244 - AmmoMagazine: Energy
12-06-23_21-33-48-244 - AmmoRound: Vortex Torpedo
12-06-23_21-33-48-244 - InaccuracyScore: 100% | ShotAngle: 0  @: 3000m vs 10m Circle
12-06-23_21-33-48-244 - --------------------------
12-06-23_21-33-48-244 - Shots per second(w/Heat): 0.04 (0.04)
12-06-23_21-33-48-244 - Peak DPS: 3
12-06-23_21-33-48-244 - Effective DPS: 3 | without Inaccuracy: 3
12-06-23_21-33-48-244 - Base Damage DPS: 3
12-06-23_21-33-48-244 - Area Damage DPS: 0
12-06-23_21-33-48-244 - Explosive Dmg DPS: 0
12-06-23_21-33-48-244 - [=========== Ammo End =============]
12-06-23_21-33-48-244 - Vortex Torpedo is NOT enabled for client prediction
12-06-23_21-33-48-244 - Vortex_Effect_Frag is NOT enabled for client prediction
12-06-23_21-33-48-246 - Thor_Launch is NOT enabled for client prediction
12-06-23_21-33-48-246 - Thor_Travel is NOT enabled for client prediction
12-06-23_21-33-48-246 - Thor_Travel_2 is NOT enabled for client prediction
12-06-23_21-33-48-247 - Thor_Terminal is NOT enabled for client prediction
12-06-23_21-33-48-247 - Thor_Terminal_2 is NOT enabled for client prediction
12-06-23_21-33-48-248 - 80mm HE Shell is NOT enabled for client prediction
12-06-23_21-33-48-248 - 80mm HE Shell does not qualify for fixed weapon client reload verification
12-06-23_21-33-48-248 - 80mm AP Shell is NOT enabled for client prediction
12-06-23_21-33-48-248 - 80mm AP Shell does not qualify for fixed weapon client reload verification
12-06-23_21-33-48-249 - Phantom_Primary is NOT enabled for client prediction
12-06-23_21-33-48-249 - Phantom_Primary does not qualify for fixed weapon client reload verification
12-06-23_21-33-48-249 - Phantom_Secondary is NOT enabled for client prediction
12-06-23_21-33-48-249 - Phantom_Secondary does not qualify for fixed weapon client reload verification
12-06-23_21-33-48-249 - Fragment_Primary is NOT enabled for client prediction
12-06-23_21-33-48-249 - Fragment_Primary does not qualify for fixed weapon client reload verification
12-06-23_21-33-48-249 - Fragment_Secondary is NOT enabled for client prediction
12-06-23_21-33-48-249 - Fragment_Secondary does not qualify for fixed weapon client reload verification
12-06-23_21-33-48-250 - 60mm HE Shell is NOT enabled for client prediction
12-06-23_21-33-48-250 - 60mm AP Shell is NOT enabled for client prediction
12-06-23_21-33-48-251 - Pulse Laser is NOT enabled for client prediction
12-06-23_21-33-48-251 - Pulse Laser does not qualify for fixed weapon client reload verification
12-06-23_21-33-48-252 - Shield H. Pulse Laser is NOT enabled for client prediction
12-06-23_21-33-48-252 - Shield H. Pulse Laser does not qualify for fixed weapon client reload verification
12-06-23_21-33-48-252 - Light Pulse Laser is NOT enabled for client prediction
12-06-23_21-33-48-252 - Light Pulse Laser does not qualify for fixed weapon client reload verification
12-06-23_21-33-48-254 - 175mm Flak Shell is NOT enabled for client prediction
12-06-23_21-33-48-254 - 175mm HE Direct Fire is NOT enabled for client prediction
12-06-23_21-33-48-254 - HEShrapBase is NOT enabled for client prediction
12-06-23_21-33-48-255 - HEShrap is NOT enabled for client prediction
12-06-23_21-33-48-255 - Flak_Shell_Frag is NOT enabled for client prediction
12-06-23_21-33-48-255 - Flak Wall Test is NOT enabled for client prediction
12-06-23_21-33-48-255 - Canister_FragmentFF is NOT enabled for client prediction
12-06-23_21-33-48-255 - Plasma_Shot is NOT enabled for client prediction
12-06-23_21-33-48-257 - Fission_Beam_Primary is NOT enabled for client prediction
12-06-23_21-33-48-257 - Fission_Beam_Secondary is NOT enabled for client prediction
12-06-23_21-33-48-259 - BFG_Cannon_Primary is NOT enabled for client prediction
12-06-23_21-33-48-259 - C_HE_Fragment is NOT enabled for client prediction
12-06-23_21-33-48-260 - Ion_Beam is NOT enabled for client prediction
12-06-23_21-33-48-261 - Scattergun_Base is NOT enabled for client prediction
12-06-23_21-33-48-261 - Scattergun_Shot_2 is NOT enabled for client prediction
12-06-23_21-33-48-261 - Scattergun_Sabot is NOT enabled for client prediction
12-06-23_21-33-48-264 - SLAMMO is NOT enabled for client prediction
12-06-23_21-33-48-265 - SLAM Nuke Acceleration is NOT enabled for client prediction
12-06-23_21-33-48-265 - SLAM Nuke Terminal is NOT enabled for client prediction
12-06-23_21-33-48-265 - SLAM Nuke Frag is NOT enabled for client prediction
12-06-23_21-33-48-266 - MetalStormProj1 is NOT enabled for client prediction
12-06-23_21-33-48-270 - BALLER_bounce1 is NOT enabled for client prediction
12-06-23_21-33-48-270 - BALLER_bounce2 is NOT enabled for client prediction
12-06-23_21-33-48-270 - BALLER_bounce3 is NOT enabled for client prediction
12-06-23_21-33-48-270 - BALLER_bounce4 is NOT enabled for client prediction
12-06-23_21-33-48-270 - BALLER_bounce5 is NOT enabled for client prediction
12-06-23_21-33-48-270 - BALLER_bounce6 is NOT enabled for client prediction
12-06-23_21-33-48-270 - BALLER_bounce7 is NOT enabled for client prediction
12-06-23_21-33-48-270 - BALLER_bounce8 is NOT enabled for client prediction
12-06-23_21-33-48-270 - BALLER_bounce9 is NOT enabled for client prediction
12-06-23_21-33-48-271 - BALLER_bounce10 is NOT enabled for client prediction
12-06-23_21-33-48-271 - Afterburner_ammo_2 is NOT enabled for client prediction
12-06-23_21-33-48-271 - Afterburner_ammo_2 does not qualify for fixed weapon client reload verification
12-06-23_21-33-48-272 - Afterburner_ammo_2_SG is NOT enabled for client prediction
12-06-23_21-33-48-272 - Afterburner_ammo_2_SG does not qualify for fixed weapon client reload verification
12-06-23_21-33-48-273 - Afterburner_ammo_1 is NOT enabled for client prediction
12-06-23_21-33-48-273 - Afterburner_ammo_1 does not qualify for fixed weapon client reload verification
12-06-23_21-33-48-274 - Afterburner_ammo_3 is NOT enabled for client prediction
12-06-23_21-33-48-274 - Afterburner_ammo_3 does not qualify for fixed weapon client reload verification
12-06-23_21-33-48-274 - Afterburner_ammo_4 is NOT enabled for client prediction
12-06-23_21-33-48-274 - Afterburner_ammo_4 does not qualify for fixed weapon client reload verification
12-06-23_21-33-48-276 - DETPAK2 is NOT enabled for client prediction
12-06-23_21-33-48-277 - DETPAK2 is NOT enabled for client prediction
12-06-23_21-33-48-278 - DETPAK2 is NOT enabled for client prediction
12-06-23_21-33-48-279 - VanillaBulletAMS is NOT enabled for client prediction
12-06-23_21-33-48-279 - VanillaBulletAMS_AOE is NOT enabled for client prediction
12-06-23_21-33-48-281 - Mostly Guided Rocket is NOT enabled for client prediction
12-06-23_21-33-48-283 - Assault Cannon Shell is NOT enabled for client prediction
12-06-23_21-33-48-285 - Artillery Shell is NOT enabled for client prediction
12-06-23_21-33-48-288 - Crossfield Beam is NOT enabled for client prediction
12-06-23_21-33-48-288 - Crossfield Beam has large largeCollisionSize: 20 meters
12-06-23_21-33-48-288 - Crossfield Beam is NOT enabled for client prediction
12-06-23_21-33-48-288 - Crossfield Beam has large largeCollisionSize: 20 meters
12-06-23_21-33-48-289 - Crossfield Beam is NOT enabled for client prediction
12-06-23_21-33-48-289 - Crossfield Beam has large largeCollisionSize: 20 meters
12-06-23_21-33-48-289 - Crossfield Beam is NOT enabled for client prediction
12-06-23_21-33-48-289 - Crossfield Beam has large largeCollisionSize: 20 meters
12-06-23_21-33-48-291 - EsperShot is NOT enabled for client prediction
12-06-23_21-33-48-292 - Mammon Beam is NOT enabled for client prediction
12-06-23_21-33-48-292 - Mammon Beam has large largeCollisionSize: 20 meters
12-06-23_21-33-48-293 - Thanatos Round is NOT enabled for client prediction
12-06-23_21-33-48-293 - Thanatos Guided is NOT enabled for client prediction
12-06-23_21-33-48-294 - Thanatos UnGuided is NOT enabled for client prediction
12-06-23_21-33-48-295 - Standard is NOT enabled for client prediction
12-06-23_21-33-48-295 - Overload is NOT enabled for client prediction
12-06-23_21-33-48-296 - APHE 600mm is NOT enabled for client prediction
12-06-23_21-33-48-296 - 600mm Heavy Shell Frag is NOT enabled for client prediction
12-06-23_21-33-48-296 - HE 600mm is NOT enabled for client prediction
12-06-23_21-33-48-298 - Hunter Shrapnel is NOT enabled for client prediction
12-06-23_21-33-48-299 - Unlimited Power Hunter is NOT enabled for client prediction
12-06-23_21-33-48-299 - Unlimited Power Branch is NOT enabled for client prediction
12-06-23_21-33-48-299 - Unlimited Power Branch 1 is NOT enabled for client prediction
12-06-23_21-33-48-299 - Unlimited Power Branch 2 is NOT enabled for client prediction
12-06-23_21-33-48-300 - AP 70mm is NOT enabled for client prediction
12-06-23_21-33-48-301 - AP 70mm is NOT enabled for client prediction
12-06-23_21-33-48-304 - AryxRailgunAmmoFrag is NOT enabled for client prediction
12-06-23_21-33-48-304 - AryxRailgunAmmoFrag_Mag is NOT enabled for client prediction
12-06-23_21-33-48-307 - Zap is NOT enabled for client prediction
12-06-23_21-33-48-307 - Helios_Zap_Stage2 is NOT enabled for client prediction
12-06-23_21-33-48-308 - Helios_Zap_Stage3 is NOT enabled for client prediction
12-06-23_21-33-48-308 - Helios_Zap_Stage4 is NOT enabled for client prediction
12-06-23_21-33-48-308 - Bap is NOT enabled for client prediction
12-06-23_21-33-48-308 - Helios_Stage2 is NOT enabled for client prediction
12-06-23_21-33-48-308 - Helios_Stage3 is NOT enabled for client prediction
12-06-23_21-33-48-308 - Helios_Stage4 is NOT enabled for client prediction
12-06-23_21-33-48-309 - Repeating is NOT enabled for client prediction
12-06-23_21-33-48-309 - AryxRailgunAmmoFrag_Mag is NOT enabled for client prediction
12-06-23_21-33-48-309 - Hitscan_Artemis_Frag is NOT enabled for client prediction
12-06-23_21-33-48-316 - Pyroacid_ammo is NOT enabled for client prediction
12-06-23_21-33-48-317 - Pyroacid_guided_ammo is NOT enabled for client prediction
12-06-23_21-33-48-317 - Pyroacid_splash_ammo is NOT enabled for client prediction
12-06-23_21-33-48-317 - Pyroacid_splash2_ammo is NOT enabled for client prediction
12-06-23_21-33-48-320 - HeavyPyroacid_ammo is NOT enabled for client prediction
12-06-23_21-33-48-320 - HeavyPyroacid_guided_ammo is NOT enabled for client prediction
12-06-23_21-33-48-320 - HeavyPyroacid_splash_ammo is NOT enabled for client prediction
12-06-23_21-33-48-320 - HeavyPyroacid_splash2_ammo is NOT enabled for client prediction
12-06-23_21-33-48-322 - Bioplasma_ammo is NOT enabled for client prediction
12-06-23_21-33-48-322 - Bioplasma_ammo_splash is NOT enabled for client prediction
12-06-23_21-33-48-367 - Hivedrone_ammo_launch is NOT enabled for client prediction
12-06-23_21-33-48-393 - Hivedrone_ammo is NOT enabled for client prediction
12-06-23_21-33-48-394 - Hivedrone_ammo_half is NOT enabled for client prediction
12-06-23_21-33-48-394 - Hivedrone_ammo_quarter is NOT enabled for client prediction
12-06-23_21-33-48-395 - Hivedrone_ammo_eighth is NOT enabled for client prediction
12-06-23_21-33-48-395 - Hivedrone_ammo_sixteenth is NOT enabled for client prediction
12-06-23_21-33-48-395 - Hivedrone_ammo_lunge is NOT enabled for client prediction
12-06-23_21-33-48-434 - Bioplasma_Hivedrone_ammo_launch is NOT enabled for client prediction
12-06-23_21-33-48-437 - Bioplasma_Hivedrone_ammo is NOT enabled for client prediction
12-06-23_21-33-48-437 - BioplasmaHivedrone_ammo_plasma is NOT enabled for client prediction
12-06-23_21-33-48-438 - BioplasmaHivedrone_ammo_lunge is NOT enabled for client prediction
12-06-23_21-33-48-440 - Particle is NOT enabled for client prediction
12-06-23_21-33-48-440 - Ammo 2 is NOT enabled for client prediction
12-06-23_21-33-48-447 - Particle is NOT enabled for client prediction
12-06-23_21-33-48-448 - Ammo 2 is NOT enabled for client prediction
12-06-23_21-33-50-477 - WC Version: 27
12-06-23_21-53-02-460 - CompRemove: Ai already null - PartState:Ready - Status:Started - LastRemoveFromScene:7
12-06-23_22-44-43-039 - Logging stopped.
