12-06-23_21-26-32-691 - Logging Started
12-06-23_21-26-32-774 - 25mm NATO is NOT enabled for client prediction
12-06-23_21-26-32-779 - 25mm NATO is NOT enabled for client prediction
12-06-23_21-26-32-779 - 25mm NATO does not qualify for fixed weapon client reload verification
12-06-23_21-26-32-781 - 25mm NATO is NOT enabled for client prediction
12-06-23_21-26-32-781 - 25mm NATO does not qualify for fixed weapon client reload verification
12-06-23_21-26-32-782 - 25mm NATO is NOT enabled for client prediction
12-06-23_21-26-32-804 - 200mm Missile is NOT enabled for client prediction
12-06-23_21-26-32-811 - 200mm Missile is NOT enabled for client prediction
12-06-23_21-26-32-812 - MR-50A is NOT enabled for client prediction
12-06-23_21-26-32-813 - 5.56x45mm is NOT enabled for client prediction
12-06-23_21-26-32-813 - Autocannon Shell is NOT enabled for client prediction
12-06-23_21-26-32-813 - Autocannon Shell does not qualify for fixed weapon client reload verification
12-06-23_21-26-32-814 - Autocannon Shell is NOT enabled for client prediction
12-06-23_21-26-32-820 - Assault Cannon Shell is NOT enabled for client prediction
12-06-23_21-26-32-823 - Assault Cannon Shell is NOT enabled for client prediction
12-06-23_21-26-32-828 - Artillery Shell is NOT enabled for client prediction
12-06-23_21-26-32-837 - SpotLight is NOT enabled for client prediction
12-06-23_21-26-32-838 - SpotLight is NOT enabled for client prediction
12-06-23_21-26-32-869 - Priest_Ammo is NOT enabled for client prediction
12-06-23_21-26-32-878 - Torp_Ammo is NOT enabled for client prediction
12-06-23_21-26-32-878 - TorpShrap_Ammo is NOT enabled for client prediction
12-06-23_21-26-32-880 - Priest_Ammo is NOT enabled for client prediction
12-06-23_21-26-32-881 - Type18 HE Round is NOT enabled for client prediction
12-06-23_21-26-32-882 - Type21 HE Round is NOT enabled for client prediction
12-06-23_21-26-32-883 - Type24 HE Round is NOT enabled for client prediction
12-06-23_21-26-32-884 - Type78 Round is NOT enabled for client prediction
12-06-23_21-26-32-885 - Type77 Round is NOT enabled for client prediction
12-06-23_21-26-32-886 - Type79 Round is NOT enabled for client prediction
12-06-23_21-26-32-887 - Reaver Ammo is NOT enabled for client prediction
12-06-23_21-26-32-887 - MA_Laser_1 is NOT enabled for client prediction
12-06-23_21-26-32-889 - MA_Laser_T2_Ammo is NOT enabled for client prediction
12-06-23_21-26-32-889 - MA_Laser_T2_Ammo_Decal is NOT enabled for client prediction
12-06-23_21-26-32-890 - MA_Laser_T2_Ammo is NOT enabled for client prediction
12-06-23_21-26-32-890 - MA_Laser_T2_Ammo_Decal is NOT enabled for client prediction
12-06-23_21-26-32-891 - MA_Laser_T2_Ammo is NOT enabled for client prediction
12-06-23_21-26-32-891 - MA_Laser_T2_Ammo_Decal is NOT enabled for client prediction
12-06-23_21-26-32-892 - MA_Laser_1 is NOT enabled for client prediction
12-06-23_21-26-32-892 - MA_Laser_1 is NOT enabled for client prediction
12-06-23_21-26-32-893 - MA_Laser_1 is NOT enabled for client prediction
12-06-23_21-26-32-894 - MA_Laser_1 is NOT enabled for client prediction
12-06-23_21-26-32-895 - MA_Laser_1 is NOT enabled for client prediction
12-06-23_21-26-32-896 - MA_Laser_T2_Ammo is NOT enabled for client prediction
12-06-23_21-26-32-896 - MA_Laser_T2_Ammo_Decal is NOT enabled for client prediction
12-06-23_21-26-32-897 - MA_Laser_T2_Ammo is NOT enabled for client prediction
12-06-23_21-26-32-897 - MA_Laser_T2_Ammo_Decal is NOT enabled for client prediction
12-06-23_21-26-32-898 - MA_Laser_T2_Ammo is NOT enabled for client prediction
12-06-23_21-26-32-898 - MA_Laser_T2_Ammo_Decal is NOT enabled for client prediction
12-06-23_21-26-32-899 - MA_Laser_T2_Ammo is NOT enabled for client prediction
12-06-23_21-26-32-899 - MA_Laser_T2_Ammo_Decal is NOT enabled for client prediction
12-06-23_21-26-32-900 - MA_Laser_T2_Ammo is NOT enabled for client prediction
12-06-23_21-26-32-900 - MA_Laser_T2_Ammo_Decal is NOT enabled for client prediction
12-06-23_21-26-32-904 - MA_Laser_Gladius_Ammo is NOT enabled for client prediction
12-06-23_21-26-32-904 - MA_Laser_T3_Ammo_Decal is NOT enabled for client prediction
12-06-23_21-26-32-906 - MA_Meatball_Ammo is NOT enabled for client prediction
12-06-23_21-26-32-907 - MA_Meatball_Ammo is NOT enabled for client prediction
12-06-23_21-26-32-907 - MA_Meatball_Ammo is NOT enabled for client prediction
12-06-23_21-26-32-908 - MA_Blister_Ammo is NOT enabled for client prediction
12-06-23_21-26-32-909 - MA_Blister_Ammo is NOT enabled for client prediction
12-06-23_21-26-32-910 - MA_Blister_Ammo is NOT enabled for client prediction
12-06-23_21-26-32-911 - MA_Blister_Ammo is NOT enabled for client prediction
12-06-23_21-26-32-911 - MA_Blister_Ammo is NOT enabled for client prediction
12-06-23_21-26-32-912 - MA_Blister_Ammo is NOT enabled for client prediction
12-06-23_21-26-32-913 - MA_Blister_Ammo is NOT enabled for client prediction
12-06-23_21-26-32-915 - MA_Slinger_Ammo is NOT enabled for client prediction
12-06-23_21-26-32-926 - MA_Slinger_Ammo is NOT enabled for client prediction
12-06-23_21-26-32-928 - MA_Slinger_Ammo is NOT enabled for client prediction
12-06-23_21-26-32-929 - MA_Slinger_Ammo is NOT enabled for client prediction
12-06-23_21-26-32-929 - MA_Slinger_Ammo is NOT enabled for client prediction
12-06-23_21-26-32-930 - MA_Tiger_Ammo is NOT enabled for client prediction
12-06-23_21-26-32-931 - MA_Tiger_Ammo is NOT enabled for client prediction
12-06-23_21-26-32-932 - MA_Laser_T2_Ammo is NOT enabled for client prediction
12-06-23_21-26-32-932 - MA_Laser_T2_Ammo_Decal is NOT enabled for client prediction
12-06-23_21-26-32-934 - MA_Laser_T2_Ammo is NOT enabled for client prediction
12-06-23_21-26-32-934 - MA_Laser_T2_Ammo_Decal is NOT enabled for client prediction
12-06-23_21-26-32-935 - MA_Laser_T3_Ammo is NOT enabled for client prediction
12-06-23_21-26-32-935 - MA_Laser_T3_Ammo_Decal is NOT enabled for client prediction
12-06-23_21-26-32-937 - MA_Laser_T4_Ammo is NOT enabled for client prediction
12-06-23_21-26-32-937 - MA_Laser_T4_Ammo_Decal is NOT enabled for client prediction
12-06-23_21-26-32-940 - MA_Missile is NOT enabled for client prediction
12-06-23_21-26-32-941 - MA_Missile_Stage2 is NOT enabled for client prediction
12-06-23_21-26-32-946 - MA_Missile is NOT enabled for client prediction
12-06-23_21-26-32-947 - MA_Missile_Stage2 is NOT enabled for client prediction
12-06-23_21-26-32-948 - Asterius Gauss is NOT enabled for client prediction
12-06-23_21-26-32-951 - Charon_Shot is NOT enabled for client prediction
12-06-23_21-26-32-951 - Charon_Shot_Bounce is NOT enabled for client prediction
12-06-23_21-26-32-951 - Charon_Fake_Shot is NOT enabled for client prediction
12-06-23_21-26-32-958 - HVSC is NOT enabled for client prediction
12-06-23_21-26-32-959 - HVSC Terminal is NOT enabled for client prediction
12-06-23_21-26-32-959 - HVSC Shrapnel is NOT enabled for client prediction
12-06-23_21-26-32-959 - Sensor Fused is NOT enabled for client prediction
12-06-23_21-26-32-972 - SF Terminal is NOT enabled for client prediction
12-06-23_21-26-32-973 - SF Bomblet is NOT enabled for client prediction
12-06-23_21-26-32-973 - SF Fragment is NOT enabled for client prediction
12-06-23_21-26-32-975 - Hellfire Laser is NOT enabled for client prediction
12-06-23_21-26-32-975 - Hellfire Laser does not qualify for fixed weapon client reload verification
12-06-23_21-26-32-975 - Hellfire Pulse is NOT enabled for client prediction
12-06-23_21-26-32-975 - Hellfire Pulse does not qualify for fixed weapon client reload verification
12-06-23_21-26-32-976 - LP Hellfire is NOT enabled for client prediction
12-06-23_21-26-32-976 - LP Hellfire does not qualify for fixed weapon client reload verification
12-06-23_21-26-32-979 - Somnus Gauss Frag is NOT enabled for client prediction
12-06-23_21-26-32-980 - SomnusFXshots3 is NOT enabled for client prediction
12-06-23_21-26-32-980 - SomnusFXshots4 is NOT enabled for client prediction
12-06-23_21-26-32-983 - Cerberus Gauss is NOT enabled for client prediction
12-06-23_21-26-32-983 - Cerberus_Shrap is NOT enabled for client prediction
12-06-23_21-26-32-984 - Cerberus Gauss is NOT enabled for client prediction
12-06-23_21-26-32-985 - Cerberus_Shrap is NOT enabled for client prediction
12-06-23_21-26-32-986 - Cerberus Gauss is NOT enabled for client prediction
12-06-23_21-26-32-986 - Cerberus_Shrap is NOT enabled for client prediction
12-06-23_21-26-32-987 - Ceis Gauss is NOT enabled for client prediction
12-06-23_21-26-32-987 - Carnifex is NOT enabled for client prediction
12-06-23_21-26-32-989 - Silvius Gauss is NOT enabled for client prediction
12-06-23_21-26-32-989 - GaussER_Shrap is NOT enabled for client prediction
12-06-23_21-26-32-990 - Erebos Ammo is NOT enabled for client prediction
12-06-23_21-26-32-990 - Erebos Ammo AOE is NOT enabled for client prediction
12-06-23_21-26-32-993 - AutoCoil_Shrap is NOT enabled for client prediction
12-06-23_21-26-32-995 - AutoCoil_Shrap is NOT enabled for client prediction
12-06-23_21-26-33-001 - Taiidani Interceptor is NOT enabled for client prediction
12-06-23_21-26-33-001 - Taiidani Interceptor has large largeCollisionSize: 10 meters
12-06-23_21-26-33-001 - Taiidan Interceptor Attack is NOT enabled for client prediction
12-06-23_21-26-33-001 - Taiidan Interceptor Missile Attack is NOT enabled for client prediction
12-06-23_21-26-33-003 - taiidandebris1 is NOT enabled for client prediction
12-06-23_21-26-33-004 - taiidandebris2 is NOT enabled for client prediction
12-06-23_21-26-33-009 - taiidandebris3 is NOT enabled for client prediction
12-06-23_21-26-33-010 - taiidandebris4 is NOT enabled for client prediction
12-06-23_21-26-33-013 - Taiidani Interceptor is NOT enabled for client prediction
12-06-23_21-26-33-013 - Taiidani Interceptor has large largeCollisionSize: 10 meters
12-06-23_21-26-33-013 - Taiidan Interceptor Attack is NOT enabled for client prediction
12-06-23_21-26-33-014 - Taiidan Interceptor Missile Attack is NOT enabled for client prediction
12-06-23_21-26-33-014 - taiidandebris1 is NOT enabled for client prediction
12-06-23_21-26-33-015 - taiidandebris2 is NOT enabled for client prediction
12-06-23_21-26-33-015 - taiidandebris3 is NOT enabled for client prediction
12-06-23_21-26-33-016 - taiidandebris4 is NOT enabled for client prediction
12-06-23_21-26-33-019 - Taiidani Bomber is NOT enabled for client prediction
12-06-23_21-26-33-019 - Taiidani Bomber has large largeCollisionSize: 10 meters
12-06-23_21-26-33-019 - Taiidan Bomber Attack is NOT enabled for client prediction
12-06-23_21-26-33-020 - taiidandebris1 is NOT enabled for client prediction
12-06-23_21-26-33-020 - taiidandebris2 is NOT enabled for client prediction
12-06-23_21-26-33-021 - taiidandebris3 is NOT enabled for client prediction
12-06-23_21-26-33-021 - taiidandebris4 is NOT enabled for client prediction
12-06-23_21-26-33-024 - Taiidani Interceptor is NOT enabled for client prediction
12-06-23_21-26-33-024 - Taiidani Interceptor has large largeCollisionSize: 10 meters
12-06-23_21-26-33-025 - Taiidan Interceptor Attack is NOT enabled for client prediction
12-06-23_21-26-33-025 - Taiidan Interceptor Missile Attack is NOT enabled for client prediction
12-06-23_21-26-33-025 - taiidandebris1 is NOT enabled for client prediction
12-06-23_21-26-33-026 - taiidandebris2 is NOT enabled for client prediction
12-06-23_21-26-33-026 - taiidandebris3 is NOT enabled for client prediction
12-06-23_21-26-33-027 - taiidandebris4 is NOT enabled for client prediction
12-06-23_21-26-33-029 - Taiidani Bomber is NOT enabled for client prediction
12-06-23_21-26-33-029 - Taiidani Bomber has large largeCollisionSize: 10 meters
12-06-23_21-26-33-030 - Taiidan Bomber Attack is NOT enabled for client prediction
12-06-23_21-26-33-030 - taiidandebris1 is NOT enabled for client prediction
12-06-23_21-26-33-046 - taiidandebris2 is NOT enabled for client prediction
12-06-23_21-26-33-046 - taiidandebris3 is NOT enabled for client prediction
12-06-23_21-26-33-047 - taiidandebris4 is NOT enabled for client prediction
12-06-23_21-26-33-050 - Taiidani Bomber is NOT enabled for client prediction
12-06-23_21-26-33-050 - Taiidani Bomber has large largeCollisionSize: 10 meters
12-06-23_21-26-33-050 - Taiidan Bomber Attack is NOT enabled for client prediction
12-06-23_21-26-33-050 - taiidandebris1 is NOT enabled for client prediction
12-06-23_21-26-33-050 - taiidandebris2 is NOT enabled for client prediction
12-06-23_21-26-33-051 - taiidandebris3 is NOT enabled for client prediction
12-06-23_21-26-33-051 - taiidandebris4 is NOT enabled for client prediction
12-06-23_21-26-33-054 - Taiidani Bomber is NOT enabled for client prediction
12-06-23_21-26-33-054 - Taiidani Bomber has large largeCollisionSize: 10 meters
12-06-23_21-26-33-054 - Taiidan Bomber Attack is NOT enabled for client prediction
12-06-23_21-26-33-055 - taiidandebris1 is NOT enabled for client prediction
12-06-23_21-26-33-055 - taiidandebris2 is NOT enabled for client prediction
12-06-23_21-26-33-055 - taiidandebris3 is NOT enabled for client prediction
12-06-23_21-26-33-056 - taiidandebris4 is NOT enabled for client prediction
12-06-23_21-26-33-059 - Taiidani Interceptor is NOT enabled for client prediction
12-06-23_21-26-33-059 - Taiidani Interceptor has large largeCollisionSize: 10 meters
12-06-23_21-26-33-059 - Taiidan Interceptor Attack is NOT enabled for client prediction
12-06-23_21-26-33-059 - Taiidan Interceptor Missile Attack is NOT enabled for client prediction
12-06-23_21-26-33-060 - taiidandebris1 is NOT enabled for client prediction
12-06-23_21-26-33-061 - taiidandebris2 is NOT enabled for client prediction
12-06-23_21-26-33-061 - taiidandebris3 is NOT enabled for client prediction
12-06-23_21-26-33-062 - taiidandebris4 is NOT enabled for client prediction
12-06-23_21-26-33-067 - banshee shot main is NOT enabled for client prediction
12-06-23_21-26-33-067 - banshee shot Acceleration is NOT enabled for client prediction
12-06-23_21-26-33-068 - banshee plasma shot Acceleration is NOT enabled for client prediction
12-06-23_21-26-33-075 - longsword shot main is NOT enabled for client prediction
12-06-23_21-26-33-075 - longsword napalm base is NOT enabled for client prediction
12-06-23_21-26-33-076 - longsword napalm timespawn is NOT enabled for client prediction
12-06-23_21-26-33-076 - longsword napalm frag is NOT enabled for client prediction
12-06-23_21-26-33-078 - Longsword Nuke Acceleration is NOT enabled for client prediction
12-06-23_21-26-33-085 - Longsword Nuke Terminal is NOT enabled for client prediction
12-06-23_21-26-33-085 - Longsword Nuke Frag is NOT enabled for client prediction
12-06-23_21-26-33-228 - SubterraneanSun is NOT enabled for client prediction
12-06-23_21-26-33-229 - SubterraneanSunStage2 is NOT enabled for client prediction
12-06-23_21-26-33-229 - SubterraneanSunStage2SuccParticleInvis is NOT enabled for client prediction
12-06-23_21-26-33-229 - SubterraneanSunStage2SuccParticleVisible is NOT enabled for client prediction
12-06-23_21-26-33-229 - SubterraneanSunStage2EWARTimespawn is NOT enabled for client prediction
12-06-23_21-26-33-229 - SubterraneanSunStage2EWARTimespawn has large largeCollisionSize: 5.5 meters
12-06-23_21-26-33-229 - SubterraneanSunStage2EWARPattern is NOT enabled for client prediction
12-06-23_21-26-33-229 - SubterraneanSunStage2EWARPattern has large largeCollisionSize: 5.5 meters
12-06-23_21-26-33-234 - Davy Crockett is NOT enabled for client prediction
12-06-23_21-26-33-234 - Davy Crockett Acceleration is NOT enabled for client prediction
12-06-23_21-26-33-234 - Davy Crockett Terminal is NOT enabled for client prediction
12-06-23_21-26-33-234 - Davy Crockett Frag is NOT enabled for client prediction
12-06-23_21-26-33-235 - Davy_Flare is NOT enabled for client prediction
12-06-23_21-26-33-235 - Davy Crockett Smart is NOT enabled for client prediction
12-06-23_21-26-33-235 - Davy Crockett Acceleration Smart is NOT enabled for client prediction
12-06-23_21-26-33-235 - OPA Heavy Torp LockTone is NOT enabled for client prediction
12-06-23_21-26-33-236 - OPA Heavy Torp LockTone Terminal is NOT enabled for client prediction
12-06-23_21-26-33-237 - Bullet_AMS is NOT enabled for client prediction
12-06-23_21-26-33-237 - Bullet_AMS_AOE is NOT enabled for client prediction
12-06-23_21-26-33-237 - Bullet_AMS_AOE_2 is NOT enabled for client prediction
12-06-23_21-26-33-238 - Ball Bullet AMS is NOT enabled for client prediction
12-06-23_21-26-33-238 - Ball_Turret_Frag is NOT enabled for client prediction
12-06-23_21-26-33-241 - MCRN Heavy Torp Launch is NOT enabled for client prediction
12-06-23_21-26-33-241 - MCRN Heavy Torp Acceleration is NOT enabled for client prediction
12-06-23_21-26-33-242 - MCRN Heavy Torp Terminal is NOT enabled for client prediction
12-06-23_21-26-33-242 - MCRN Heavy Torp Frag is NOT enabled for client prediction
12-06-23_21-26-33-244 - UNN Heavy Torp Launch is NOT enabled for client prediction
12-06-23_21-26-33-245 - UNN Heavy Torp Acceleration is NOT enabled for client prediction
12-06-23_21-26-33-245 - UNN Heavy Torp Terminal is NOT enabled for client prediction
12-06-23_21-26-33-245 - UNN Heavy Torp Frag is NOT enabled for client prediction
12-06-23_21-26-33-248 - LRM is NOT enabled for client prediction
12-06-23_21-26-33-253 - Mod_LRM_Terminal is NOT enabled for client prediction
12-06-23_21-26-33-253 - Mod_LRM_Fragment_Detonation is NOT enabled for client prediction
12-06-23_21-26-33-255 - LRM is NOT enabled for client prediction
12-06-23_21-26-33-255 - Mod_LRM_Terminal is NOT enabled for client prediction
12-06-23_21-26-33-255 - Mod_LRM_Fragment_Detonation is NOT enabled for client prediction
12-06-23_21-26-33-257 - LRM is NOT enabled for client prediction
12-06-23_21-26-33-257 - Mod_LRM_Terminal is NOT enabled for client prediction
12-06-23_21-26-33-258 - Mod_LRM_Fragment_Detonation is NOT enabled for client prediction
12-06-23_21-26-33-259 - LRM is NOT enabled for client prediction
12-06-23_21-26-33-259 - Mod_LRM_Terminal is NOT enabled for client prediction
12-06-23_21-26-33-260 - Mod_LRM_Fragment_Detonation is NOT enabled for client prediction
12-06-23_21-26-33-261 - MRM is NOT enabled for client prediction
12-06-23_21-26-33-261 - MRM_2ndStage is NOT enabled for client prediction
12-06-23_21-26-33-263 - MRM is NOT enabled for client prediction
12-06-23_21-26-33-263 - MRM_2ndStage is NOT enabled for client prediction
12-06-23_21-26-33-264 - MRM is NOT enabled for client prediction
12-06-23_21-26-33-265 - MRM_2ndStage is NOT enabled for client prediction
12-06-23_21-26-33-266 - MRM is NOT enabled for client prediction
12-06-23_21-26-33-266 - MRM_2ndStage is NOT enabled for client prediction
12-06-23_21-26-33-269 - SSRM is NOT enabled for client prediction
12-06-23_21-26-33-269 - SRM_Acceleration is NOT enabled for client prediction
12-06-23_21-26-33-269 - SRM_Detonation is NOT enabled for client prediction
12-06-23_21-26-33-273 - ERPPC_EWAR is NOT enabled for client prediction
12-06-23_21-26-33-274 - RWR_P_Fake is NOT enabled for client prediction
12-06-23_21-26-33-274 - RWR_P_Fake is NOT enabled for client prediction
12-06-23_21-26-33-277 - Flare is NOT enabled for client prediction
12-06-23_21-26-33-277 - FlarePulse is NOT enabled for client prediction
12-06-23_21-26-33-278 - 20mm High Velocity is NOT enabled for client prediction
12-06-23_21-26-33-278 - PDC_Bullet_AOE is NOT enabled for client prediction
12-06-23_21-26-33-279 - 20mm High Velocity is NOT enabled for client prediction
12-06-23_21-26-33-279 - PDC_Bullet_AOE is NOT enabled for client prediction
12-06-23_21-26-33-280 - 20mm High Velocity is NOT enabled for client prediction
12-06-23_21-26-33-280 - PDC_Bullet_AOE is NOT enabled for client prediction
12-06-23_21-26-33-281 - 20mm High Velocity is NOT enabled for client prediction
12-06-23_21-26-33-281 - PDC_Bullet_AOE is NOT enabled for client prediction
12-06-23_21-26-33-282 - 20mm High Velocity is NOT enabled for client prediction
12-06-23_21-26-33-282 - PDC_Bullet_AOE is NOT enabled for client prediction
12-06-23_21-26-33-283 - 40mm APHE Shell is NOT enabled for client prediction
12-06-23_21-26-33-302 - 80mm APHE Shell is NOT enabled for client prediction
12-06-23_21-26-33-303 - TurretedPulseLaser is NOT enabled for client prediction
12-06-23_21-26-33-304 - Light_Railgun_Slug is NOT enabled for client prediction
12-06-23_21-26-33-304 - Small_Railgun_Ammo_VFX1 is NOT enabled for client prediction
12-06-23_21-26-33-304 - Small_Railgun_Ammo_VFX2 is NOT enabled for client prediction
12-06-23_21-26-33-306 - Odin_Railgun_Slug is NOT enabled for client prediction
12-06-23_21-26-33-306 - Odin_Railgun_VFX1 is NOT enabled for client prediction
12-06-23_21-26-33-306 - Odin_Railgun_VFX2 is NOT enabled for client prediction
12-06-23_21-26-33-306 - Odin_Railgun_Frag is NOT enabled for client prediction
12-06-23_21-26-33-308 - 27-Inch HE is NOT enabled for client prediction
12-06-23_21-26-33-308 - HE_Fragment is NOT enabled for client prediction
12-06-23_21-26-33-308 - Distractor Shell is NOT enabled for client prediction
12-06-23_21-26-33-308 - Distractor Shell has 1293m grav drop at 1g.  'Gungir' Heavy Gun Turret needs Accurate/Advanced aim prediction to account for gravity.
12-06-23_21-26-33-308 - Thump_Flare_Travel is NOT enabled for client prediction
12-06-23_21-26-33-308 - Thump_Flare is NOT enabled for client prediction
12-06-23_21-26-33-310 - CoilGunAmmo is NOT enabled for client prediction
12-06-23_21-26-33-310 - CoilGunAmmo_VFX1 is NOT enabled for client prediction
12-06-23_21-26-33-310 - CoilGunAmmo_VFX2 is NOT enabled for client prediction
12-06-23_21-26-33-310 - CoilGunAmmo_VFX3 is NOT enabled for client prediction
12-06-23_21-26-33-311 - Plasma_Beam is NOT enabled for client prediction
12-06-23_21-26-33-311 - Hurricane APCBC is NOT enabled for client prediction
12-06-23_21-26-33-312 - H_APHE_Fragment is NOT enabled for client prediction
12-06-23_21-26-33-313 - High-Explosive Shell BC7 is NOT enabled for client prediction
12-06-23_21-26-33-313 - BC7_HE_Fragment is NOT enabled for client prediction
12-06-23_21-26-33-313 - High-Velocity AP BC7 is NOT enabled for client prediction
12-06-23_21-26-33-314 - High-Explosive Shell BC7 is NOT enabled for client prediction
12-06-23_21-26-33-314 - BC7_HE_Fragment is NOT enabled for client prediction
12-06-23_21-26-33-314 - High-Velocity AP BC7 is NOT enabled for client prediction
12-06-23_21-26-33-315 - High-Explosive Shell BC5 is NOT enabled for client prediction
12-06-23_21-26-33-315 - BC5_HE_Fragment is NOT enabled for client prediction
12-06-23_21-26-33-315 - High Velocity AP BC5 is NOT enabled for client prediction
12-06-23_21-26-33-316 - High-Explosive Shell BC5 is NOT enabled for client prediction
12-06-23_21-26-33-316 - BC5_HE_Fragment is NOT enabled for client prediction
12-06-23_21-26-33-317 - High Velocity AP BC5 is NOT enabled for client prediction
12-06-23_21-26-33-318 - High-Explosive Shell BC3 is NOT enabled for client prediction
12-06-23_21-26-33-318 - BC3_HE_Fragment is NOT enabled for client prediction
12-06-23_21-26-33-318 - Armor-Penetrator Shell BC3 is NOT enabled for client prediction
12-06-23_21-26-33-319 - High-Explosive Shell BC3 is NOT enabled for client prediction
12-06-23_21-26-33-319 - BC3_HE_Fragment is NOT enabled for client prediction
12-06-23_21-26-33-319 - Armor-Penetrator Shell BC3 is NOT enabled for client prediction
12-06-23_21-26-33-320 - Ammo 1 is NOT enabled for client prediction
12-06-23_21-26-33-320 - Mine_Static is NOT enabled for client prediction
12-06-23_21-26-33-322 - [========================]
12-06-23_21-26-33-323 - :::::['Loki' Utility Launcher]:::::
12-06-23_21-26-33-323 - AmmoMagazine: Energy
12-06-23_21-26-33-323 - AmmoRound: Vortex Torpedo
12-06-23_21-26-33-323 - InaccuracyScore: 100% | ShotAngle: 0  @: 3000m vs 10m Circle
12-06-23_21-26-33-323 - --------------------------
12-06-23_21-26-33-323 - Shots per second(w/Heat): 0.04 (0.04)
12-06-23_21-26-33-323 - Peak DPS: 3
12-06-23_21-26-33-323 - Effective DPS: 3 | without Inaccuracy: 3
12-06-23_21-26-33-323 - Base Damage DPS: 3
12-06-23_21-26-33-323 - Area Damage DPS: 0
12-06-23_21-26-33-323 - Explosive Dmg DPS: 0
12-06-23_21-26-33-323 - [=========== Ammo End =============]
12-06-23_21-26-33-323 - Vortex Torpedo is NOT enabled for client prediction
12-06-23_21-26-33-323 - Vortex_Effect_Frag is NOT enabled for client prediction
12-06-23_21-26-33-325 - Thor_Launch is NOT enabled for client prediction
12-06-23_21-26-33-325 - Thor_Travel is NOT enabled for client prediction
12-06-23_21-26-33-325 - Thor_Travel_2 is NOT enabled for client prediction
12-06-23_21-26-33-325 - Thor_Terminal is NOT enabled for client prediction
12-06-23_21-26-33-325 - Thor_Terminal_2 is NOT enabled for client prediction
12-06-23_21-26-33-327 - 80mm HE Shell is NOT enabled for client prediction
12-06-23_21-26-33-327 - 80mm HE Shell does not qualify for fixed weapon client reload verification
12-06-23_21-26-33-327 - 80mm AP Shell is NOT enabled for client prediction
12-06-23_21-26-33-327 - 80mm AP Shell does not qualify for fixed weapon client reload verification
12-06-23_21-26-33-327 - Phantom_Primary is NOT enabled for client prediction
12-06-23_21-26-33-327 - Phantom_Primary does not qualify for fixed weapon client reload verification
12-06-23_21-26-33-328 - Phantom_Secondary is NOT enabled for client prediction
12-06-23_21-26-33-328 - Phantom_Secondary does not qualify for fixed weapon client reload verification
12-06-23_21-26-33-328 - Fragment_Primary is NOT enabled for client prediction
12-06-23_21-26-33-328 - Fragment_Primary does not qualify for fixed weapon client reload verification
12-06-23_21-26-33-328 - Fragment_Secondary is NOT enabled for client prediction
12-06-23_21-26-33-328 - Fragment_Secondary does not qualify for fixed weapon client reload verification
12-06-23_21-26-33-330 - 60mm HE Shell is NOT enabled for client prediction
12-06-23_21-26-33-330 - 60mm AP Shell is NOT enabled for client prediction
12-06-23_21-26-33-331 - Pulse Laser is NOT enabled for client prediction
12-06-23_21-26-33-331 - Pulse Laser does not qualify for fixed weapon client reload verification
12-06-23_21-26-33-331 - Shield H. Pulse Laser is NOT enabled for client prediction
12-06-23_21-26-33-331 - Shield H. Pulse Laser does not qualify for fixed weapon client reload verification
12-06-23_21-26-33-332 - Light Pulse Laser is NOT enabled for client prediction
12-06-23_21-26-33-332 - Light Pulse Laser does not qualify for fixed weapon client reload verification
12-06-23_21-26-33-334 - 175mm Flak Shell is NOT enabled for client prediction
12-06-23_21-26-33-334 - 175mm HE Direct Fire is NOT enabled for client prediction
12-06-23_21-26-33-334 - HEShrapBase is NOT enabled for client prediction
12-06-23_21-26-33-334 - HEShrap is NOT enabled for client prediction
12-06-23_21-26-33-334 - Flak_Shell_Frag is NOT enabled for client prediction
12-06-23_21-26-33-334 - Flak Wall Test is NOT enabled for client prediction
12-06-23_21-26-33-334 - Canister_FragmentFF is NOT enabled for client prediction
12-06-23_21-26-33-335 - Plasma_Shot is NOT enabled for client prediction
12-06-23_21-26-33-336 - Fission_Beam_Primary is NOT enabled for client prediction
12-06-23_21-26-33-336 - Fission_Beam_Secondary is NOT enabled for client prediction
12-06-23_21-26-33-339 - BFG_Cannon_Primary is NOT enabled for client prediction
12-06-23_21-26-33-339 - C_HE_Fragment is NOT enabled for client prediction
12-06-23_21-26-33-339 - Ion_Beam is NOT enabled for client prediction
12-06-23_21-26-33-340 - Scattergun_Base is NOT enabled for client prediction
12-06-23_21-26-33-340 - Scattergun_Shot_2 is NOT enabled for client prediction
12-06-23_21-26-33-340 - Scattergun_Sabot is NOT enabled for client prediction
12-06-23_21-26-33-343 - SLAMMO is NOT enabled for client prediction
12-06-23_21-26-33-344 - SLAM Nuke Acceleration is NOT enabled for client prediction
12-06-23_21-26-33-345 - SLAM Nuke Terminal is NOT enabled for client prediction
12-06-23_21-26-33-345 - SLAM Nuke Frag is NOT enabled for client prediction
12-06-23_21-26-33-346 - MetalStormProj1 is NOT enabled for client prediction
12-06-23_21-26-33-349 - BALLER_bounce1 is NOT enabled for client prediction
12-06-23_21-26-33-349 - BALLER_bounce2 is NOT enabled for client prediction
12-06-23_21-26-33-350 - BALLER_bounce3 is NOT enabled for client prediction
12-06-23_21-26-33-350 - BALLER_bounce4 is NOT enabled for client prediction
12-06-23_21-26-33-350 - BALLER_bounce5 is NOT enabled for client prediction
12-06-23_21-26-33-350 - BALLER_bounce6 is NOT enabled for client prediction
12-06-23_21-26-33-350 - BALLER_bounce7 is NOT enabled for client prediction
12-06-23_21-26-33-350 - BALLER_bounce8 is NOT enabled for client prediction
12-06-23_21-26-33-350 - BALLER_bounce9 is NOT enabled for client prediction
12-06-23_21-26-33-350 - BALLER_bounce10 is NOT enabled for client prediction
12-06-23_21-26-33-351 - Afterburner_ammo_2 is NOT enabled for client prediction
12-06-23_21-26-33-351 - Afterburner_ammo_2 does not qualify for fixed weapon client reload verification
12-06-23_21-26-33-352 - Afterburner_ammo_2_SG is NOT enabled for client prediction
12-06-23_21-26-33-352 - Afterburner_ammo_2_SG does not qualify for fixed weapon client reload verification
12-06-23_21-26-33-353 - Afterburner_ammo_1 is NOT enabled for client prediction
12-06-23_21-26-33-353 - Afterburner_ammo_1 does not qualify for fixed weapon client reload verification
12-06-23_21-26-33-353 - Afterburner_ammo_3 is NOT enabled for client prediction
12-06-23_21-26-33-353 - Afterburner_ammo_3 does not qualify for fixed weapon client reload verification
12-06-23_21-26-33-354 - Afterburner_ammo_4 is NOT enabled for client prediction
12-06-23_21-26-33-354 - Afterburner_ammo_4 does not qualify for fixed weapon client reload verification
12-06-23_21-26-33-356 - DETPAK2 is NOT enabled for client prediction
12-06-23_21-26-33-357 - DETPAK2 is NOT enabled for client prediction
12-06-23_21-26-33-358 - DETPAK2 is NOT enabled for client prediction
12-06-23_21-26-33-359 - VanillaBulletAMS is NOT enabled for client prediction
12-06-23_21-26-33-359 - VanillaBulletAMS_AOE is NOT enabled for client prediction
12-06-23_21-26-33-361 - Mostly Guided Rocket is NOT enabled for client prediction
12-06-23_21-26-33-363 - Assault Cannon Shell is NOT enabled for client prediction
12-06-23_21-26-33-365 - Artillery Shell is NOT enabled for client prediction
12-06-23_21-26-33-368 - Crossfield Beam is NOT enabled for client prediction
12-06-23_21-26-33-368 - Crossfield Beam has large largeCollisionSize: 20 meters
12-06-23_21-26-33-368 - Crossfield Beam is NOT enabled for client prediction
12-06-23_21-26-33-368 - Crossfield Beam has large largeCollisionSize: 20 meters
12-06-23_21-26-33-369 - Crossfield Beam is NOT enabled for client prediction
12-06-23_21-26-33-369 - Crossfield Beam has large largeCollisionSize: 20 meters
12-06-23_21-26-33-369 - Crossfield Beam is NOT enabled for client prediction
12-06-23_21-26-33-369 - Crossfield Beam has large largeCollisionSize: 20 meters
12-06-23_21-26-33-371 - EsperShot is NOT enabled for client prediction
12-06-23_21-26-33-372 - Mammon Beam is NOT enabled for client prediction
12-06-23_21-26-33-372 - Mammon Beam has large largeCollisionSize: 20 meters
12-06-23_21-26-33-373 - Thanatos Round is NOT enabled for client prediction
12-06-23_21-26-33-374 - Thanatos Guided is NOT enabled for client prediction
12-06-23_21-26-33-374 - Thanatos UnGuided is NOT enabled for client prediction
12-06-23_21-26-33-375 - Standard is NOT enabled for client prediction
12-06-23_21-26-33-375 - Overload is NOT enabled for client prediction
12-06-23_21-26-33-376 - APHE 600mm is NOT enabled for client prediction
12-06-23_21-26-33-376 - 600mm Heavy Shell Frag is NOT enabled for client prediction
12-06-23_21-26-33-376 - HE 600mm is NOT enabled for client prediction
12-06-23_21-26-33-379 - Hunter Shrapnel is NOT enabled for client prediction
12-06-23_21-26-33-379 - Unlimited Power Hunter is NOT enabled for client prediction
12-06-23_21-26-33-380 - Unlimited Power Branch is NOT enabled for client prediction
12-06-23_21-26-33-380 - Unlimited Power Branch 1 is NOT enabled for client prediction
12-06-23_21-26-33-380 - Unlimited Power Branch 2 is NOT enabled for client prediction
12-06-23_21-26-33-381 - AP 70mm is NOT enabled for client prediction
12-06-23_21-26-33-382 - AP 70mm is NOT enabled for client prediction
12-06-23_21-26-33-385 - AryxRailgunAmmoFrag is NOT enabled for client prediction
12-06-23_21-26-33-385 - AryxRailgunAmmoFrag_Mag is NOT enabled for client prediction
12-06-23_21-26-33-388 - Zap is NOT enabled for client prediction
12-06-23_21-26-33-388 - Helios_Zap_Stage2 is NOT enabled for client prediction
12-06-23_21-26-33-388 - Helios_Zap_Stage3 is NOT enabled for client prediction
12-06-23_21-26-33-389 - Helios_Zap_Stage4 is NOT enabled for client prediction
12-06-23_21-26-33-389 - Bap is NOT enabled for client prediction
12-06-23_21-26-33-389 - Helios_Stage2 is NOT enabled for client prediction
12-06-23_21-26-33-389 - Helios_Stage3 is NOT enabled for client prediction
12-06-23_21-26-33-389 - Helios_Stage4 is NOT enabled for client prediction
12-06-23_21-26-33-390 - Repeating is NOT enabled for client prediction
12-06-23_21-26-33-390 - AryxRailgunAmmoFrag_Mag is NOT enabled for client prediction
12-06-23_21-26-33-390 - Hitscan_Artemis_Frag is NOT enabled for client prediction
12-06-23_21-26-33-397 - Pyroacid_ammo is NOT enabled for client prediction
12-06-23_21-26-33-397 - Pyroacid_guided_ammo is NOT enabled for client prediction
12-06-23_21-26-33-397 - Pyroacid_splash_ammo is NOT enabled for client prediction
12-06-23_21-26-33-397 - Pyroacid_splash2_ammo is NOT enabled for client prediction
12-06-23_21-26-33-400 - HeavyPyroacid_ammo is NOT enabled for client prediction
12-06-23_21-26-33-400 - HeavyPyroacid_guided_ammo is NOT enabled for client prediction
12-06-23_21-26-33-400 - HeavyPyroacid_splash_ammo is NOT enabled for client prediction
12-06-23_21-26-33-400 - HeavyPyroacid_splash2_ammo is NOT enabled for client prediction
12-06-23_21-26-33-402 - Bioplasma_ammo is NOT enabled for client prediction
12-06-23_21-26-33-402 - Bioplasma_ammo_splash is NOT enabled for client prediction
12-06-23_21-26-33-449 - Hivedrone_ammo_launch is NOT enabled for client prediction
12-06-23_21-26-33-457 - Hivedrone_ammo is NOT enabled for client prediction
12-06-23_21-26-33-457 - Hivedrone_ammo_half is NOT enabled for client prediction
12-06-23_21-26-33-458 - Hivedrone_ammo_quarter is NOT enabled for client prediction
12-06-23_21-26-33-458 - Hivedrone_ammo_eighth is NOT enabled for client prediction
12-06-23_21-26-33-459 - Hivedrone_ammo_sixteenth is NOT enabled for client prediction
12-06-23_21-26-33-459 - Hivedrone_ammo_lunge is NOT enabled for client prediction
12-06-23_21-26-33-510 - Bioplasma_Hivedrone_ammo_launch is NOT enabled for client prediction
12-06-23_21-26-33-514 - Bioplasma_Hivedrone_ammo is NOT enabled for client prediction
12-06-23_21-26-33-514 - BioplasmaHivedrone_ammo_plasma is NOT enabled for client prediction
12-06-23_21-26-33-514 - BioplasmaHivedrone_ammo_lunge is NOT enabled for client prediction
12-06-23_21-26-33-528 - Particle is NOT enabled for client prediction
12-06-23_21-26-33-528 - Ammo 2 is NOT enabled for client prediction
12-06-23_21-26-33-530 - Particle is NOT enabled for client prediction
12-06-23_21-26-33-530 - Ammo 2 is NOT enabled for client prediction
12-06-23_21-26-35-738 - WC Version: 27
12-06-23_21-28-47-234 - Logging stopped.
