12-06-23_21-33-47-633 - Logging Started
21-34-57-430 - (NINFO) - <ClientAiAdd> packets:[2] dataTransfer:[44] validPackets:[2] invalidPackets:[0] serverReceive:[2(True)] clientReceive:[0] unknownReceive:[0]
21-36-57-507 - (NINFO) - <ActiveControlUpdate> packets:[2] dataTransfer:[52] validPackets:[2] invalidPackets:[0] serverReceive:[2(True)] clientReceive:[0] unknownReceive:[0]
21-36-57-508 - (NINFO) - <ClientAiAdd> packets:[4] dataTransfer:[88] validPackets:[4] invalidPackets:[0] serverReceive:[4(True)] clientReceive:[0] unknownReceive:[0]
21-36-57-508 - (NINFO) - <ClientAiRemove> packets:[2] dataTransfer:[44] validPackets:[2] invalidPackets:[0] serverReceive:[2(True)] clientReceive:[0] unknownReceive:[0]
21-37-57-827 - (NINFO) - <ActiveControlUpdate> packets:[1] dataTransfer:[26] validPackets:[1] invalidPackets:[0] serverReceive:[1(True)] clientReceive:[0] unknownReceive:[0]
21-37-57-828 - (NINFO) - <ReticleUpdate> packets:[7] dataTransfer:[182] validPackets:[7] invalidPackets:[0] serverReceive:[7(True)] clientReceive:[0] unknownReceive:[0]
21-37-57-828 - (NINFO) - <ClientAiAdd> packets:[4] dataTransfer:[88] validPackets:[4] invalidPackets:[0] serverReceive:[4(True)] clientReceive:[0] unknownReceive:[0]
21-37-57-828 - (NINFO) - <ClientAiRemove> packets:[2] dataTransfer:[44] validPackets:[2] invalidPackets:[0] serverReceive:[2(True)] clientReceive:[0] unknownReceive:[0]
21-37-57-828 - (NINFO) - <PlayerControlRequest> packets:[6] dataTransfer:[222] validPackets:[6] invalidPackets:[0] serverReceive:[6(True)] clientReceive:[0] unknownReceive:[0]
21-37-57-828 - (NINFO) - <TerminalMonitor> packets:[2] dataTransfer:[54] validPackets:[2] invalidPackets:[0] serverReceive:[2(True)] clientReceive:[0] unknownReceive:[0]
21-37-57-828 - (NINFO) - <ShootSync> packets:[2] dataTransfer:[64] validPackets:[2] invalidPackets:[0] serverReceive:[2(True)] clientReceive:[0] unknownReceive:[0]
21-38-57-827 - (NINFO) - <ActiveControlUpdate> packets:[2] dataTransfer:[52] validPackets:[2] invalidPackets:[0] serverReceive:[2(True)] clientReceive:[0] unknownReceive:[0]
21-38-57-827 - (NINFO) - <ReticleUpdate> packets:[4] dataTransfer:[104] validPackets:[4] invalidPackets:[0] serverReceive:[4(True)] clientReceive:[0] unknownReceive:[0]
21-38-57-827 - (NINFO) - <ClientAiAdd> packets:[4] dataTransfer:[88] validPackets:[4] invalidPackets:[0] serverReceive:[4(True)] clientReceive:[0] unknownReceive:[0]
21-38-57-827 - (NINFO) - <ClientAiRemove> packets:[2] dataTransfer:[44] validPackets:[2] invalidPackets:[0] serverReceive:[2(True)] clientReceive:[0] unknownReceive:[0]
21-38-57-827 - (NINFO) - <PlayerControlRequest> packets:[4] dataTransfer:[148] validPackets:[4] invalidPackets:[0] serverReceive:[4(True)] clientReceive:[0] unknownReceive:[0]
21-39-00-980 - [PaintedTargetUpdate - PacketError] - Ai not found, is marked:False, has root:True: False - 
21-39-00-980 - [PaintedTargetUpdate - PacketError] - Ai not found, is marked:False, has root:True: False - 
21-39-57-827 - (NINFO) - <PaintedTargetUpdate> packets:[1] dataTransfer:[44] validPackets:[0] invalidPackets:[1] serverReceive:[1(True)] clientReceive:[0] unknownReceive:[0]
21-39-57-827 - (NINFO) - <ActiveControlUpdate> packets:[4] dataTransfer:[104] validPackets:[4] invalidPackets:[0] serverReceive:[4(True)] clientReceive:[0] unknownReceive:[0]
21-39-57-827 - (NINFO) - <ReticleUpdate> packets:[8] dataTransfer:[208] validPackets:[8] invalidPackets:[0] serverReceive:[8(True)] clientReceive:[0] unknownReceive:[0]
21-39-57-827 - (NINFO) - <ReleaseActiveUpdate> packets:[4] dataTransfer:[112] validPackets:[4] invalidPackets:[0] serverReceive:[4(True)] clientReceive:[0] unknownReceive:[0]
21-39-57-827 - (NINFO) - <TerminalMonitor> packets:[4] dataTransfer:[108] validPackets:[4] invalidPackets:[0] serverReceive:[4(True)] clientReceive:[0] unknownReceive:[0]
21-39-57-827 - (NINFO) - <ShootSync> packets:[4] dataTransfer:[128] validPackets:[4] invalidPackets:[0] serverReceive:[4(True)] clientReceive:[0] unknownReceive:[0]
21-40-57-827 - (NINFO) - <OverRidesUpdate> packets:[22] dataTransfer:[894] validPackets:[22] invalidPackets:[0] serverReceive:[22(True)] clientReceive:[0] unknownReceive:[0]
21-40-57-828 - (NINFO) - <ActiveControlUpdate> packets:[3] dataTransfer:[78] validPackets:[3] invalidPackets:[0] serverReceive:[3(True)] clientReceive:[0] unknownReceive:[0]
21-40-57-828 - (NINFO) - <ReticleUpdate> packets:[4] dataTransfer:[104] validPackets:[4] invalidPackets:[0] serverReceive:[4(True)] clientReceive:[0] unknownReceive:[0]
21-40-57-828 - (NINFO) - <PlayerControlRequest> packets:[10] dataTransfer:[370] validPackets:[10] invalidPackets:[0] serverReceive:[10(True)] clientReceive:[0] unknownReceive:[0]
21-40-57-828 - (NINFO) - <TerminalMonitor> packets:[18] dataTransfer:[486] validPackets:[18] invalidPackets:[0] serverReceive:[18(True)] clientReceive:[0] unknownReceive:[0]
21-41-57-828 - (NINFO) - <OverRidesUpdate> packets:[22] dataTransfer:[836] validPackets:[22] invalidPackets:[0] serverReceive:[22(True)] clientReceive:[0] unknownReceive:[0]
21-41-57-828 - (NINFO) - <ActiveControlUpdate> packets:[2] dataTransfer:[52] validPackets:[2] invalidPackets:[0] serverReceive:[2(True)] clientReceive:[0] unknownReceive:[0]
21-41-57-828 - (NINFO) - <FocusUpdate> packets:[1] dataTransfer:[36] validPackets:[1] invalidPackets:[0] serverReceive:[1(True)] clientReceive:[0] unknownReceive:[0]
21-41-57-828 - (NINFO) - <ReticleUpdate> packets:[15] dataTransfer:[390] validPackets:[15] invalidPackets:[0] serverReceive:[15(True)] clientReceive:[0] unknownReceive:[0]
21-41-57-828 - (NINFO) - <TerminalMonitor> packets:[12] dataTransfer:[324] validPackets:[12] invalidPackets:[0] serverReceive:[12(True)] clientReceive:[0] unknownReceive:[0]
21-41-57-828 - (NINFO) - <ShootSync> packets:[6] dataTransfer:[192] validPackets:[6] invalidPackets:[0] serverReceive:[6(True)] clientReceive:[0] unknownReceive:[0]
21-41-57-828 - (NINFO) - <ClientReady> packets:[1] dataTransfer:[27] validPackets:[1] invalidPackets:[0] serverReceive:[1(True)] clientReceive:[0] unknownReceive:[0]
21-42-06-027 - [PaintedTargetUpdate - PacketError] - Ai not found, is marked:False, has root:True: False - 
21-42-06-027 - [PaintedTargetUpdate - PacketError] - Ai not found, is marked:False, has root:True: False - 
21-42-06-510 - [PaintedTargetUpdate - PacketError] - Ai not found, is marked:False, has root:True: False - 
21-42-06-510 - [PaintedTargetUpdate - PacketError] - Ai not found, is marked:False, has root:True: False - 
21-42-06-694 - [PaintedTargetUpdate - PacketError] - Ai not found, is marked:False, has root:True: False - 
21-42-06-694 - [PaintedTargetUpdate - PacketError] - Ai not found, is marked:False, has root:True: False - 
21-42-06-860 - [PaintedTargetUpdate - PacketError] - Ai not found, is marked:False, has root:True: False - 
21-42-06-861 - [PaintedTargetUpdate - PacketError] - Ai not found, is marked:False, has root:True: False - 
21-42-06-977 - [PaintedTargetUpdate - PacketError] - Ai not found, is marked:False, has root:True: False - 
21-42-06-977 - [PaintedTargetUpdate - PacketError] - Ai not found, is marked:False, has root:True: False - 
21-42-58-002 - (NINFO) - <PaintedTargetUpdate> packets:[5] dataTransfer:[220] validPackets:[0] invalidPackets:[5] serverReceive:[5(True)] clientReceive:[0] unknownReceive:[0]
21-42-58-002 - (NINFO) - <ActiveControlUpdate> packets:[2] dataTransfer:[52] validPackets:[2] invalidPackets:[0] serverReceive:[2(True)] clientReceive:[0] unknownReceive:[0]
21-42-58-002 - (NINFO) - <FocusUpdate> packets:[35] dataTransfer:[1260] validPackets:[35] invalidPackets:[0] serverReceive:[35(True)] clientReceive:[0] unknownReceive:[0]
21-42-58-002 - (NINFO) - <ReticleUpdate> packets:[20] dataTransfer:[520] validPackets:[20] invalidPackets:[0] serverReceive:[20(True)] clientReceive:[0] unknownReceive:[0]
21-42-58-002 - (NINFO) - <ClientAiAdd> packets:[4] dataTransfer:[88] validPackets:[4] invalidPackets:[0] serverReceive:[4(True)] clientReceive:[0] unknownReceive:[0]
21-42-58-002 - (NINFO) - <ClientAiRemove> packets:[1] dataTransfer:[22] validPackets:[1] invalidPackets:[0] serverReceive:[1(True)] clientReceive:[0] unknownReceive:[0]
21-42-58-002 - (NINFO) - <ReleaseActiveUpdate> packets:[21] dataTransfer:[588] validPackets:[21] invalidPackets:[0] serverReceive:[21(True)] clientReceive:[0] unknownReceive:[0]
21-42-58-002 - (NINFO) - <FixedWeaponHitEvent> packets:[12] dataTransfer:[1296] validPackets:[12] invalidPackets:[0] serverReceive:[12(True)] clientReceive:[0] unknownReceive:[0]
21-42-58-002 - (NINFO) - <TerminalMonitor> packets:[6162] dataTransfer:[166374] validPackets:[6162] invalidPackets:[0] serverReceive:[6162(True)] clientReceive:[0] unknownReceive:[0]
21-43-58-501 - (NINFO) - <OverRidesUpdate> packets:[8] dataTransfer:[304] validPackets:[8] invalidPackets:[0] serverReceive:[8(True)] clientReceive:[0] unknownReceive:[0]
21-43-58-501 - (NINFO) - <ReticleUpdate> packets:[108] dataTransfer:[2808] validPackets:[108] invalidPackets:[0] serverReceive:[108(True)] clientReceive:[0] unknownReceive:[0]
21-43-58-501 - (NINFO) - <ReleaseActiveUpdate> packets:[2] dataTransfer:[56] validPackets:[2] invalidPackets:[0] serverReceive:[2(True)] clientReceive:[0] unknownReceive:[0]
21-43-58-501 - (NINFO) - <PlayerControlRequest> packets:[3] dataTransfer:[111] validPackets:[3] invalidPackets:[0] serverReceive:[3(True)] clientReceive:[0] unknownReceive:[0]
21-43-58-501 - (NINFO) - <FixedWeaponHitEvent> packets:[53] dataTransfer:[5724] validPackets:[53] invalidPackets:[0] serverReceive:[53(True)] clientReceive:[0] unknownReceive:[0]
21-43-58-502 - (NINFO) - <TerminalMonitor> packets:[21736] dataTransfer:[586872] validPackets:[21736] invalidPackets:[0] serverReceive:[21736(True)] clientReceive:[0] unknownReceive:[0]
21-43-58-502 - (NINFO) - <ShootSync> packets:[61] dataTransfer:[1945] validPackets:[61] invalidPackets:[0] serverReceive:[61(True)] clientReceive:[0] unknownReceive:[0]
21-43-58-502 - (NINFO) - <ClientReady> packets:[8] dataTransfer:[216] validPackets:[8] invalidPackets:[0] serverReceive:[8(True)] clientReceive:[0] unknownReceive:[0]
21-44-58-501 - (NINFO) - <OverRidesUpdate> packets:[11] dataTransfer:[418] validPackets:[11] invalidPackets:[0] serverReceive:[11(True)] clientReceive:[0] unknownReceive:[0]
21-44-58-502 - (NINFO) - <FocusUpdate> packets:[4] dataTransfer:[144] validPackets:[4] invalidPackets:[0] serverReceive:[4(True)] clientReceive:[0] unknownReceive:[0]
21-44-58-502 - (NINFO) - <ReticleUpdate> packets:[104] dataTransfer:[2704] validPackets:[104] invalidPackets:[0] serverReceive:[104(True)] clientReceive:[0] unknownReceive:[0]
21-44-58-502 - (NINFO) - <ReleaseActiveUpdate> packets:[1] dataTransfer:[28] validPackets:[1] invalidPackets:[0] serverReceive:[1(True)] clientReceive:[0] unknownReceive:[0]
21-44-58-502 - (NINFO) - <PlayerControlRequest> packets:[3] dataTransfer:[111] validPackets:[3] invalidPackets:[0] serverReceive:[3(True)] clientReceive:[0] unknownReceive:[0]
21-44-58-502 - (NINFO) - <FixedWeaponHitEvent> packets:[30] dataTransfer:[3240] validPackets:[30] invalidPackets:[0] serverReceive:[30(True)] clientReceive:[0] unknownReceive:[0]
21-44-58-503 - (NINFO) - <TerminalMonitor> packets:[39590] dataTransfer:[1068930] validPackets:[39590] invalidPackets:[0] serverReceive:[39590(True)] clientReceive:[0] unknownReceive:[0]
21-44-58-503 - (NINFO) - <ShootSync> packets:[108] dataTransfer:[3456] validPackets:[108] invalidPackets:[0] serverReceive:[108(True)] clientReceive:[0] unknownReceive:[0]
21-44-58-503 - (NINFO) - <ClientReady> packets:[10] dataTransfer:[270] validPackets:[10] invalidPackets:[0] serverReceive:[10(True)] clientReceive:[0] unknownReceive:[0]
21-45-58-501 - (NINFO) - <OverRidesUpdate> packets:[6] dataTransfer:[228] validPackets:[6] invalidPackets:[0] serverReceive:[6(True)] clientReceive:[0] unknownReceive:[0]
21-45-58-501 - (NINFO) - <ReticleUpdate> packets:[100] dataTransfer:[2600] validPackets:[100] invalidPackets:[0] serverReceive:[100(True)] clientReceive:[0] unknownReceive:[0]
21-45-58-501 - (NINFO) - <FixedWeaponHitEvent> packets:[47] dataTransfer:[5076] validPackets:[47] invalidPackets:[0] serverReceive:[47(True)] clientReceive:[0] unknownReceive:[0]
21-45-58-502 - (NINFO) - <TerminalMonitor> packets:[40006] dataTransfer:[1080162] validPackets:[40006] invalidPackets:[0] serverReceive:[40006(True)] clientReceive:[0] unknownReceive:[0]
21-45-58-502 - (NINFO) - <ShootSync> packets:[96] dataTransfer:[3073] validPackets:[96] invalidPackets:[0] serverReceive:[96(True)] clientReceive:[0] unknownReceive:[0]
21-45-58-502 - (NINFO) - <ClientReady> packets:[12] dataTransfer:[324] validPackets:[12] invalidPackets:[0] serverReceive:[12(True)] clientReceive:[0] unknownReceive:[0]
21-46-58-501 - (NINFO) - <ActiveControlUpdate> packets:[1] dataTransfer:[26] validPackets:[1] invalidPackets:[0] serverReceive:[1(True)] clientReceive:[0] unknownReceive:[0]
21-46-58-501 - (NINFO) - <FocusUpdate> packets:[3] dataTransfer:[108] validPackets:[3] invalidPackets:[0] serverReceive:[3(True)] clientReceive:[0] unknownReceive:[0]
21-46-58-501 - (NINFO) - <ReticleUpdate> packets:[7] dataTransfer:[182] validPackets:[7] invalidPackets:[0] serverReceive:[7(True)] clientReceive:[0] unknownReceive:[0]
21-46-58-501 - (NINFO) - <ReleaseActiveUpdate> packets:[2] dataTransfer:[56] validPackets:[2] invalidPackets:[0] serverReceive:[2(True)] clientReceive:[0] unknownReceive:[0]
21-46-58-501 - (NINFO) - <FixedWeaponHitEvent> packets:[54] dataTransfer:[5832] validPackets:[54] invalidPackets:[0] serverReceive:[54(True)] clientReceive:[0] unknownReceive:[0]
21-46-58-502 - (NINFO) - <TerminalMonitor> packets:[21676] dataTransfer:[585252] validPackets:[21676] invalidPackets:[0] serverReceive:[21676(True)] clientReceive:[0] unknownReceive:[0]
21-46-58-502 - (NINFO) - <ShootSync> packets:[36] dataTransfer:[1150] validPackets:[36] invalidPackets:[0] serverReceive:[36(True)] clientReceive:[0] unknownReceive:[0]
21-46-58-502 - (NINFO) - <ClientReady> packets:[7] dataTransfer:[189] validPackets:[7] invalidPackets:[0] serverReceive:[7(True)] clientReceive:[0] unknownReceive:[0]
21-47-58-502 - (NINFO) - <ActiveControlUpdate> packets:[3] dataTransfer:[78] validPackets:[3] invalidPackets:[0] serverReceive:[3(True)] clientReceive:[0] unknownReceive:[0]
21-47-58-502 - (NINFO) - <ReticleUpdate> packets:[32] dataTransfer:[832] validPackets:[32] invalidPackets:[0] serverReceive:[32(True)] clientReceive:[0] unknownReceive:[0]
21-47-58-502 - (NINFO) - <ClientAiAdd> packets:[2] dataTransfer:[44] validPackets:[2] invalidPackets:[0] serverReceive:[2(True)] clientReceive:[0] unknownReceive:[0]
21-47-58-502 - (NINFO) - <ClientAiRemove> packets:[2] dataTransfer:[44] validPackets:[2] invalidPackets:[0] serverReceive:[2(True)] clientReceive:[0] unknownReceive:[0]
21-47-58-502 - (NINFO) - <ReleaseActiveUpdate> packets:[6] dataTransfer:[168] validPackets:[6] invalidPackets:[0] serverReceive:[6(True)] clientReceive:[0] unknownReceive:[0]
21-47-58-502 - (NINFO) - <TerminalMonitor> packets:[942] dataTransfer:[25434] validPackets:[942] invalidPackets:[0] serverReceive:[942(True)] clientReceive:[0] unknownReceive:[0]
21-48-43-984 - [PaintedTargetUpdate - PacketError] - Ai not found, is marked:False, has root:True: False - 
21-48-43-984 - [PaintedTargetUpdate - PacketError] - Ai not found, is marked:False, has root:True: False - 
21-48-44-501 - [PaintedTargetUpdate - PacketError] - Ai not found, is marked:False, has root:True: False - 
21-48-44-501 - [PaintedTargetUpdate - PacketError] - Ai not found, is marked:False, has root:True: False - 
21-48-58-501 - (NINFO) - <OverRidesUpdate> packets:[11] dataTransfer:[418] validPackets:[11] invalidPackets:[0] serverReceive:[11(True)] clientReceive:[0] unknownReceive:[0]
21-48-58-501 - (NINFO) - <PaintedTargetUpdate> packets:[2] dataTransfer:[88] validPackets:[0] invalidPackets:[2] serverReceive:[2(True)] clientReceive:[0] unknownReceive:[0]
21-48-58-501 - (NINFO) - <FocusUpdate> packets:[1] dataTransfer:[36] validPackets:[1] invalidPackets:[0] serverReceive:[1(True)] clientReceive:[0] unknownReceive:[0]
21-48-58-501 - (NINFO) - <ReticleUpdate> packets:[111] dataTransfer:[2886] validPackets:[111] invalidPackets:[0] serverReceive:[111(True)] clientReceive:[0] unknownReceive:[0]
21-48-58-501 - (NINFO) - <ClientAiAdd> packets:[6] dataTransfer:[132] validPackets:[6] invalidPackets:[0] serverReceive:[6(True)] clientReceive:[0] unknownReceive:[0]
21-48-58-501 - (NINFO) - <ReleaseActiveUpdate> packets:[11] dataTransfer:[308] validPackets:[11] invalidPackets:[0] serverReceive:[11(True)] clientReceive:[0] unknownReceive:[0]
21-48-58-501 - (NINFO) - <FixedWeaponHitEvent> packets:[25] dataTransfer:[2700] validPackets:[25] invalidPackets:[0] serverReceive:[25(True)] clientReceive:[0] unknownReceive:[0]
21-48-58-501 - (NINFO) - <TerminalMonitor> packets:[110] dataTransfer:[2970] validPackets:[110] invalidPackets:[0] serverReceive:[110(True)] clientReceive:[0] unknownReceive:[0]
21-48-58-501 - (NINFO) - <ShootSync> packets:[58] dataTransfer:[1856] validPackets:[58] invalidPackets:[0] serverReceive:[58(True)] clientReceive:[0] unknownReceive:[0]
21-48-58-501 - (NINFO) - <ClientReady> packets:[4] dataTransfer:[108] validPackets:[4] invalidPackets:[0] serverReceive:[4(True)] clientReceive:[0] unknownReceive:[0]
21-49-58-503 - (NINFO) - <TerminalMonitor> packets:[40312] dataTransfer:[1088424] validPackets:[40312] invalidPackets:[0] serverReceive:[40312(True)] clientReceive:[0] unknownReceive:[0]
21-49-58-503 - (NINFO) - <ShootSync> packets:[9] dataTransfer:[291] validPackets:[9] invalidPackets:[0] serverReceive:[9(True)] clientReceive:[0] unknownReceive:[0]
21-50-58-502 - (NINFO) - <OverRidesUpdate> packets:[5] dataTransfer:[190] validPackets:[5] invalidPackets:[0] serverReceive:[5(True)] clientReceive:[0] unknownReceive:[0]
21-50-58-502 - (NINFO) - <FocusUpdate> packets:[6] dataTransfer:[216] validPackets:[6] invalidPackets:[0] serverReceive:[6(True)] clientReceive:[0] unknownReceive:[0]
21-50-58-502 - (NINFO) - <ReticleUpdate> packets:[21] dataTransfer:[546] validPackets:[21] invalidPackets:[0] serverReceive:[21(True)] clientReceive:[0] unknownReceive:[0]
21-50-58-502 - (NINFO) - <FixedWeaponHitEvent> packets:[95] dataTransfer:[10260] validPackets:[95] invalidPackets:[0] serverReceive:[95(True)] clientReceive:[0] unknownReceive:[0]
21-50-58-502 - (NINFO) - <TerminalMonitor> packets:[16856] dataTransfer:[455112] validPackets:[16856] invalidPackets:[0] serverReceive:[16856(True)] clientReceive:[0] unknownReceive:[0]
21-50-58-502 - (NINFO) - <ShootSync> packets:[250] dataTransfer:[8000] validPackets:[250] invalidPackets:[0] serverReceive:[250(True)] clientReceive:[0] unknownReceive:[0]
21-50-58-502 - (NINFO) - <ClientReady> packets:[15] dataTransfer:[405] validPackets:[15] invalidPackets:[0] serverReceive:[15(True)] clientReceive:[0] unknownReceive:[0]
21-51-58-601 - (NINFO) - <ReticleUpdate> packets:[98] dataTransfer:[2548] validPackets:[98] invalidPackets:[0] serverReceive:[98(True)] clientReceive:[0] unknownReceive:[0]
21-51-58-601 - (NINFO) - <ReleaseActiveUpdate> packets:[2] dataTransfer:[56] validPackets:[2] invalidPackets:[0] serverReceive:[2(True)] clientReceive:[0] unknownReceive:[0]
21-51-58-601 - (NINFO) - <FixedWeaponHitEvent> packets:[20] dataTransfer:[2164] validPackets:[20] invalidPackets:[0] serverReceive:[20(True)] clientReceive:[0] unknownReceive:[0]
21-51-58-602 - (NINFO) - <TerminalMonitor> packets:[72] dataTransfer:[1944] validPackets:[72] invalidPackets:[0] serverReceive:[72(True)] clientReceive:[0] unknownReceive:[0]
21-51-58-602 - (NINFO) - <ShootSync> packets:[36] dataTransfer:[1152] validPackets:[36] invalidPackets:[0] serverReceive:[36(True)] clientReceive:[0] unknownReceive:[0]
21-51-58-602 - (NINFO) - <ClientReady> packets:[6] dataTransfer:[162] validPackets:[6] invalidPackets:[0] serverReceive:[6(True)] clientReceive:[0] unknownReceive:[0]
21-52-58-602 - (NINFO) - <OverRidesUpdate> packets:[2] dataTransfer:[76] validPackets:[2] invalidPackets:[0] serverReceive:[2(True)] clientReceive:[0] unknownReceive:[0]
21-52-58-602 - (NINFO) - <FocusUpdate> packets:[4] dataTransfer:[144] validPackets:[4] invalidPackets:[0] serverReceive:[4(True)] clientReceive:[0] unknownReceive:[0]
21-52-58-602 - (NINFO) - <ReticleUpdate> packets:[102] dataTransfer:[2652] validPackets:[102] invalidPackets:[0] serverReceive:[102(True)] clientReceive:[0] unknownReceive:[0]
21-52-58-602 - (NINFO) - <ClientAiAdd> packets:[2] dataTransfer:[44] validPackets:[2] invalidPackets:[0] serverReceive:[2(True)] clientReceive:[0] unknownReceive:[0]
21-52-58-602 - (NINFO) - <ClientAiRemove> packets:[2] dataTransfer:[44] validPackets:[2] invalidPackets:[0] serverReceive:[2(True)] clientReceive:[0] unknownReceive:[0]
21-52-58-602 - (NINFO) - <ReleaseActiveUpdate> packets:[2] dataTransfer:[56] validPackets:[2] invalidPackets:[0] serverReceive:[2(True)] clientReceive:[0] unknownReceive:[0]
21-52-58-602 - (NINFO) - <FixedWeaponHitEvent> packets:[198] dataTransfer:[21384] validPackets:[198] invalidPackets:[0] serverReceive:[198(True)] clientReceive:[0] unknownReceive:[0]
21-52-58-602 - (NINFO) - <TerminalMonitor> packets:[9186] dataTransfer:[248022] validPackets:[9186] invalidPackets:[0] serverReceive:[9186(True)] clientReceive:[0] unknownReceive:[0]
21-52-58-602 - (NINFO) - <ShootSync> packets:[340] dataTransfer:[10878] validPackets:[340] invalidPackets:[0] serverReceive:[340(True)] clientReceive:[0] unknownReceive:[0]
21-52-58-602 - (NINFO) - <ClientReady> packets:[24] dataTransfer:[648] validPackets:[24] invalidPackets:[0] serverReceive:[24(True)] clientReceive:[0] unknownReceive:[0]
21-53-58-602 - (NINFO) - <FocusUpdate> packets:[1] dataTransfer:[36] validPackets:[1] invalidPackets:[0] serverReceive:[1(True)] clientReceive:[0] unknownReceive:[0]
21-53-58-602 - (NINFO) - <ReticleUpdate> packets:[63] dataTransfer:[1638] validPackets:[63] invalidPackets:[0] serverReceive:[63(True)] clientReceive:[0] unknownReceive:[0]
21-53-58-602 - (NINFO) - <ClientAiAdd> packets:[8] dataTransfer:[176] validPackets:[8] invalidPackets:[0] serverReceive:[8(True)] clientReceive:[0] unknownReceive:[0]
21-53-58-602 - (NINFO) - <ClientAiRemove> packets:[6] dataTransfer:[132] validPackets:[6] invalidPackets:[0] serverReceive:[6(True)] clientReceive:[0] unknownReceive:[0]
21-53-58-602 - (NINFO) - <FixedWeaponHitEvent> packets:[104] dataTransfer:[11232] validPackets:[104] invalidPackets:[0] serverReceive:[104(True)] clientReceive:[0] unknownReceive:[0]
21-53-58-602 - (NINFO) - <TerminalMonitor> packets:[13026] dataTransfer:[351702] validPackets:[13026] invalidPackets:[0] serverReceive:[13026(True)] clientReceive:[0] unknownReceive:[0]
21-53-58-602 - (NINFO) - <ShootSync> packets:[391] dataTransfer:[12507] validPackets:[391] invalidPackets:[0] serverReceive:[391(True)] clientReceive:[0] unknownReceive:[0]
21-53-58-602 - (NINFO) - <ClientReady> packets:[16] dataTransfer:[432] validPackets:[16] invalidPackets:[0] serverReceive:[16(True)] clientReceive:[0] unknownReceive:[0]
21-54-58-695 - (NINFO) - <PaintedTargetUpdate> packets:[2] dataTransfer:[104] validPackets:[2] invalidPackets:[0] serverReceive:[2(True)] clientReceive:[0] unknownReceive:[0]
21-54-58-695 - (NINFO) - <FocusUpdate> packets:[2] dataTransfer:[72] validPackets:[2] invalidPackets:[0] serverReceive:[2(True)] clientReceive:[0] unknownReceive:[0]
21-54-58-695 - (NINFO) - <ReticleUpdate> packets:[66] dataTransfer:[1716] validPackets:[66] invalidPackets:[0] serverReceive:[66(True)] clientReceive:[0] unknownReceive:[0]
21-54-58-696 - (NINFO) - <ClientAiAdd> packets:[4] dataTransfer:[88] validPackets:[4] invalidPackets:[0] serverReceive:[4(True)] clientReceive:[0] unknownReceive:[0]
21-54-58-696 - (NINFO) - <ClientAiRemove> packets:[4] dataTransfer:[88] validPackets:[4] invalidPackets:[0] serverReceive:[4(True)] clientReceive:[0] unknownReceive:[0]
21-54-58-696 - (NINFO) - <FixedWeaponHitEvent> packets:[115] dataTransfer:[12420] validPackets:[115] invalidPackets:[0] serverReceive:[115(True)] clientReceive:[0] unknownReceive:[0]
21-54-58-696 - (NINFO) - <TerminalMonitor> packets:[20636] dataTransfer:[557172] validPackets:[20636] invalidPackets:[0] serverReceive:[20636(True)] clientReceive:[0] unknownReceive:[0]
21-54-58-696 - (NINFO) - <ShootSync> packets:[446] dataTransfer:[14270] validPackets:[446] invalidPackets:[0] serverReceive:[446(True)] clientReceive:[0] unknownReceive:[0]
21-54-58-696 - (NINFO) - <ClientReady> packets:[20] dataTransfer:[540] validPackets:[20] invalidPackets:[0] serverReceive:[20(True)] clientReceive:[0] unknownReceive:[0]
21-55-58-696 - (NINFO) - <ReticleUpdate> packets:[24] dataTransfer:[624] validPackets:[24] invalidPackets:[0] serverReceive:[24(True)] clientReceive:[0] unknownReceive:[0]
21-55-58-696 - (NINFO) - <ClientAiRemove> packets:[2] dataTransfer:[44] validPackets:[2] invalidPackets:[0] serverReceive:[2(True)] clientReceive:[0] unknownReceive:[0]
21-55-58-696 - (NINFO) - <FixedWeaponHitEvent> packets:[18] dataTransfer:[1944] validPackets:[18] invalidPackets:[0] serverReceive:[18(True)] clientReceive:[0] unknownReceive:[0]
21-55-58-697 - (NINFO) - <TerminalMonitor> packets:[22452] dataTransfer:[606204] validPackets:[22452] invalidPackets:[0] serverReceive:[22452(True)] clientReceive:[0] unknownReceive:[0]
21-55-58-697 - (NINFO) - <ShootSync> packets:[426] dataTransfer:[13636] validPackets:[426] invalidPackets:[0] serverReceive:[426(True)] clientReceive:[0] unknownReceive:[0]
21-55-58-697 - (NINFO) - <ClientReady> packets:[21] dataTransfer:[567] validPackets:[21] invalidPackets:[0] serverReceive:[21(True)] clientReceive:[0] unknownReceive:[0]
21-56-58-695 - (NINFO) - <FocusUpdate> packets:[1] dataTransfer:[36] validPackets:[1] invalidPackets:[0] serverReceive:[1(True)] clientReceive:[0] unknownReceive:[0]
21-56-58-695 - (NINFO) - <ReticleUpdate> packets:[72] dataTransfer:[1872] validPackets:[72] invalidPackets:[0] serverReceive:[72(True)] clientReceive:[0] unknownReceive:[0]
21-56-58-695 - (NINFO) - <ClientAiAdd> packets:[2] dataTransfer:[44] validPackets:[2] invalidPackets:[0] serverReceive:[2(True)] clientReceive:[0] unknownReceive:[0]
21-56-58-695 - (NINFO) - <FixedWeaponHitEvent> packets:[117] dataTransfer:[12636] validPackets:[117] invalidPackets:[0] serverReceive:[117(True)] clientReceive:[0] unknownReceive:[0]
21-56-58-695 - (NINFO) - <TerminalMonitor> packets:[12702] dataTransfer:[342954] validPackets:[12702] invalidPackets:[0] serverReceive:[12702(True)] clientReceive:[0] unknownReceive:[0]
21-56-58-695 - (NINFO) - <ShootSync> packets:[439] dataTransfer:[14045] validPackets:[439] invalidPackets:[0] serverReceive:[439(True)] clientReceive:[0] unknownReceive:[0]
21-56-58-695 - (NINFO) - <ClientReady> packets:[18] dataTransfer:[486] validPackets:[18] invalidPackets:[0] serverReceive:[18(True)] clientReceive:[0] unknownReceive:[0]
21-57-58-695 - (NINFO) - <OverRidesUpdate> packets:[24] dataTransfer:[945] validPackets:[24] invalidPackets:[0] serverReceive:[24(True)] clientReceive:[0] unknownReceive:[0]
21-57-58-695 - (NINFO) - <PaintedTargetUpdate> packets:[1] dataTransfer:[52] validPackets:[1] invalidPackets:[0] serverReceive:[1(True)] clientReceive:[0] unknownReceive:[0]
21-57-58-695 - (NINFO) - <FocusUpdate> packets:[34] dataTransfer:[1224] validPackets:[34] invalidPackets:[0] serverReceive:[34(True)] clientReceive:[0] unknownReceive:[0]
21-57-58-695 - (NINFO) - <ReticleUpdate> packets:[49] dataTransfer:[1274] validPackets:[49] invalidPackets:[0] serverReceive:[49(True)] clientReceive:[0] unknownReceive:[0]
21-57-58-695 - (NINFO) - <ClientAiRemove> packets:[2] dataTransfer:[44] validPackets:[2] invalidPackets:[0] serverReceive:[2(True)] clientReceive:[0] unknownReceive:[0]
21-57-58-695 - (NINFO) - <TerminalMonitor> packets:[15000] dataTransfer:[405000] validPackets:[15000] invalidPackets:[0] serverReceive:[15000(True)] clientReceive:[0] unknownReceive:[0]
21-57-58-695 - (NINFO) - <ShootSync> packets:[66] dataTransfer:[2110] validPackets:[66] invalidPackets:[0] serverReceive:[66(True)] clientReceive:[0] unknownReceive:[0]
21-57-58-695 - (NINFO) - <ClientReady> packets:[2] dataTransfer:[54] validPackets:[2] invalidPackets:[0] serverReceive:[2(True)] clientReceive:[0] unknownReceive:[0]
21-58-58-695 - (NINFO) - <OverRidesUpdate> packets:[2] dataTransfer:[76] validPackets:[2] invalidPackets:[0] serverReceive:[2(True)] clientReceive:[0] unknownReceive:[0]
21-58-58-695 - (NINFO) - <ActiveControlUpdate> packets:[2] dataTransfer:[52] validPackets:[2] invalidPackets:[0] serverReceive:[2(True)] clientReceive:[0] unknownReceive:[0]
21-58-58-695 - (NINFO) - <FocusUpdate> packets:[32] dataTransfer:[1152] validPackets:[32] invalidPackets:[0] serverReceive:[32(True)] clientReceive:[0] unknownReceive:[0]
21-58-58-695 - (NINFO) - <ReticleUpdate> packets:[67] dataTransfer:[1742] validPackets:[67] invalidPackets:[0] serverReceive:[67(True)] clientReceive:[0] unknownReceive:[0]
21-58-58-695 - (NINFO) - <ClientAiAdd> packets:[4] dataTransfer:[88] validPackets:[4] invalidPackets:[0] serverReceive:[4(True)] clientReceive:[0] unknownReceive:[0]
21-58-58-695 - (NINFO) - <ClientAiRemove> packets:[4] dataTransfer:[88] validPackets:[4] invalidPackets:[0] serverReceive:[4(True)] clientReceive:[0] unknownReceive:[0]
21-58-58-695 - (NINFO) - <ReleaseActiveUpdate> packets:[1] dataTransfer:[28] validPackets:[1] invalidPackets:[0] serverReceive:[1(True)] clientReceive:[0] unknownReceive:[0]
21-58-58-695 - (NINFO) - <FixedWeaponHitEvent> packets:[12] dataTransfer:[1296] validPackets:[12] invalidPackets:[0] serverReceive:[12(True)] clientReceive:[0] unknownReceive:[0]
21-58-58-696 - (NINFO) - <TerminalMonitor> packets:[11056] dataTransfer:[298512] validPackets:[11056] invalidPackets:[0] serverReceive:[11056(True)] clientReceive:[0] unknownReceive:[0]
21-58-58-696 - (NINFO) - <ShootSync> packets:[120] dataTransfer:[3840] validPackets:[120] invalidPackets:[0] serverReceive:[120(True)] clientReceive:[0] unknownReceive:[0]
21-58-58-696 - (NINFO) - <ClientReady> packets:[9] dataTransfer:[243] validPackets:[9] invalidPackets:[0] serverReceive:[9(True)] clientReceive:[0] unknownReceive:[0]
21-59-05-812 - [PaintedTargetUpdate - PacketError] - Ai not found, is marked:False, has root:True: False - 
21-59-05-812 - [PaintedTargetUpdate - PacketError] - Ai not found, is marked:False, has root:True: False - 
21-59-06-262 - [PaintedTargetUpdate - PacketError] - Ai not found, is marked:False, has root:True: False - 
21-59-06-262 - [PaintedTargetUpdate - PacketError] - Ai not found, is marked:False, has root:True: False - 
21-59-30-478 - [PaintedTargetUpdate - PacketError] - Ai not found, is marked:False, has root:True: False - 
21-59-30-478 - [PaintedTargetUpdate - PacketError] - Ai not found, is marked:False, has root:True: False - 
21-59-30-595 - [PaintedTargetUpdate - PacketError] - Ai not found, is marked:False, has root:True: False - 
21-59-30-595 - [PaintedTargetUpdate - PacketError] - Ai not found, is marked:False, has root:True: False - 
21-59-58-696 - (NINFO) - <OverRidesUpdate> packets:[12] dataTransfer:[456] validPackets:[12] invalidPackets:[0] serverReceive:[12(True)] clientReceive:[0] unknownReceive:[0]
21-59-58-696 - (NINFO) - <PaintedTargetUpdate> packets:[4] dataTransfer:[176] validPackets:[0] invalidPackets:[4] serverReceive:[4(True)] clientReceive:[0] unknownReceive:[0]
21-59-58-696 - (NINFO) - <FocusUpdate> packets:[2] dataTransfer:[72] validPackets:[2] invalidPackets:[0] serverReceive:[2(True)] clientReceive:[0] unknownReceive:[0]
21-59-58-696 - (NINFO) - <ReticleUpdate> packets:[137] dataTransfer:[3562] validPackets:[137] invalidPackets:[0] serverReceive:[137(True)] clientReceive:[0] unknownReceive:[0]
21-59-58-696 - (NINFO) - <ReleaseActiveUpdate> packets:[51] dataTransfer:[1428] validPackets:[51] invalidPackets:[0] serverReceive:[51(True)] clientReceive:[0] unknownReceive:[0]
21-59-58-696 - (NINFO) - <FixedWeaponHitEvent> packets:[9] dataTransfer:[972] validPackets:[9] invalidPackets:[0] serverReceive:[9(True)] clientReceive:[0] unknownReceive:[0]
21-59-58-696 - (NINFO) - <TerminalMonitor> packets:[17124] dataTransfer:[462348] validPackets:[17124] invalidPackets:[0] serverReceive:[17124(True)] clientReceive:[0] unknownReceive:[0]
21-59-58-696 - (NINFO) - <ShootSync> packets:[101] dataTransfer:[3231] validPackets:[101] invalidPackets:[0] serverReceive:[101(True)] clientReceive:[0] unknownReceive:[0]
21-59-58-696 - (NINFO) - <ClientReady> packets:[8] dataTransfer:[216] validPackets:[8] invalidPackets:[0] serverReceive:[8(True)] clientReceive:[0] unknownReceive:[0]
22-00-58-696 - (NINFO) - <OverRidesUpdate> packets:[4] dataTransfer:[152] validPackets:[4] invalidPackets:[0] serverReceive:[4(True)] clientReceive:[0] unknownReceive:[0]
22-00-58-696 - (NINFO) - <FocusUpdate> packets:[50] dataTransfer:[1800] validPackets:[50] invalidPackets:[0] serverReceive:[50(True)] clientReceive:[0] unknownReceive:[0]
22-00-58-696 - (NINFO) - <ReticleUpdate> packets:[79] dataTransfer:[2054] validPackets:[79] invalidPackets:[0] serverReceive:[79(True)] clientReceive:[0] unknownReceive:[0]
22-00-58-696 - (NINFO) - <ReleaseActiveUpdate> packets:[8] dataTransfer:[224] validPackets:[8] invalidPackets:[0] serverReceive:[8(True)] clientReceive:[0] unknownReceive:[0]
22-00-58-696 - (NINFO) - <FixedWeaponHitEvent> packets:[24] dataTransfer:[2592] validPackets:[24] invalidPackets:[0] serverReceive:[24(True)] clientReceive:[0] unknownReceive:[0]
22-00-58-696 - (NINFO) - <TerminalMonitor> packets:[200] dataTransfer:[5400] validPackets:[200] invalidPackets:[0] serverReceive:[200(True)] clientReceive:[0] unknownReceive:[0]
22-00-58-696 - (NINFO) - <ShootSync> packets:[101] dataTransfer:[3233] validPackets:[101] invalidPackets:[0] serverReceive:[101(True)] clientReceive:[0] unknownReceive:[0]
22-00-58-696 - (NINFO) - <ClientReady> packets:[6] dataTransfer:[162] validPackets:[6] invalidPackets:[0] serverReceive:[6(True)] clientReceive:[0] unknownReceive:[0]
22-01-58-696 - (NINFO) - <FocusUpdate> packets:[3] dataTransfer:[108] validPackets:[3] invalidPackets:[0] serverReceive:[3(True)] clientReceive:[0] unknownReceive:[0]
22-01-58-696 - (NINFO) - <ReticleUpdate> packets:[90] dataTransfer:[2340] validPackets:[90] invalidPackets:[0] serverReceive:[90(True)] clientReceive:[0] unknownReceive:[0]
22-01-58-696 - (NINFO) - <ClientAiAdd> packets:[6] dataTransfer:[132] validPackets:[6] invalidPackets:[0] serverReceive:[6(True)] clientReceive:[0] unknownReceive:[0]
22-01-58-696 - (NINFO) - <FixedWeaponHitEvent> packets:[15] dataTransfer:[1620] validPackets:[15] invalidPackets:[0] serverReceive:[15(True)] clientReceive:[0] unknownReceive:[0]
22-01-58-697 - (NINFO) - <TerminalMonitor> packets:[18360] dataTransfer:[495720] validPackets:[18360] invalidPackets:[0] serverReceive:[18360(True)] clientReceive:[0] unknownReceive:[0]
22-01-58-697 - (NINFO) - <ShootSync> packets:[60] dataTransfer:[1920] validPackets:[60] invalidPackets:[0] serverReceive:[60(True)] clientReceive:[0] unknownReceive:[0]
22-01-58-697 - (NINFO) - <ClientReady> packets:[4] dataTransfer:[108] validPackets:[4] invalidPackets:[0] serverReceive:[4(True)] clientReceive:[0] unknownReceive:[0]
22-02-58-696 - (NINFO) - <ActiveControlUpdate> packets:[1] dataTransfer:[26] validPackets:[1] invalidPackets:[0] serverReceive:[1(True)] clientReceive:[0] unknownReceive:[0]
22-02-58-696 - (NINFO) - <ClientAiAdd> packets:[16] dataTransfer:[352] validPackets:[16] invalidPackets:[0] serverReceive:[16(True)] clientReceive:[0] unknownReceive:[0]
22-02-58-696 - (NINFO) - <ClientAiRemove> packets:[22] dataTransfer:[484] validPackets:[22] invalidPackets:[0] serverReceive:[22(True)] clientReceive:[0] unknownReceive:[0]
22-02-58-696 - (NINFO) - <ReleaseActiveUpdate> packets:[1] dataTransfer:[28] validPackets:[1] invalidPackets:[0] serverReceive:[1(True)] clientReceive:[0] unknownReceive:[0]
22-02-58-696 - (NINFO) - <TerminalMonitor> packets:[630] dataTransfer:[17010] validPackets:[630] invalidPackets:[0] serverReceive:[630(True)] clientReceive:[0] unknownReceive:[0]
22-03-58-900 - (NINFO) - <OverRidesUpdate> packets:[1] dataTransfer:[38] validPackets:[1] invalidPackets:[0] serverReceive:[1(True)] clientReceive:[0] unknownReceive:[0]
22-03-58-900 - (NINFO) - <ReticleUpdate> packets:[7] dataTransfer:[182] validPackets:[7] invalidPackets:[0] serverReceive:[7(True)] clientReceive:[0] unknownReceive:[0]
22-03-58-900 - (NINFO) - <FixedWeaponHitEvent> packets:[15] dataTransfer:[1632] validPackets:[15] invalidPackets:[0] serverReceive:[15(True)] clientReceive:[0] unknownReceive:[0]
22-03-58-900 - (NINFO) - <TerminalMonitor> packets:[16] dataTransfer:[432] validPackets:[16] invalidPackets:[0] serverReceive:[16(True)] clientReceive:[0] unknownReceive:[0]
22-03-58-900 - (NINFO) - <ShootSync> packets:[16] dataTransfer:[512] validPackets:[16] invalidPackets:[0] serverReceive:[16(True)] clientReceive:[0] unknownReceive:[0]
22-03-58-900 - (NINFO) - <ClientReady> packets:[3] dataTransfer:[81] validPackets:[3] invalidPackets:[0] serverReceive:[3(True)] clientReceive:[0] unknownReceive:[0]
22-04-59-100 - (NINFO) - <ReticleUpdate> packets:[168] dataTransfer:[4368] validPackets:[168] invalidPackets:[0] serverReceive:[168(True)] clientReceive:[0] unknownReceive:[0]
22-04-59-100 - (NINFO) - <ClientAiAdd> packets:[8] dataTransfer:[176] validPackets:[8] invalidPackets:[0] serverReceive:[8(True)] clientReceive:[0] unknownReceive:[0]
22-05-59-289 - (NINFO) - <ReticleUpdate> packets:[32] dataTransfer:[832] validPackets:[32] invalidPackets:[0] serverReceive:[32(True)] clientReceive:[0] unknownReceive:[0]
22-05-59-289 - (NINFO) - <ClientAiAdd> packets:[1] dataTransfer:[22] validPackets:[1] invalidPackets:[0] serverReceive:[1(True)] clientReceive:[0] unknownReceive:[0]
22-05-59-289 - (NINFO) - <ClientAiRemove> packets:[1] dataTransfer:[22] validPackets:[1] invalidPackets:[0] serverReceive:[1(True)] clientReceive:[0] unknownReceive:[0]
22-05-59-289 - (NINFO) - <TerminalMonitor> packets:[7236] dataTransfer:[195372] validPackets:[7236] invalidPackets:[0] serverReceive:[7236(True)] clientReceive:[0] unknownReceive:[0]
22-06-59-290 - (NINFO) - <TerminalMonitor> packets:[1692] dataTransfer:[45684] validPackets:[1692] invalidPackets:[0] serverReceive:[1692(True)] clientReceive:[0] unknownReceive:[0]
22-07-59-289 - (NINFO) - <ReticleUpdate> packets:[32] dataTransfer:[832] validPackets:[32] invalidPackets:[0] serverReceive:[32(True)] clientReceive:[0] unknownReceive:[0]
22-07-59-289 - (NINFO) - <ClientAiAdd> packets:[3] dataTransfer:[66] validPackets:[3] invalidPackets:[0] serverReceive:[3(True)] clientReceive:[0] unknownReceive:[0]
22-07-59-289 - (NINFO) - <ClientAiRemove> packets:[2] dataTransfer:[44] validPackets:[2] invalidPackets:[0] serverReceive:[2(True)] clientReceive:[0] unknownReceive:[0]
